[2023-07-05T21:16:51.163+0000] {processor.py:157} INFO - Started process (PID=52) to work on /home/airflow/.local/lib/python3.7/site-packages/airflow/example_dags/example_bash_operator.py
[2023-07-05T21:16:51.171+0000] {processor.py:826} INFO - Processing file /home/airflow/.local/lib/python3.7/site-packages/airflow/example_dags/example_bash_operator.py for tasks to queue
[2023-07-05T21:16:51.175+0000] {logging_mixin.py:149} INFO - [2023-07-05T21:16:51.175+0000] {dagbag.py:541} INFO - Filling up the DagBag from /home/airflow/.local/lib/python3.7/site-packages/airflow/example_dags/example_bash_operator.py
[2023-07-05T21:16:51.196+0000] {processor.py:836} INFO - DAG(s) dict_keys(['example_bash_operator']) retrieved from /home/airflow/.local/lib/python3.7/site-packages/airflow/example_dags/example_bash_operator.py
[2023-07-05T21:16:51.233+0000] {logging_mixin.py:149} INFO - [2023-07-05T21:16:51.233+0000] {dag.py:2726} INFO - Sync 1 DAGs
[2023-07-05T21:16:51.295+0000] {logging_mixin.py:149} INFO - [2023-07-05T21:16:51.295+0000] {dag.py:3490} INFO - Setting next_dagrun for example_bash_operator to 2023-07-04T00:00:00+00:00, run_after=2023-07-05T00:00:00+00:00
[2023-07-05T21:16:51.321+0000] {processor.py:179} INFO - Processing /home/airflow/.local/lib/python3.7/site-packages/airflow/example_dags/example_bash_operator.py took 0.169 seconds
[2023-07-05T21:17:22.315+0000] {processor.py:157} INFO - Started process (PID=110) to work on /home/airflow/.local/lib/python3.7/site-packages/airflow/example_dags/example_bash_operator.py
[2023-07-05T21:17:22.319+0000] {processor.py:826} INFO - Processing file /home/airflow/.local/lib/python3.7/site-packages/airflow/example_dags/example_bash_operator.py for tasks to queue
[2023-07-05T21:17:22.321+0000] {logging_mixin.py:149} INFO - [2023-07-05T21:17:22.321+0000] {dagbag.py:541} INFO - Filling up the DagBag from /home/airflow/.local/lib/python3.7/site-packages/airflow/example_dags/example_bash_operator.py
[2023-07-05T21:17:22.335+0000] {processor.py:836} INFO - DAG(s) dict_keys(['example_bash_operator']) retrieved from /home/airflow/.local/lib/python3.7/site-packages/airflow/example_dags/example_bash_operator.py
[2023-07-05T21:17:22.352+0000] {logging_mixin.py:149} INFO - [2023-07-05T21:17:22.352+0000] {dag.py:2726} INFO - Sync 1 DAGs
[2023-07-05T21:17:22.372+0000] {logging_mixin.py:149} INFO - [2023-07-05T21:17:22.372+0000] {dag.py:3490} INFO - Setting next_dagrun for example_bash_operator to 2023-07-04T00:00:00+00:00, run_after=2023-07-05T00:00:00+00:00
[2023-07-05T21:17:22.387+0000] {processor.py:179} INFO - Processing /home/airflow/.local/lib/python3.7/site-packages/airflow/example_dags/example_bash_operator.py took 0.077 seconds
[2023-07-05T21:17:52.473+0000] {processor.py:157} INFO - Started process (PID=168) to work on /home/airflow/.local/lib/python3.7/site-packages/airflow/example_dags/example_bash_operator.py
[2023-07-05T21:17:52.475+0000] {processor.py:826} INFO - Processing file /home/airflow/.local/lib/python3.7/site-packages/airflow/example_dags/example_bash_operator.py for tasks to queue
[2023-07-05T21:17:52.477+0000] {logging_mixin.py:149} INFO - [2023-07-05T21:17:52.477+0000] {dagbag.py:541} INFO - Filling up the DagBag from /home/airflow/.local/lib/python3.7/site-packages/airflow/example_dags/example_bash_operator.py
[2023-07-05T21:17:52.492+0000] {processor.py:836} INFO - DAG(s) dict_keys(['example_bash_operator']) retrieved from /home/airflow/.local/lib/python3.7/site-packages/airflow/example_dags/example_bash_operator.py
[2023-07-05T21:17:52.523+0000] {logging_mixin.py:149} INFO - [2023-07-05T21:17:52.523+0000] {dag.py:2726} INFO - Sync 1 DAGs
[2023-07-05T21:17:52.543+0000] {logging_mixin.py:149} INFO - [2023-07-05T21:17:52.543+0000] {dag.py:3490} INFO - Setting next_dagrun for example_bash_operator to 2023-07-04T00:00:00+00:00, run_after=2023-07-05T00:00:00+00:00
[2023-07-05T21:17:52.558+0000] {processor.py:179} INFO - Processing /home/airflow/.local/lib/python3.7/site-packages/airflow/example_dags/example_bash_operator.py took 0.089 seconds
[2023-07-05T21:18:22.871+0000] {processor.py:157} INFO - Started process (PID=226) to work on /home/airflow/.local/lib/python3.7/site-packages/airflow/example_dags/example_bash_operator.py
[2023-07-05T21:18:22.874+0000] {processor.py:826} INFO - Processing file /home/airflow/.local/lib/python3.7/site-packages/airflow/example_dags/example_bash_operator.py for tasks to queue
[2023-07-05T21:18:22.875+0000] {logging_mixin.py:149} INFO - [2023-07-05T21:18:22.875+0000] {dagbag.py:541} INFO - Filling up the DagBag from /home/airflow/.local/lib/python3.7/site-packages/airflow/example_dags/example_bash_operator.py
[2023-07-05T21:18:22.887+0000] {processor.py:836} INFO - DAG(s) dict_keys(['example_bash_operator']) retrieved from /home/airflow/.local/lib/python3.7/site-packages/airflow/example_dags/example_bash_operator.py
[2023-07-05T21:18:22.919+0000] {logging_mixin.py:149} INFO - [2023-07-05T21:18:22.919+0000] {dag.py:2726} INFO - Sync 1 DAGs
[2023-07-05T21:18:22.939+0000] {logging_mixin.py:149} INFO - [2023-07-05T21:18:22.939+0000] {dag.py:3490} INFO - Setting next_dagrun for example_bash_operator to 2023-07-04T00:00:00+00:00, run_after=2023-07-05T00:00:00+00:00
[2023-07-05T21:18:22.952+0000] {processor.py:179} INFO - Processing /home/airflow/.local/lib/python3.7/site-packages/airflow/example_dags/example_bash_operator.py took 0.084 seconds
[2023-07-05T21:25:43.324+0000] {processor.py:157} INFO - Started process (PID=55) to work on /home/airflow/.local/lib/python3.7/site-packages/airflow/example_dags/example_bash_operator.py
[2023-07-05T21:25:43.327+0000] {processor.py:826} INFO - Processing file /home/airflow/.local/lib/python3.7/site-packages/airflow/example_dags/example_bash_operator.py for tasks to queue
[2023-07-05T21:25:43.328+0000] {logging_mixin.py:149} INFO - [2023-07-05T21:25:43.328+0000] {dagbag.py:541} INFO - Filling up the DagBag from /home/airflow/.local/lib/python3.7/site-packages/airflow/example_dags/example_bash_operator.py
[2023-07-05T21:25:43.341+0000] {processor.py:836} INFO - DAG(s) dict_keys(['example_bash_operator']) retrieved from /home/airflow/.local/lib/python3.7/site-packages/airflow/example_dags/example_bash_operator.py
[2023-07-05T21:25:43.361+0000] {logging_mixin.py:149} INFO - [2023-07-05T21:25:43.361+0000] {dag.py:2726} INFO - Sync 1 DAGs
[2023-07-05T21:25:43.397+0000] {logging_mixin.py:149} INFO - [2023-07-05T21:25:43.397+0000] {dag.py:3490} INFO - Setting next_dagrun for example_bash_operator to 2023-07-04T00:00:00+00:00, run_after=2023-07-05T00:00:00+00:00
[2023-07-05T21:25:43.425+0000] {processor.py:179} INFO - Processing /home/airflow/.local/lib/python3.7/site-packages/airflow/example_dags/example_bash_operator.py took 0.105 seconds
[2023-07-05T21:26:14.100+0000] {processor.py:157} INFO - Started process (PID=113) to work on /home/airflow/.local/lib/python3.7/site-packages/airflow/example_dags/example_bash_operator.py
[2023-07-05T21:26:14.103+0000] {processor.py:826} INFO - Processing file /home/airflow/.local/lib/python3.7/site-packages/airflow/example_dags/example_bash_operator.py for tasks to queue
[2023-07-05T21:26:14.104+0000] {logging_mixin.py:149} INFO - [2023-07-05T21:26:14.104+0000] {dagbag.py:541} INFO - Filling up the DagBag from /home/airflow/.local/lib/python3.7/site-packages/airflow/example_dags/example_bash_operator.py
[2023-07-05T21:26:14.115+0000] {processor.py:836} INFO - DAG(s) dict_keys(['example_bash_operator']) retrieved from /home/airflow/.local/lib/python3.7/site-packages/airflow/example_dags/example_bash_operator.py
[2023-07-05T21:26:14.146+0000] {logging_mixin.py:149} INFO - [2023-07-05T21:26:14.146+0000] {dag.py:2726} INFO - Sync 1 DAGs
[2023-07-05T21:26:14.168+0000] {logging_mixin.py:149} INFO - [2023-07-05T21:26:14.168+0000] {dag.py:3490} INFO - Setting next_dagrun for example_bash_operator to 2023-07-04T00:00:00+00:00, run_after=2023-07-05T00:00:00+00:00
[2023-07-05T21:26:14.184+0000] {processor.py:179} INFO - Processing /home/airflow/.local/lib/python3.7/site-packages/airflow/example_dags/example_bash_operator.py took 0.087 seconds
[2023-07-05T21:26:44.783+0000] {processor.py:157} INFO - Started process (PID=171) to work on /home/airflow/.local/lib/python3.7/site-packages/airflow/example_dags/example_bash_operator.py
[2023-07-05T21:26:44.786+0000] {processor.py:826} INFO - Processing file /home/airflow/.local/lib/python3.7/site-packages/airflow/example_dags/example_bash_operator.py for tasks to queue
[2023-07-05T21:26:44.787+0000] {logging_mixin.py:149} INFO - [2023-07-05T21:26:44.787+0000] {dagbag.py:541} INFO - Filling up the DagBag from /home/airflow/.local/lib/python3.7/site-packages/airflow/example_dags/example_bash_operator.py
[2023-07-05T21:26:44.799+0000] {processor.py:836} INFO - DAG(s) dict_keys(['example_bash_operator']) retrieved from /home/airflow/.local/lib/python3.7/site-packages/airflow/example_dags/example_bash_operator.py
[2023-07-05T21:26:44.842+0000] {logging_mixin.py:149} INFO - [2023-07-05T21:26:44.842+0000] {dag.py:2726} INFO - Sync 1 DAGs
[2023-07-05T21:26:44.868+0000] {logging_mixin.py:149} INFO - [2023-07-05T21:26:44.868+0000] {dag.py:3490} INFO - Setting next_dagrun for example_bash_operator to 2023-07-04T00:00:00+00:00, run_after=2023-07-05T00:00:00+00:00
[2023-07-05T21:26:44.889+0000] {processor.py:179} INFO - Processing /home/airflow/.local/lib/python3.7/site-packages/airflow/example_dags/example_bash_operator.py took 0.110 seconds
