[2023-07-05T21:16:51.237+0000] {processor.py:157} INFO - Started process (PID=53) to work on /home/airflow/.local/lib/python3.7/site-packages/airflow/example_dags/example_nested_branch_dag.py
[2023-07-05T21:16:51.254+0000] {processor.py:826} INFO - Processing file /home/airflow/.local/lib/python3.7/site-packages/airflow/example_dags/example_nested_branch_dag.py for tasks to queue
[2023-07-05T21:16:51.257+0000] {logging_mixin.py:149} INFO - [2023-07-05T21:16:51.257+0000] {dagbag.py:541} INFO - Filling up the DagBag from /home/airflow/.local/lib/python3.7/site-packages/airflow/example_dags/example_nested_branch_dag.py
[2023-07-05T21:16:51.283+0000] {processor.py:836} INFO - DAG(s) dict_keys(['example_nested_branch_dag']) retrieved from /home/airflow/.local/lib/python3.7/site-packages/airflow/example_dags/example_nested_branch_dag.py
[2023-07-05T21:16:51.310+0000] {logging_mixin.py:149} INFO - [2023-07-05T21:16:51.310+0000] {dag.py:2726} INFO - Sync 1 DAGs
[2023-07-05T21:16:51.343+0000] {logging_mixin.py:149} INFO - [2023-07-05T21:16:51.343+0000] {dag.py:3490} INFO - Setting next_dagrun for example_nested_branch_dag to 2023-07-04T00:00:00+00:00, run_after=2023-07-05T00:00:00+00:00
[2023-07-05T21:16:51.369+0000] {processor.py:179} INFO - Processing /home/airflow/.local/lib/python3.7/site-packages/airflow/example_dags/example_nested_branch_dag.py took 0.149 seconds
[2023-07-05T21:17:22.322+0000] {processor.py:157} INFO - Started process (PID=111) to work on /home/airflow/.local/lib/python3.7/site-packages/airflow/example_dags/example_nested_branch_dag.py
[2023-07-05T21:17:22.324+0000] {processor.py:826} INFO - Processing file /home/airflow/.local/lib/python3.7/site-packages/airflow/example_dags/example_nested_branch_dag.py for tasks to queue
[2023-07-05T21:17:22.326+0000] {logging_mixin.py:149} INFO - [2023-07-05T21:17:22.326+0000] {dagbag.py:541} INFO - Filling up the DagBag from /home/airflow/.local/lib/python3.7/site-packages/airflow/example_dags/example_nested_branch_dag.py
[2023-07-05T21:17:22.335+0000] {processor.py:836} INFO - DAG(s) dict_keys(['example_nested_branch_dag']) retrieved from /home/airflow/.local/lib/python3.7/site-packages/airflow/example_dags/example_nested_branch_dag.py
[2023-07-05T21:17:22.352+0000] {logging_mixin.py:149} INFO - [2023-07-05T21:17:22.352+0000] {dag.py:2726} INFO - Sync 1 DAGs
[2023-07-05T21:17:22.372+0000] {logging_mixin.py:149} INFO - [2023-07-05T21:17:22.372+0000] {dag.py:3490} INFO - Setting next_dagrun for example_nested_branch_dag to 2023-07-04T00:00:00+00:00, run_after=2023-07-05T00:00:00+00:00
[2023-07-05T21:17:22.386+0000] {processor.py:179} INFO - Processing /home/airflow/.local/lib/python3.7/site-packages/airflow/example_dags/example_nested_branch_dag.py took 0.069 seconds
[2023-07-05T21:17:52.477+0000] {processor.py:157} INFO - Started process (PID=169) to work on /home/airflow/.local/lib/python3.7/site-packages/airflow/example_dags/example_nested_branch_dag.py
[2023-07-05T21:17:52.479+0000] {processor.py:826} INFO - Processing file /home/airflow/.local/lib/python3.7/site-packages/airflow/example_dags/example_nested_branch_dag.py for tasks to queue
[2023-07-05T21:17:52.481+0000] {logging_mixin.py:149} INFO - [2023-07-05T21:17:52.481+0000] {dagbag.py:541} INFO - Filling up the DagBag from /home/airflow/.local/lib/python3.7/site-packages/airflow/example_dags/example_nested_branch_dag.py
[2023-07-05T21:17:52.491+0000] {processor.py:836} INFO - DAG(s) dict_keys(['example_nested_branch_dag']) retrieved from /home/airflow/.local/lib/python3.7/site-packages/airflow/example_dags/example_nested_branch_dag.py
[2023-07-05T21:17:52.517+0000] {logging_mixin.py:149} INFO - [2023-07-05T21:17:52.517+0000] {dag.py:2726} INFO - Sync 1 DAGs
[2023-07-05T21:17:52.536+0000] {logging_mixin.py:149} INFO - [2023-07-05T21:17:52.536+0000] {dag.py:3490} INFO - Setting next_dagrun for example_nested_branch_dag to 2023-07-04T00:00:00+00:00, run_after=2023-07-05T00:00:00+00:00
[2023-07-05T21:17:52.550+0000] {processor.py:179} INFO - Processing /home/airflow/.local/lib/python3.7/site-packages/airflow/example_dags/example_nested_branch_dag.py took 0.077 seconds
[2023-07-05T21:18:22.925+0000] {processor.py:157} INFO - Started process (PID=227) to work on /home/airflow/.local/lib/python3.7/site-packages/airflow/example_dags/example_nested_branch_dag.py
[2023-07-05T21:18:22.927+0000] {processor.py:826} INFO - Processing file /home/airflow/.local/lib/python3.7/site-packages/airflow/example_dags/example_nested_branch_dag.py for tasks to queue
[2023-07-05T21:18:22.928+0000] {logging_mixin.py:149} INFO - [2023-07-05T21:18:22.928+0000] {dagbag.py:541} INFO - Filling up the DagBag from /home/airflow/.local/lib/python3.7/site-packages/airflow/example_dags/example_nested_branch_dag.py
[2023-07-05T21:18:22.936+0000] {processor.py:836} INFO - DAG(s) dict_keys(['example_nested_branch_dag']) retrieved from /home/airflow/.local/lib/python3.7/site-packages/airflow/example_dags/example_nested_branch_dag.py
[2023-07-05T21:18:22.960+0000] {logging_mixin.py:149} INFO - [2023-07-05T21:18:22.960+0000] {dag.py:2726} INFO - Sync 1 DAGs
[2023-07-05T21:18:22.980+0000] {logging_mixin.py:149} INFO - [2023-07-05T21:18:22.980+0000] {dag.py:3490} INFO - Setting next_dagrun for example_nested_branch_dag to 2023-07-04T00:00:00+00:00, run_after=2023-07-05T00:00:00+00:00
[2023-07-05T21:18:22.994+0000] {processor.py:179} INFO - Processing /home/airflow/.local/lib/python3.7/site-packages/airflow/example_dags/example_nested_branch_dag.py took 0.072 seconds
[2023-07-05T21:25:43.400+0000] {processor.py:157} INFO - Started process (PID=56) to work on /home/airflow/.local/lib/python3.7/site-packages/airflow/example_dags/example_nested_branch_dag.py
[2023-07-05T21:25:43.403+0000] {processor.py:826} INFO - Processing file /home/airflow/.local/lib/python3.7/site-packages/airflow/example_dags/example_nested_branch_dag.py for tasks to queue
[2023-07-05T21:25:43.404+0000] {logging_mixin.py:149} INFO - [2023-07-05T21:25:43.404+0000] {dagbag.py:541} INFO - Filling up the DagBag from /home/airflow/.local/lib/python3.7/site-packages/airflow/example_dags/example_nested_branch_dag.py
[2023-07-05T21:25:43.415+0000] {processor.py:836} INFO - DAG(s) dict_keys(['example_nested_branch_dag']) retrieved from /home/airflow/.local/lib/python3.7/site-packages/airflow/example_dags/example_nested_branch_dag.py
[2023-07-05T21:25:43.444+0000] {logging_mixin.py:149} INFO - [2023-07-05T21:25:43.444+0000] {dag.py:2726} INFO - Sync 1 DAGs
[2023-07-05T21:25:43.488+0000] {logging_mixin.py:149} INFO - [2023-07-05T21:25:43.488+0000] {dag.py:3490} INFO - Setting next_dagrun for example_nested_branch_dag to 2023-07-04T00:00:00+00:00, run_after=2023-07-05T00:00:00+00:00
[2023-07-05T21:25:43.516+0000] {processor.py:179} INFO - Processing /home/airflow/.local/lib/python3.7/site-packages/airflow/example_dags/example_nested_branch_dag.py took 0.120 seconds
[2023-07-05T21:26:14.206+0000] {processor.py:157} INFO - Started process (PID=114) to work on /home/airflow/.local/lib/python3.7/site-packages/airflow/example_dags/example_nested_branch_dag.py
[2023-07-05T21:26:14.210+0000] {processor.py:826} INFO - Processing file /home/airflow/.local/lib/python3.7/site-packages/airflow/example_dags/example_nested_branch_dag.py for tasks to queue
[2023-07-05T21:26:14.214+0000] {logging_mixin.py:149} INFO - [2023-07-05T21:26:14.213+0000] {dagbag.py:541} INFO - Filling up the DagBag from /home/airflow/.local/lib/python3.7/site-packages/airflow/example_dags/example_nested_branch_dag.py
[2023-07-05T21:26:14.228+0000] {processor.py:836} INFO - DAG(s) dict_keys(['example_nested_branch_dag']) retrieved from /home/airflow/.local/lib/python3.7/site-packages/airflow/example_dags/example_nested_branch_dag.py
[2023-07-05T21:26:14.276+0000] {logging_mixin.py:149} INFO - [2023-07-05T21:26:14.276+0000] {dag.py:2726} INFO - Sync 1 DAGs
[2023-07-05T21:26:14.303+0000] {logging_mixin.py:149} INFO - [2023-07-05T21:26:14.303+0000] {dag.py:3490} INFO - Setting next_dagrun for example_nested_branch_dag to 2023-07-04T00:00:00+00:00, run_after=2023-07-05T00:00:00+00:00
[2023-07-05T21:26:14.335+0000] {processor.py:179} INFO - Processing /home/airflow/.local/lib/python3.7/site-packages/airflow/example_dags/example_nested_branch_dag.py took 0.132 seconds
[2023-07-05T21:26:44.844+0000] {processor.py:157} INFO - Started process (PID=172) to work on /home/airflow/.local/lib/python3.7/site-packages/airflow/example_dags/example_nested_branch_dag.py
[2023-07-05T21:26:44.847+0000] {processor.py:826} INFO - Processing file /home/airflow/.local/lib/python3.7/site-packages/airflow/example_dags/example_nested_branch_dag.py for tasks to queue
[2023-07-05T21:26:44.851+0000] {logging_mixin.py:149} INFO - [2023-07-05T21:26:44.851+0000] {dagbag.py:541} INFO - Filling up the DagBag from /home/airflow/.local/lib/python3.7/site-packages/airflow/example_dags/example_nested_branch_dag.py
[2023-07-05T21:26:44.860+0000] {processor.py:836} INFO - DAG(s) dict_keys(['example_nested_branch_dag']) retrieved from /home/airflow/.local/lib/python3.7/site-packages/airflow/example_dags/example_nested_branch_dag.py
[2023-07-05T21:26:44.893+0000] {logging_mixin.py:149} INFO - [2023-07-05T21:26:44.893+0000] {dag.py:2726} INFO - Sync 1 DAGs
[2023-07-05T21:26:44.972+0000] {logging_mixin.py:149} INFO - [2023-07-05T21:26:44.972+0000] {dag.py:3490} INFO - Setting next_dagrun for example_nested_branch_dag to 2023-07-04T00:00:00+00:00, run_after=2023-07-05T00:00:00+00:00
[2023-07-05T21:26:44.987+0000] {processor.py:179} INFO - Processing /home/airflow/.local/lib/python3.7/site-packages/airflow/example_dags/example_nested_branch_dag.py took 0.147 seconds
