[2023-07-05T21:16:49.120+0000] {processor.py:157} INFO - Started process (PID=32) to work on /home/airflow/.local/lib/python3.7/site-packages/airflow/example_dags/example_branch_operator.py
[2023-07-05T21:16:49.122+0000] {processor.py:826} INFO - Processing file /home/airflow/.local/lib/python3.7/site-packages/airflow/example_dags/example_branch_operator.py for tasks to queue
[2023-07-05T21:16:49.123+0000] {logging_mixin.py:149} INFO - [2023-07-05T21:16:49.123+0000] {dagbag.py:541} INFO - Filling up the DagBag from /home/airflow/.local/lib/python3.7/site-packages/airflow/example_dags/example_branch_operator.py
[2023-07-05T21:16:49.136+0000] {processor.py:836} INFO - DAG(s) dict_keys(['example_branch_operator']) retrieved from /home/airflow/.local/lib/python3.7/site-packages/airflow/example_dags/example_branch_operator.py
[2023-07-05T21:16:49.151+0000] {logging_mixin.py:149} INFO - [2023-07-05T21:16:49.151+0000] {dag.py:2726} INFO - Sync 1 DAGs
[2023-07-05T21:16:49.176+0000] {logging_mixin.py:149} INFO - [2023-07-05T21:16:49.176+0000] {dag.py:3490} INFO - Setting next_dagrun for example_branch_operator to 2023-07-04T00:00:00+00:00, run_after=2023-07-05T00:00:00+00:00
[2023-07-05T21:16:49.193+0000] {processor.py:179} INFO - Processing /home/airflow/.local/lib/python3.7/site-packages/airflow/example_dags/example_branch_operator.py took 0.077 seconds
[2023-07-05T21:17:20.170+0000] {processor.py:157} INFO - Started process (PID=90) to work on /home/airflow/.local/lib/python3.7/site-packages/airflow/example_dags/example_branch_operator.py
[2023-07-05T21:17:20.172+0000] {processor.py:826} INFO - Processing file /home/airflow/.local/lib/python3.7/site-packages/airflow/example_dags/example_branch_operator.py for tasks to queue
[2023-07-05T21:17:20.174+0000] {logging_mixin.py:149} INFO - [2023-07-05T21:17:20.173+0000] {dagbag.py:541} INFO - Filling up the DagBag from /home/airflow/.local/lib/python3.7/site-packages/airflow/example_dags/example_branch_operator.py
[2023-07-05T21:17:20.183+0000] {processor.py:836} INFO - DAG(s) dict_keys(['example_branch_operator']) retrieved from /home/airflow/.local/lib/python3.7/site-packages/airflow/example_dags/example_branch_operator.py
[2023-07-05T21:17:20.199+0000] {logging_mixin.py:149} INFO - [2023-07-05T21:17:20.199+0000] {dag.py:2726} INFO - Sync 1 DAGs
[2023-07-05T21:17:20.222+0000] {logging_mixin.py:149} INFO - [2023-07-05T21:17:20.222+0000] {dag.py:3490} INFO - Setting next_dagrun for example_branch_operator to 2023-07-04T00:00:00+00:00, run_after=2023-07-05T00:00:00+00:00
[2023-07-05T21:17:20.235+0000] {processor.py:179} INFO - Processing /home/airflow/.local/lib/python3.7/site-packages/airflow/example_dags/example_branch_operator.py took 0.070 seconds
[2023-07-05T21:17:50.993+0000] {processor.py:157} INFO - Started process (PID=148) to work on /home/airflow/.local/lib/python3.7/site-packages/airflow/example_dags/example_branch_operator.py
[2023-07-05T21:17:50.996+0000] {processor.py:826} INFO - Processing file /home/airflow/.local/lib/python3.7/site-packages/airflow/example_dags/example_branch_operator.py for tasks to queue
[2023-07-05T21:17:50.997+0000] {logging_mixin.py:149} INFO - [2023-07-05T21:17:50.997+0000] {dagbag.py:541} INFO - Filling up the DagBag from /home/airflow/.local/lib/python3.7/site-packages/airflow/example_dags/example_branch_operator.py
[2023-07-05T21:17:51.006+0000] {processor.py:836} INFO - DAG(s) dict_keys(['example_branch_operator']) retrieved from /home/airflow/.local/lib/python3.7/site-packages/airflow/example_dags/example_branch_operator.py
[2023-07-05T21:17:51.035+0000] {logging_mixin.py:149} INFO - [2023-07-05T21:17:51.035+0000] {dag.py:2726} INFO - Sync 1 DAGs
[2023-07-05T21:17:51.056+0000] {logging_mixin.py:149} INFO - [2023-07-05T21:17:51.056+0000] {dag.py:3490} INFO - Setting next_dagrun for example_branch_operator to 2023-07-04T00:00:00+00:00, run_after=2023-07-05T00:00:00+00:00
[2023-07-05T21:17:51.069+0000] {processor.py:179} INFO - Processing /home/airflow/.local/lib/python3.7/site-packages/airflow/example_dags/example_branch_operator.py took 0.080 seconds
[2023-07-05T21:18:21.664+0000] {processor.py:157} INFO - Started process (PID=206) to work on /home/airflow/.local/lib/python3.7/site-packages/airflow/example_dags/example_branch_operator.py
[2023-07-05T21:18:21.668+0000] {processor.py:826} INFO - Processing file /home/airflow/.local/lib/python3.7/site-packages/airflow/example_dags/example_branch_operator.py for tasks to queue
[2023-07-05T21:18:21.671+0000] {logging_mixin.py:149} INFO - [2023-07-05T21:18:21.671+0000] {dagbag.py:541} INFO - Filling up the DagBag from /home/airflow/.local/lib/python3.7/site-packages/airflow/example_dags/example_branch_operator.py
[2023-07-05T21:18:21.683+0000] {processor.py:836} INFO - DAG(s) dict_keys(['example_branch_operator']) retrieved from /home/airflow/.local/lib/python3.7/site-packages/airflow/example_dags/example_branch_operator.py
[2023-07-05T21:18:21.728+0000] {logging_mixin.py:149} INFO - [2023-07-05T21:18:21.728+0000] {dag.py:2726} INFO - Sync 1 DAGs
[2023-07-05T21:18:21.766+0000] {logging_mixin.py:149} INFO - [2023-07-05T21:18:21.766+0000] {dag.py:3490} INFO - Setting next_dagrun for example_branch_operator to 2023-07-04T00:00:00+00:00, run_after=2023-07-05T00:00:00+00:00
[2023-07-05T21:18:21.780+0000] {processor.py:179} INFO - Processing /home/airflow/.local/lib/python3.7/site-packages/airflow/example_dags/example_branch_operator.py took 0.120 seconds
[2023-07-05T21:25:41.596+0000] {processor.py:157} INFO - Started process (PID=35) to work on /home/airflow/.local/lib/python3.7/site-packages/airflow/example_dags/example_branch_operator.py
[2023-07-05T21:25:41.599+0000] {processor.py:826} INFO - Processing file /home/airflow/.local/lib/python3.7/site-packages/airflow/example_dags/example_branch_operator.py for tasks to queue
[2023-07-05T21:25:41.601+0000] {logging_mixin.py:149} INFO - [2023-07-05T21:25:41.601+0000] {dagbag.py:541} INFO - Filling up the DagBag from /home/airflow/.local/lib/python3.7/site-packages/airflow/example_dags/example_branch_operator.py
[2023-07-05T21:25:41.614+0000] {processor.py:836} INFO - DAG(s) dict_keys(['example_branch_operator']) retrieved from /home/airflow/.local/lib/python3.7/site-packages/airflow/example_dags/example_branch_operator.py
[2023-07-05T21:25:41.635+0000] {logging_mixin.py:149} INFO - [2023-07-05T21:25:41.635+0000] {dag.py:2726} INFO - Sync 1 DAGs
[2023-07-05T21:25:41.657+0000] {logging_mixin.py:149} INFO - [2023-07-05T21:25:41.657+0000] {dag.py:3490} INFO - Setting next_dagrun for example_branch_operator to 2023-07-04T00:00:00+00:00, run_after=2023-07-05T00:00:00+00:00
[2023-07-05T21:25:41.675+0000] {processor.py:179} INFO - Processing /home/airflow/.local/lib/python3.7/site-packages/airflow/example_dags/example_branch_operator.py took 0.082 seconds
[2023-07-05T21:26:12.587+0000] {processor.py:157} INFO - Started process (PID=93) to work on /home/airflow/.local/lib/python3.7/site-packages/airflow/example_dags/example_branch_operator.py
[2023-07-05T21:26:12.593+0000] {processor.py:826} INFO - Processing file /home/airflow/.local/lib/python3.7/site-packages/airflow/example_dags/example_branch_operator.py for tasks to queue
[2023-07-05T21:26:12.596+0000] {logging_mixin.py:149} INFO - [2023-07-05T21:26:12.596+0000] {dagbag.py:541} INFO - Filling up the DagBag from /home/airflow/.local/lib/python3.7/site-packages/airflow/example_dags/example_branch_operator.py
[2023-07-05T21:26:12.606+0000] {processor.py:836} INFO - DAG(s) dict_keys(['example_branch_operator']) retrieved from /home/airflow/.local/lib/python3.7/site-packages/airflow/example_dags/example_branch_operator.py
[2023-07-05T21:26:12.645+0000] {logging_mixin.py:149} INFO - [2023-07-05T21:26:12.645+0000] {dag.py:2726} INFO - Sync 1 DAGs
[2023-07-05T21:26:12.668+0000] {logging_mixin.py:149} INFO - [2023-07-05T21:26:12.668+0000] {dag.py:3490} INFO - Setting next_dagrun for example_branch_operator to 2023-07-04T00:00:00+00:00, run_after=2023-07-05T00:00:00+00:00
[2023-07-05T21:26:12.686+0000] {processor.py:179} INFO - Processing /home/airflow/.local/lib/python3.7/site-packages/airflow/example_dags/example_branch_operator.py took 0.104 seconds
[2023-07-05T21:26:43.395+0000] {processor.py:157} INFO - Started process (PID=151) to work on /home/airflow/.local/lib/python3.7/site-packages/airflow/example_dags/example_branch_operator.py
[2023-07-05T21:26:43.397+0000] {processor.py:826} INFO - Processing file /home/airflow/.local/lib/python3.7/site-packages/airflow/example_dags/example_branch_operator.py for tasks to queue
[2023-07-05T21:26:43.398+0000] {logging_mixin.py:149} INFO - [2023-07-05T21:26:43.398+0000] {dagbag.py:541} INFO - Filling up the DagBag from /home/airflow/.local/lib/python3.7/site-packages/airflow/example_dags/example_branch_operator.py
[2023-07-05T21:26:43.414+0000] {processor.py:836} INFO - DAG(s) dict_keys(['example_branch_operator']) retrieved from /home/airflow/.local/lib/python3.7/site-packages/airflow/example_dags/example_branch_operator.py
[2023-07-05T21:26:43.449+0000] {logging_mixin.py:149} INFO - [2023-07-05T21:26:43.449+0000] {dag.py:2726} INFO - Sync 1 DAGs
[2023-07-05T21:26:43.473+0000] {logging_mixin.py:149} INFO - [2023-07-05T21:26:43.473+0000] {dag.py:3490} INFO - Setting next_dagrun for example_branch_operator to 2023-07-04T00:00:00+00:00, run_after=2023-07-05T00:00:00+00:00
[2023-07-05T21:26:43.490+0000] {processor.py:179} INFO - Processing /home/airflow/.local/lib/python3.7/site-packages/airflow/example_dags/example_branch_operator.py took 0.098 seconds
