[2023-07-05T21:16:49.676+0000] {processor.py:157} INFO - Started process (PID=37) to work on /home/airflow/.local/lib/python3.7/site-packages/airflow/example_dags/example_subdag_operator.py
[2023-07-05T21:16:49.680+0000] {processor.py:826} INFO - Processing file /home/airflow/.local/lib/python3.7/site-packages/airflow/example_dags/example_subdag_operator.py for tasks to queue
[2023-07-05T21:16:49.683+0000] {logging_mixin.py:149} INFO - [2023-07-05T21:16:49.683+0000] {dagbag.py:541} INFO - Filling up the DagBag from /home/airflow/.local/lib/python3.7/site-packages/airflow/example_dags/example_subdag_operator.py
[2023-07-05T21:16:49.712+0000] {processor.py:836} INFO - DAG(s) dict_keys(['example_subdag_operator.section-1', 'example_subdag_operator.section-2', 'example_subdag_operator']) retrieved from /home/airflow/.local/lib/python3.7/site-packages/airflow/example_dags/example_subdag_operator.py
[2023-07-05T21:16:49.719+0000] {logging_mixin.py:149} INFO - [2023-07-05T21:16:49.718+0000] {dag.py:2726} INFO - Sync 3 DAGs
[2023-07-05T21:16:49.746+0000] {logging_mixin.py:149} INFO - [2023-07-05T21:16:49.746+0000] {dag.py:3490} INFO - Setting next_dagrun for example_subdag_operator to 2022-01-01T00:00:00+00:00, run_after=2022-01-01T00:00:00+00:00
[2023-07-05T21:16:49.754+0000] {logging_mixin.py:149} INFO - [2023-07-05T21:16:49.754+0000] {dag.py:3490} INFO - Setting next_dagrun for example_subdag_operator.section-1 to None, run_after=None
[2023-07-05T21:16:49.758+0000] {logging_mixin.py:149} INFO - [2023-07-05T21:16:49.758+0000] {dag.py:3490} INFO - Setting next_dagrun for example_subdag_operator.section-2 to None, run_after=None
[2023-07-05T21:16:49.772+0000] {logging_mixin.py:149} INFO - [2023-07-05T21:16:49.772+0000] {dag.py:2726} INFO - Sync 2 DAGs
[2023-07-05T21:16:49.779+0000] {logging_mixin.py:149} INFO - [2023-07-05T21:16:49.779+0000] {dag.py:3490} INFO - Setting next_dagrun for example_subdag_operator.section-1 to None, run_after=None
[2023-07-05T21:16:49.781+0000] {logging_mixin.py:149} INFO - [2023-07-05T21:16:49.781+0000] {dag.py:3490} INFO - Setting next_dagrun for example_subdag_operator.section-2 to None, run_after=None
[2023-07-05T21:16:49.794+0000] {processor.py:179} INFO - Processing /home/airflow/.local/lib/python3.7/site-packages/airflow/example_dags/example_subdag_operator.py took 0.121 seconds
[2023-07-05T21:17:20.356+0000] {processor.py:157} INFO - Started process (PID=94) to work on /home/airflow/.local/lib/python3.7/site-packages/airflow/example_dags/example_subdag_operator.py
[2023-07-05T21:17:20.358+0000] {processor.py:826} INFO - Processing file /home/airflow/.local/lib/python3.7/site-packages/airflow/example_dags/example_subdag_operator.py for tasks to queue
[2023-07-05T21:17:20.359+0000] {logging_mixin.py:149} INFO - [2023-07-05T21:17:20.359+0000] {dagbag.py:541} INFO - Filling up the DagBag from /home/airflow/.local/lib/python3.7/site-packages/airflow/example_dags/example_subdag_operator.py
[2023-07-05T21:17:20.385+0000] {processor.py:836} INFO - DAG(s) dict_keys(['example_subdag_operator.section-1', 'example_subdag_operator.section-2', 'example_subdag_operator']) retrieved from /home/airflow/.local/lib/python3.7/site-packages/airflow/example_dags/example_subdag_operator.py
[2023-07-05T21:17:20.390+0000] {logging_mixin.py:149} INFO - [2023-07-05T21:17:20.390+0000] {dag.py:2726} INFO - Sync 3 DAGs
[2023-07-05T21:17:20.410+0000] {logging_mixin.py:149} INFO - [2023-07-05T21:17:20.410+0000] {dag.py:3490} INFO - Setting next_dagrun for example_subdag_operator to 2022-01-01T00:00:00+00:00, run_after=2022-01-01T00:00:00+00:00
[2023-07-05T21:17:20.415+0000] {logging_mixin.py:149} INFO - [2023-07-05T21:17:20.415+0000] {dag.py:3490} INFO - Setting next_dagrun for example_subdag_operator.section-1 to None, run_after=None
[2023-07-05T21:17:20.417+0000] {logging_mixin.py:149} INFO - [2023-07-05T21:17:20.417+0000] {dag.py:3490} INFO - Setting next_dagrun for example_subdag_operator.section-2 to None, run_after=None
[2023-07-05T21:17:20.424+0000] {logging_mixin.py:149} INFO - [2023-07-05T21:17:20.424+0000] {dag.py:2726} INFO - Sync 2 DAGs
[2023-07-05T21:17:20.430+0000] {logging_mixin.py:149} INFO - [2023-07-05T21:17:20.430+0000] {dag.py:3490} INFO - Setting next_dagrun for example_subdag_operator.section-1 to None, run_after=None
[2023-07-05T21:17:20.432+0000] {logging_mixin.py:149} INFO - [2023-07-05T21:17:20.432+0000] {dag.py:3490} INFO - Setting next_dagrun for example_subdag_operator.section-2 to None, run_after=None
[2023-07-05T21:17:20.440+0000] {processor.py:179} INFO - Processing /home/airflow/.local/lib/python3.7/site-packages/airflow/example_dags/example_subdag_operator.py took 0.087 seconds
[2023-07-05T21:17:51.507+0000] {processor.py:157} INFO - Started process (PID=153) to work on /home/airflow/.local/lib/python3.7/site-packages/airflow/example_dags/example_subdag_operator.py
[2023-07-05T21:17:51.509+0000] {processor.py:826} INFO - Processing file /home/airflow/.local/lib/python3.7/site-packages/airflow/example_dags/example_subdag_operator.py for tasks to queue
[2023-07-05T21:17:51.510+0000] {logging_mixin.py:149} INFO - [2023-07-05T21:17:51.510+0000] {dagbag.py:541} INFO - Filling up the DagBag from /home/airflow/.local/lib/python3.7/site-packages/airflow/example_dags/example_subdag_operator.py
[2023-07-05T21:17:51.535+0000] {processor.py:836} INFO - DAG(s) dict_keys(['example_subdag_operator.section-1', 'example_subdag_operator.section-2', 'example_subdag_operator']) retrieved from /home/airflow/.local/lib/python3.7/site-packages/airflow/example_dags/example_subdag_operator.py
[2023-07-05T21:17:51.549+0000] {logging_mixin.py:149} INFO - [2023-07-05T21:17:51.549+0000] {dag.py:2726} INFO - Sync 3 DAGs
[2023-07-05T21:17:51.569+0000] {logging_mixin.py:149} INFO - [2023-07-05T21:17:51.569+0000] {dag.py:3490} INFO - Setting next_dagrun for example_subdag_operator to 2022-01-01T00:00:00+00:00, run_after=2022-01-01T00:00:00+00:00
[2023-07-05T21:17:51.573+0000] {logging_mixin.py:149} INFO - [2023-07-05T21:17:51.573+0000] {dag.py:3490} INFO - Setting next_dagrun for example_subdag_operator.section-1 to None, run_after=None
[2023-07-05T21:17:51.576+0000] {logging_mixin.py:149} INFO - [2023-07-05T21:17:51.576+0000] {dag.py:3490} INFO - Setting next_dagrun for example_subdag_operator.section-2 to None, run_after=None
[2023-07-05T21:17:51.582+0000] {logging_mixin.py:149} INFO - [2023-07-05T21:17:51.582+0000] {dag.py:2726} INFO - Sync 2 DAGs
[2023-07-05T21:17:51.586+0000] {logging_mixin.py:149} INFO - [2023-07-05T21:17:51.586+0000] {dag.py:3490} INFO - Setting next_dagrun for example_subdag_operator.section-1 to None, run_after=None
[2023-07-05T21:17:51.588+0000] {logging_mixin.py:149} INFO - [2023-07-05T21:17:51.588+0000] {dag.py:3490} INFO - Setting next_dagrun for example_subdag_operator.section-2 to None, run_after=None
[2023-07-05T21:17:51.597+0000] {processor.py:179} INFO - Processing /home/airflow/.local/lib/python3.7/site-packages/airflow/example_dags/example_subdag_operator.py took 0.093 seconds
[2023-07-05T21:18:22.025+0000] {processor.py:157} INFO - Started process (PID=211) to work on /home/airflow/.local/lib/python3.7/site-packages/airflow/example_dags/example_subdag_operator.py
[2023-07-05T21:18:22.027+0000] {processor.py:826} INFO - Processing file /home/airflow/.local/lib/python3.7/site-packages/airflow/example_dags/example_subdag_operator.py for tasks to queue
[2023-07-05T21:18:22.029+0000] {logging_mixin.py:149} INFO - [2023-07-05T21:18:22.029+0000] {dagbag.py:541} INFO - Filling up the DagBag from /home/airflow/.local/lib/python3.7/site-packages/airflow/example_dags/example_subdag_operator.py
[2023-07-05T21:18:22.057+0000] {processor.py:836} INFO - DAG(s) dict_keys(['example_subdag_operator.section-1', 'example_subdag_operator.section-2', 'example_subdag_operator']) retrieved from /home/airflow/.local/lib/python3.7/site-packages/airflow/example_dags/example_subdag_operator.py
[2023-07-05T21:18:22.075+0000] {logging_mixin.py:149} INFO - [2023-07-05T21:18:22.075+0000] {dag.py:2726} INFO - Sync 3 DAGs
[2023-07-05T21:18:22.097+0000] {logging_mixin.py:149} INFO - [2023-07-05T21:18:22.096+0000] {dag.py:3490} INFO - Setting next_dagrun for example_subdag_operator to 2022-01-01T00:00:00+00:00, run_after=2022-01-01T00:00:00+00:00
[2023-07-05T21:18:22.101+0000] {logging_mixin.py:149} INFO - [2023-07-05T21:18:22.101+0000] {dag.py:3490} INFO - Setting next_dagrun for example_subdag_operator.section-1 to None, run_after=None
[2023-07-05T21:18:22.103+0000] {logging_mixin.py:149} INFO - [2023-07-05T21:18:22.103+0000] {dag.py:3490} INFO - Setting next_dagrun for example_subdag_operator.section-2 to None, run_after=None
[2023-07-05T21:18:22.109+0000] {logging_mixin.py:149} INFO - [2023-07-05T21:18:22.109+0000] {dag.py:2726} INFO - Sync 2 DAGs
[2023-07-05T21:18:22.114+0000] {logging_mixin.py:149} INFO - [2023-07-05T21:18:22.114+0000] {dag.py:3490} INFO - Setting next_dagrun for example_subdag_operator.section-1 to None, run_after=None
[2023-07-05T21:18:22.116+0000] {logging_mixin.py:149} INFO - [2023-07-05T21:18:22.116+0000] {dag.py:3490} INFO - Setting next_dagrun for example_subdag_operator.section-2 to None, run_after=None
[2023-07-05T21:18:22.127+0000] {processor.py:179} INFO - Processing /home/airflow/.local/lib/python3.7/site-packages/airflow/example_dags/example_subdag_operator.py took 0.105 seconds
[2023-07-05T21:25:41.979+0000] {processor.py:157} INFO - Started process (PID=40) to work on /home/airflow/.local/lib/python3.7/site-packages/airflow/example_dags/example_subdag_operator.py
[2023-07-05T21:25:41.982+0000] {processor.py:826} INFO - Processing file /home/airflow/.local/lib/python3.7/site-packages/airflow/example_dags/example_subdag_operator.py for tasks to queue
[2023-07-05T21:25:41.984+0000] {logging_mixin.py:149} INFO - [2023-07-05T21:25:41.984+0000] {dagbag.py:541} INFO - Filling up the DagBag from /home/airflow/.local/lib/python3.7/site-packages/airflow/example_dags/example_subdag_operator.py
[2023-07-05T21:25:42.014+0000] {processor.py:836} INFO - DAG(s) dict_keys(['example_subdag_operator.section-1', 'example_subdag_operator.section-2', 'example_subdag_operator']) retrieved from /home/airflow/.local/lib/python3.7/site-packages/airflow/example_dags/example_subdag_operator.py
[2023-07-05T21:25:42.021+0000] {logging_mixin.py:149} INFO - [2023-07-05T21:25:42.021+0000] {dag.py:2726} INFO - Sync 3 DAGs
[2023-07-05T21:25:42.059+0000] {logging_mixin.py:149} INFO - [2023-07-05T21:25:42.059+0000] {dag.py:3490} INFO - Setting next_dagrun for example_subdag_operator to 2022-01-01T00:00:00+00:00, run_after=2022-01-01T00:00:00+00:00
[2023-07-05T21:25:42.068+0000] {logging_mixin.py:149} INFO - [2023-07-05T21:25:42.068+0000] {dag.py:3490} INFO - Setting next_dagrun for example_subdag_operator.section-1 to None, run_after=None
[2023-07-05T21:25:42.071+0000] {logging_mixin.py:149} INFO - [2023-07-05T21:25:42.071+0000] {dag.py:3490} INFO - Setting next_dagrun for example_subdag_operator.section-2 to None, run_after=None
[2023-07-05T21:25:42.083+0000] {logging_mixin.py:149} INFO - [2023-07-05T21:25:42.083+0000] {dag.py:2726} INFO - Sync 2 DAGs
[2023-07-05T21:25:42.098+0000] {logging_mixin.py:149} INFO - [2023-07-05T21:25:42.098+0000] {dag.py:3490} INFO - Setting next_dagrun for example_subdag_operator.section-1 to None, run_after=None
[2023-07-05T21:25:42.101+0000] {logging_mixin.py:149} INFO - [2023-07-05T21:25:42.100+0000] {dag.py:3490} INFO - Setting next_dagrun for example_subdag_operator.section-2 to None, run_after=None
[2023-07-05T21:25:42.114+0000] {processor.py:179} INFO - Processing /home/airflow/.local/lib/python3.7/site-packages/airflow/example_dags/example_subdag_operator.py took 0.138 seconds
[2023-07-05T21:26:12.851+0000] {processor.py:157} INFO - Started process (PID=97) to work on /home/airflow/.local/lib/python3.7/site-packages/airflow/example_dags/example_subdag_operator.py
[2023-07-05T21:26:12.853+0000] {processor.py:826} INFO - Processing file /home/airflow/.local/lib/python3.7/site-packages/airflow/example_dags/example_subdag_operator.py for tasks to queue
[2023-07-05T21:26:12.855+0000] {logging_mixin.py:149} INFO - [2023-07-05T21:26:12.855+0000] {dagbag.py:541} INFO - Filling up the DagBag from /home/airflow/.local/lib/python3.7/site-packages/airflow/example_dags/example_subdag_operator.py
[2023-07-05T21:26:12.893+0000] {processor.py:836} INFO - DAG(s) dict_keys(['example_subdag_operator.section-1', 'example_subdag_operator.section-2', 'example_subdag_operator']) retrieved from /home/airflow/.local/lib/python3.7/site-packages/airflow/example_dags/example_subdag_operator.py
[2023-07-05T21:26:12.912+0000] {logging_mixin.py:149} INFO - [2023-07-05T21:26:12.912+0000] {dag.py:2726} INFO - Sync 3 DAGs
[2023-07-05T21:26:12.933+0000] {logging_mixin.py:149} INFO - [2023-07-05T21:26:12.933+0000] {dag.py:3490} INFO - Setting next_dagrun for example_subdag_operator to 2022-01-01T00:00:00+00:00, run_after=2022-01-01T00:00:00+00:00
[2023-07-05T21:26:12.938+0000] {logging_mixin.py:149} INFO - [2023-07-05T21:26:12.937+0000] {dag.py:3490} INFO - Setting next_dagrun for example_subdag_operator.section-1 to None, run_after=None
[2023-07-05T21:26:12.942+0000] {logging_mixin.py:149} INFO - [2023-07-05T21:26:12.942+0000] {dag.py:3490} INFO - Setting next_dagrun for example_subdag_operator.section-2 to None, run_after=None
[2023-07-05T21:26:12.949+0000] {logging_mixin.py:149} INFO - [2023-07-05T21:26:12.949+0000] {dag.py:2726} INFO - Sync 2 DAGs
[2023-07-05T21:26:12.955+0000] {logging_mixin.py:149} INFO - [2023-07-05T21:26:12.955+0000] {dag.py:3490} INFO - Setting next_dagrun for example_subdag_operator.section-1 to None, run_after=None
[2023-07-05T21:26:12.957+0000] {logging_mixin.py:149} INFO - [2023-07-05T21:26:12.956+0000] {dag.py:3490} INFO - Setting next_dagrun for example_subdag_operator.section-2 to None, run_after=None
[2023-07-05T21:26:12.968+0000] {processor.py:179} INFO - Processing /home/airflow/.local/lib/python3.7/site-packages/airflow/example_dags/example_subdag_operator.py took 0.121 seconds
[2023-07-05T21:26:43.629+0000] {processor.py:157} INFO - Started process (PID=155) to work on /home/airflow/.local/lib/python3.7/site-packages/airflow/example_dags/example_subdag_operator.py
[2023-07-05T21:26:43.632+0000] {processor.py:826} INFO - Processing file /home/airflow/.local/lib/python3.7/site-packages/airflow/example_dags/example_subdag_operator.py for tasks to queue
[2023-07-05T21:26:43.633+0000] {logging_mixin.py:149} INFO - [2023-07-05T21:26:43.633+0000] {dagbag.py:541} INFO - Filling up the DagBag from /home/airflow/.local/lib/python3.7/site-packages/airflow/example_dags/example_subdag_operator.py
[2023-07-05T21:26:43.658+0000] {processor.py:836} INFO - DAG(s) dict_keys(['example_subdag_operator.section-1', 'example_subdag_operator.section-2', 'example_subdag_operator']) retrieved from /home/airflow/.local/lib/python3.7/site-packages/airflow/example_dags/example_subdag_operator.py
[2023-07-05T21:26:43.678+0000] {logging_mixin.py:149} INFO - [2023-07-05T21:26:43.678+0000] {dag.py:2726} INFO - Sync 3 DAGs
[2023-07-05T21:26:43.697+0000] {logging_mixin.py:149} INFO - [2023-07-05T21:26:43.697+0000] {dag.py:3490} INFO - Setting next_dagrun for example_subdag_operator to 2022-01-01T00:00:00+00:00, run_after=2022-01-01T00:00:00+00:00
[2023-07-05T21:26:43.700+0000] {logging_mixin.py:149} INFO - [2023-07-05T21:26:43.700+0000] {dag.py:3490} INFO - Setting next_dagrun for example_subdag_operator.section-1 to None, run_after=None
[2023-07-05T21:26:43.702+0000] {logging_mixin.py:149} INFO - [2023-07-05T21:26:43.702+0000] {dag.py:3490} INFO - Setting next_dagrun for example_subdag_operator.section-2 to None, run_after=None
[2023-07-05T21:26:43.708+0000] {logging_mixin.py:149} INFO - [2023-07-05T21:26:43.708+0000] {dag.py:2726} INFO - Sync 2 DAGs
[2023-07-05T21:26:43.713+0000] {logging_mixin.py:149} INFO - [2023-07-05T21:26:43.713+0000] {dag.py:3490} INFO - Setting next_dagrun for example_subdag_operator.section-1 to None, run_after=None
[2023-07-05T21:26:43.715+0000] {logging_mixin.py:149} INFO - [2023-07-05T21:26:43.715+0000] {dag.py:3490} INFO - Setting next_dagrun for example_subdag_operator.section-2 to None, run_after=None
[2023-07-05T21:26:43.723+0000] {processor.py:179} INFO - Processing /home/airflow/.local/lib/python3.7/site-packages/airflow/example_dags/example_subdag_operator.py took 0.097 seconds
