[2023-07-05T21:16:52.164+0000] {processor.py:157} INFO - Started process (PID=61) to work on /home/airflow/.local/lib/python3.7/site-packages/airflow/example_dags/example_dynamic_task_mapping_with_no_taskflow_operators.py
[2023-07-05T21:16:52.167+0000] {processor.py:826} INFO - Processing file /home/airflow/.local/lib/python3.7/site-packages/airflow/example_dags/example_dynamic_task_mapping_with_no_taskflow_operators.py for tasks to queue
[2023-07-05T21:16:52.170+0000] {logging_mixin.py:149} INFO - [2023-07-05T21:16:52.170+0000] {dagbag.py:541} INFO - Filling up the DagBag from /home/airflow/.local/lib/python3.7/site-packages/airflow/example_dags/example_dynamic_task_mapping_with_no_taskflow_operators.py
[2023-07-05T21:16:52.192+0000] {processor.py:836} INFO - DAG(s) dict_keys(['example_dynamic_task_mapping_with_no_taskflow_operators']) retrieved from /home/airflow/.local/lib/python3.7/site-packages/airflow/example_dags/example_dynamic_task_mapping_with_no_taskflow_operators.py
[2023-07-05T21:16:52.226+0000] {logging_mixin.py:149} INFO - [2023-07-05T21:16:52.226+0000] {dag.py:2726} INFO - Sync 1 DAGs
[2023-07-05T21:16:52.262+0000] {logging_mixin.py:149} INFO - [2023-07-05T21:16:52.261+0000] {dag.py:3490} INFO - Setting next_dagrun for example_dynamic_task_mapping_with_no_taskflow_operators to 2023-07-04T21:16:52.261504+00:00, run_after=2023-07-05T21:16:52.261504+00:00
[2023-07-05T21:16:52.312+0000] {processor.py:179} INFO - Processing /home/airflow/.local/lib/python3.7/site-packages/airflow/example_dags/example_dynamic_task_mapping_with_no_taskflow_operators.py took 0.153 seconds
[2023-07-05T21:17:22.726+0000] {processor.py:157} INFO - Started process (PID=119) to work on /home/airflow/.local/lib/python3.7/site-packages/airflow/example_dags/example_dynamic_task_mapping_with_no_taskflow_operators.py
[2023-07-05T21:17:22.728+0000] {processor.py:826} INFO - Processing file /home/airflow/.local/lib/python3.7/site-packages/airflow/example_dags/example_dynamic_task_mapping_with_no_taskflow_operators.py for tasks to queue
[2023-07-05T21:17:22.730+0000] {logging_mixin.py:149} INFO - [2023-07-05T21:17:22.730+0000] {dagbag.py:541} INFO - Filling up the DagBag from /home/airflow/.local/lib/python3.7/site-packages/airflow/example_dags/example_dynamic_task_mapping_with_no_taskflow_operators.py
[2023-07-05T21:17:22.736+0000] {processor.py:836} INFO - DAG(s) dict_keys(['example_dynamic_task_mapping_with_no_taskflow_operators']) retrieved from /home/airflow/.local/lib/python3.7/site-packages/airflow/example_dags/example_dynamic_task_mapping_with_no_taskflow_operators.py
[2023-07-05T21:17:22.751+0000] {logging_mixin.py:149} INFO - [2023-07-05T21:17:22.751+0000] {dag.py:2726} INFO - Sync 1 DAGs
[2023-07-05T21:17:22.771+0000] {logging_mixin.py:149} INFO - [2023-07-05T21:17:22.771+0000] {dag.py:3490} INFO - Setting next_dagrun for example_dynamic_task_mapping_with_no_taskflow_operators to 2023-07-04T21:17:22.771054+00:00, run_after=2023-07-05T21:17:22.771054+00:00
[2023-07-05T21:17:22.785+0000] {processor.py:179} INFO - Processing /home/airflow/.local/lib/python3.7/site-packages/airflow/example_dags/example_dynamic_task_mapping_with_no_taskflow_operators.py took 0.062 seconds
[2023-07-05T21:17:53.007+0000] {processor.py:157} INFO - Started process (PID=176) to work on /home/airflow/.local/lib/python3.7/site-packages/airflow/example_dags/example_dynamic_task_mapping_with_no_taskflow_operators.py
[2023-07-05T21:17:53.010+0000] {processor.py:826} INFO - Processing file /home/airflow/.local/lib/python3.7/site-packages/airflow/example_dags/example_dynamic_task_mapping_with_no_taskflow_operators.py for tasks to queue
[2023-07-05T21:17:53.011+0000] {logging_mixin.py:149} INFO - [2023-07-05T21:17:53.011+0000] {dagbag.py:541} INFO - Filling up the DagBag from /home/airflow/.local/lib/python3.7/site-packages/airflow/example_dags/example_dynamic_task_mapping_with_no_taskflow_operators.py
[2023-07-05T21:17:53.020+0000] {processor.py:836} INFO - DAG(s) dict_keys(['example_dynamic_task_mapping_with_no_taskflow_operators']) retrieved from /home/airflow/.local/lib/python3.7/site-packages/airflow/example_dags/example_dynamic_task_mapping_with_no_taskflow_operators.py
[2023-07-05T21:17:53.050+0000] {logging_mixin.py:149} INFO - [2023-07-05T21:17:53.050+0000] {dag.py:2726} INFO - Sync 1 DAGs
[2023-07-05T21:17:53.070+0000] {logging_mixin.py:149} INFO - [2023-07-05T21:17:53.070+0000] {dag.py:3490} INFO - Setting next_dagrun for example_dynamic_task_mapping_with_no_taskflow_operators to 2023-07-04T21:17:53.070062+00:00, run_after=2023-07-05T21:17:53.070062+00:00
[2023-07-05T21:17:53.088+0000] {processor.py:179} INFO - Processing /home/airflow/.local/lib/python3.7/site-packages/airflow/example_dags/example_dynamic_task_mapping_with_no_taskflow_operators.py took 0.084 seconds
[2023-07-05T21:18:23.273+0000] {processor.py:157} INFO - Started process (PID=234) to work on /home/airflow/.local/lib/python3.7/site-packages/airflow/example_dags/example_dynamic_task_mapping_with_no_taskflow_operators.py
[2023-07-05T21:18:23.275+0000] {processor.py:826} INFO - Processing file /home/airflow/.local/lib/python3.7/site-packages/airflow/example_dags/example_dynamic_task_mapping_with_no_taskflow_operators.py for tasks to queue
[2023-07-05T21:18:23.276+0000] {logging_mixin.py:149} INFO - [2023-07-05T21:18:23.276+0000] {dagbag.py:541} INFO - Filling up the DagBag from /home/airflow/.local/lib/python3.7/site-packages/airflow/example_dags/example_dynamic_task_mapping_with_no_taskflow_operators.py
[2023-07-05T21:18:23.282+0000] {processor.py:836} INFO - DAG(s) dict_keys(['example_dynamic_task_mapping_with_no_taskflow_operators']) retrieved from /home/airflow/.local/lib/python3.7/site-packages/airflow/example_dags/example_dynamic_task_mapping_with_no_taskflow_operators.py
[2023-07-05T21:18:23.307+0000] {logging_mixin.py:149} INFO - [2023-07-05T21:18:23.307+0000] {dag.py:2726} INFO - Sync 1 DAGs
[2023-07-05T21:18:23.326+0000] {logging_mixin.py:149} INFO - [2023-07-05T21:18:23.326+0000] {dag.py:3490} INFO - Setting next_dagrun for example_dynamic_task_mapping_with_no_taskflow_operators to 2023-07-04T21:18:23.326248+00:00, run_after=2023-07-05T21:18:23.326248+00:00
[2023-07-05T21:18:23.340+0000] {processor.py:179} INFO - Processing /home/airflow/.local/lib/python3.7/site-packages/airflow/example_dags/example_dynamic_task_mapping_with_no_taskflow_operators.py took 0.070 seconds
[2023-07-05T21:25:44.182+0000] {processor.py:157} INFO - Started process (PID=64) to work on /home/airflow/.local/lib/python3.7/site-packages/airflow/example_dags/example_dynamic_task_mapping_with_no_taskflow_operators.py
[2023-07-05T21:25:44.189+0000] {processor.py:826} INFO - Processing file /home/airflow/.local/lib/python3.7/site-packages/airflow/example_dags/example_dynamic_task_mapping_with_no_taskflow_operators.py for tasks to queue
[2023-07-05T21:25:44.194+0000] {logging_mixin.py:149} INFO - [2023-07-05T21:25:44.194+0000] {dagbag.py:541} INFO - Filling up the DagBag from /home/airflow/.local/lib/python3.7/site-packages/airflow/example_dags/example_dynamic_task_mapping_with_no_taskflow_operators.py
[2023-07-05T21:25:44.210+0000] {processor.py:836} INFO - DAG(s) dict_keys(['example_dynamic_task_mapping_with_no_taskflow_operators']) retrieved from /home/airflow/.local/lib/python3.7/site-packages/airflow/example_dags/example_dynamic_task_mapping_with_no_taskflow_operators.py
[2023-07-05T21:25:44.252+0000] {logging_mixin.py:149} INFO - [2023-07-05T21:25:44.252+0000] {dag.py:2726} INFO - Sync 1 DAGs
[2023-07-05T21:25:44.290+0000] {logging_mixin.py:149} INFO - [2023-07-05T21:25:44.290+0000] {dag.py:3490} INFO - Setting next_dagrun for example_dynamic_task_mapping_with_no_taskflow_operators to 2023-07-04T21:25:44.290297+00:00, run_after=2023-07-05T21:25:44.290297+00:00
[2023-07-05T21:25:44.323+0000] {processor.py:179} INFO - Processing /home/airflow/.local/lib/python3.7/site-packages/airflow/example_dags/example_dynamic_task_mapping_with_no_taskflow_operators.py took 0.159 seconds
[2023-07-05T21:26:14.795+0000] {processor.py:157} INFO - Started process (PID=121) to work on /home/airflow/.local/lib/python3.7/site-packages/airflow/example_dags/example_dynamic_task_mapping_with_no_taskflow_operators.py
[2023-07-05T21:26:14.798+0000] {processor.py:826} INFO - Processing file /home/airflow/.local/lib/python3.7/site-packages/airflow/example_dags/example_dynamic_task_mapping_with_no_taskflow_operators.py for tasks to queue
[2023-07-05T21:26:14.799+0000] {logging_mixin.py:149} INFO - [2023-07-05T21:26:14.799+0000] {dagbag.py:541} INFO - Filling up the DagBag from /home/airflow/.local/lib/python3.7/site-packages/airflow/example_dags/example_dynamic_task_mapping_with_no_taskflow_operators.py
[2023-07-05T21:26:14.807+0000] {processor.py:836} INFO - DAG(s) dict_keys(['example_dynamic_task_mapping_with_no_taskflow_operators']) retrieved from /home/airflow/.local/lib/python3.7/site-packages/airflow/example_dags/example_dynamic_task_mapping_with_no_taskflow_operators.py
[2023-07-05T21:26:14.834+0000] {logging_mixin.py:149} INFO - [2023-07-05T21:26:14.834+0000] {dag.py:2726} INFO - Sync 1 DAGs
[2023-07-05T21:26:14.856+0000] {logging_mixin.py:149} INFO - [2023-07-05T21:26:14.856+0000] {dag.py:3490} INFO - Setting next_dagrun for example_dynamic_task_mapping_with_no_taskflow_operators to 2023-07-04T21:26:14.855700+00:00, run_after=2023-07-05T21:26:14.855700+00:00
[2023-07-05T21:26:14.869+0000] {processor.py:179} INFO - Processing /home/airflow/.local/lib/python3.7/site-packages/airflow/example_dags/example_dynamic_task_mapping_with_no_taskflow_operators.py took 0.077 seconds
[2023-07-05T21:26:45.374+0000] {processor.py:157} INFO - Started process (PID=180) to work on /home/airflow/.local/lib/python3.7/site-packages/airflow/example_dags/example_dynamic_task_mapping_with_no_taskflow_operators.py
[2023-07-05T21:26:45.377+0000] {processor.py:826} INFO - Processing file /home/airflow/.local/lib/python3.7/site-packages/airflow/example_dags/example_dynamic_task_mapping_with_no_taskflow_operators.py for tasks to queue
[2023-07-05T21:26:45.379+0000] {logging_mixin.py:149} INFO - [2023-07-05T21:26:45.379+0000] {dagbag.py:541} INFO - Filling up the DagBag from /home/airflow/.local/lib/python3.7/site-packages/airflow/example_dags/example_dynamic_task_mapping_with_no_taskflow_operators.py
[2023-07-05T21:26:45.389+0000] {processor.py:836} INFO - DAG(s) dict_keys(['example_dynamic_task_mapping_with_no_taskflow_operators']) retrieved from /home/airflow/.local/lib/python3.7/site-packages/airflow/example_dags/example_dynamic_task_mapping_with_no_taskflow_operators.py
[2023-07-05T21:26:45.428+0000] {logging_mixin.py:149} INFO - [2023-07-05T21:26:45.428+0000] {dag.py:2726} INFO - Sync 1 DAGs
[2023-07-05T21:26:45.453+0000] {logging_mixin.py:149} INFO - [2023-07-05T21:26:45.453+0000] {dag.py:3490} INFO - Setting next_dagrun for example_dynamic_task_mapping_with_no_taskflow_operators to 2023-07-04T21:26:45.452768+00:00, run_after=2023-07-05T21:26:45.452768+00:00
[2023-07-05T21:26:45.470+0000] {processor.py:179} INFO - Processing /home/airflow/.local/lib/python3.7/site-packages/airflow/example_dags/example_dynamic_task_mapping_with_no_taskflow_operators.py took 0.099 seconds
