[2023-07-05T21:16:50.998+0000] {processor.py:157} INFO - Started process (PID=51) to work on /home/airflow/.local/lib/python3.7/site-packages/airflow/example_dags/example_python_operator.py
[2023-07-05T21:16:51.002+0000] {processor.py:826} INFO - Processing file /home/airflow/.local/lib/python3.7/site-packages/airflow/example_dags/example_python_operator.py for tasks to queue
[2023-07-05T21:16:51.006+0000] {logging_mixin.py:149} INFO - [2023-07-05T21:16:51.006+0000] {dagbag.py:541} INFO - Filling up the DagBag from /home/airflow/.local/lib/python3.7/site-packages/airflow/example_dags/example_python_operator.py
[2023-07-05T21:16:51.034+0000] {processor.py:836} INFO - DAG(s) dict_keys(['example_python_operator']) retrieved from /home/airflow/.local/lib/python3.7/site-packages/airflow/example_dags/example_python_operator.py
[2023-07-05T21:16:51.074+0000] {logging_mixin.py:149} INFO - [2023-07-05T21:16:51.073+0000] {dag.py:2726} INFO - Sync 1 DAGs
[2023-07-05T21:16:51.119+0000] {logging_mixin.py:149} INFO - [2023-07-05T21:16:51.119+0000] {dag.py:3490} INFO - Setting next_dagrun for example_python_operator to None, run_after=None
[2023-07-05T21:16:51.167+0000] {processor.py:179} INFO - Processing /home/airflow/.local/lib/python3.7/site-packages/airflow/example_dags/example_python_operator.py took 0.176 seconds
[2023-07-05T21:17:21.228+0000] {processor.py:157} INFO - Started process (PID=109) to work on /home/airflow/.local/lib/python3.7/site-packages/airflow/example_dags/example_python_operator.py
[2023-07-05T21:17:21.231+0000] {processor.py:826} INFO - Processing file /home/airflow/.local/lib/python3.7/site-packages/airflow/example_dags/example_python_operator.py for tasks to queue
[2023-07-05T21:17:21.233+0000] {logging_mixin.py:149} INFO - [2023-07-05T21:17:21.233+0000] {dagbag.py:541} INFO - Filling up the DagBag from /home/airflow/.local/lib/python3.7/site-packages/airflow/example_dags/example_python_operator.py
[2023-07-05T21:17:21.243+0000] {processor.py:836} INFO - DAG(s) dict_keys(['example_python_operator']) retrieved from /home/airflow/.local/lib/python3.7/site-packages/airflow/example_dags/example_python_operator.py
[2023-07-05T21:17:21.258+0000] {logging_mixin.py:149} INFO - [2023-07-05T21:17:21.258+0000] {dag.py:2726} INFO - Sync 1 DAGs
[2023-07-05T21:17:21.279+0000] {logging_mixin.py:149} INFO - [2023-07-05T21:17:21.279+0000] {dag.py:3490} INFO - Setting next_dagrun for example_python_operator to None, run_after=None
[2023-07-05T21:17:21.292+0000] {processor.py:179} INFO - Processing /home/airflow/.local/lib/python3.7/site-packages/airflow/example_dags/example_python_operator.py took 0.066 seconds
[2023-07-05T21:17:52.304+0000] {processor.py:157} INFO - Started process (PID=167) to work on /home/airflow/.local/lib/python3.7/site-packages/airflow/example_dags/example_python_operator.py
[2023-07-05T21:17:52.306+0000] {processor.py:826} INFO - Processing file /home/airflow/.local/lib/python3.7/site-packages/airflow/example_dags/example_python_operator.py for tasks to queue
[2023-07-05T21:17:52.307+0000] {logging_mixin.py:149} INFO - [2023-07-05T21:17:52.307+0000] {dagbag.py:541} INFO - Filling up the DagBag from /home/airflow/.local/lib/python3.7/site-packages/airflow/example_dags/example_python_operator.py
[2023-07-05T21:17:52.317+0000] {processor.py:836} INFO - DAG(s) dict_keys(['example_python_operator']) retrieved from /home/airflow/.local/lib/python3.7/site-packages/airflow/example_dags/example_python_operator.py
[2023-07-05T21:17:52.408+0000] {logging_mixin.py:149} INFO - [2023-07-05T21:17:52.407+0000] {dag.py:2726} INFO - Sync 1 DAGs
[2023-07-05T21:17:52.424+0000] {logging_mixin.py:149} INFO - [2023-07-05T21:17:52.424+0000] {dag.py:3490} INFO - Setting next_dagrun for example_python_operator to None, run_after=None
[2023-07-05T21:17:52.438+0000] {processor.py:179} INFO - Processing /home/airflow/.local/lib/python3.7/site-packages/airflow/example_dags/example_python_operator.py took 0.137 seconds
[2023-07-05T21:18:22.818+0000] {processor.py:157} INFO - Started process (PID=225) to work on /home/airflow/.local/lib/python3.7/site-packages/airflow/example_dags/example_python_operator.py
[2023-07-05T21:18:22.822+0000] {processor.py:826} INFO - Processing file /home/airflow/.local/lib/python3.7/site-packages/airflow/example_dags/example_python_operator.py for tasks to queue
[2023-07-05T21:18:22.824+0000] {logging_mixin.py:149} INFO - [2023-07-05T21:18:22.824+0000] {dagbag.py:541} INFO - Filling up the DagBag from /home/airflow/.local/lib/python3.7/site-packages/airflow/example_dags/example_python_operator.py
[2023-07-05T21:18:22.834+0000] {processor.py:836} INFO - DAG(s) dict_keys(['example_python_operator']) retrieved from /home/airflow/.local/lib/python3.7/site-packages/airflow/example_dags/example_python_operator.py
[2023-07-05T21:18:22.860+0000] {logging_mixin.py:149} INFO - [2023-07-05T21:18:22.860+0000] {dag.py:2726} INFO - Sync 1 DAGs
[2023-07-05T21:18:22.879+0000] {logging_mixin.py:149} INFO - [2023-07-05T21:18:22.879+0000] {dag.py:3490} INFO - Setting next_dagrun for example_python_operator to None, run_after=None
[2023-07-05T21:18:22.892+0000] {processor.py:179} INFO - Processing /home/airflow/.local/lib/python3.7/site-packages/airflow/example_dags/example_python_operator.py took 0.078 seconds
[2023-07-05T21:25:43.270+0000] {processor.py:157} INFO - Started process (PID=54) to work on /home/airflow/.local/lib/python3.7/site-packages/airflow/example_dags/example_python_operator.py
[2023-07-05T21:25:43.274+0000] {processor.py:826} INFO - Processing file /home/airflow/.local/lib/python3.7/site-packages/airflow/example_dags/example_python_operator.py for tasks to queue
[2023-07-05T21:25:43.278+0000] {logging_mixin.py:149} INFO - [2023-07-05T21:25:43.278+0000] {dagbag.py:541} INFO - Filling up the DagBag from /home/airflow/.local/lib/python3.7/site-packages/airflow/example_dags/example_python_operator.py
[2023-07-05T21:25:43.289+0000] {processor.py:836} INFO - DAG(s) dict_keys(['example_python_operator']) retrieved from /home/airflow/.local/lib/python3.7/site-packages/airflow/example_dags/example_python_operator.py
[2023-07-05T21:25:43.313+0000] {logging_mixin.py:149} INFO - [2023-07-05T21:25:43.312+0000] {dag.py:2726} INFO - Sync 1 DAGs
[2023-07-05T21:25:43.340+0000] {logging_mixin.py:149} INFO - [2023-07-05T21:25:43.340+0000] {dag.py:3490} INFO - Setting next_dagrun for example_python_operator to None, run_after=None
[2023-07-05T21:25:43.363+0000] {processor.py:179} INFO - Processing /home/airflow/.local/lib/python3.7/site-packages/airflow/example_dags/example_python_operator.py took 0.097 seconds
[2023-07-05T21:26:14.013+0000] {processor.py:157} INFO - Started process (PID=112) to work on /home/airflow/.local/lib/python3.7/site-packages/airflow/example_dags/example_python_operator.py
[2023-07-05T21:26:14.016+0000] {processor.py:826} INFO - Processing file /home/airflow/.local/lib/python3.7/site-packages/airflow/example_dags/example_python_operator.py for tasks to queue
[2023-07-05T21:26:14.018+0000] {logging_mixin.py:149} INFO - [2023-07-05T21:26:14.018+0000] {dagbag.py:541} INFO - Filling up the DagBag from /home/airflow/.local/lib/python3.7/site-packages/airflow/example_dags/example_python_operator.py
[2023-07-05T21:26:14.028+0000] {processor.py:836} INFO - DAG(s) dict_keys(['example_python_operator']) retrieved from /home/airflow/.local/lib/python3.7/site-packages/airflow/example_dags/example_python_operator.py
[2023-07-05T21:26:14.137+0000] {logging_mixin.py:149} INFO - [2023-07-05T21:26:14.137+0000] {dag.py:2726} INFO - Sync 1 DAGs
[2023-07-05T21:26:14.155+0000] {logging_mixin.py:149} INFO - [2023-07-05T21:26:14.155+0000] {dag.py:3490} INFO - Setting next_dagrun for example_python_operator to None, run_after=None
[2023-07-05T21:26:14.173+0000] {processor.py:179} INFO - Processing /home/airflow/.local/lib/python3.7/site-packages/airflow/example_dags/example_python_operator.py took 0.164 seconds
[2023-07-05T21:26:44.692+0000] {processor.py:157} INFO - Started process (PID=170) to work on /home/airflow/.local/lib/python3.7/site-packages/airflow/example_dags/example_python_operator.py
[2023-07-05T21:26:44.695+0000] {processor.py:826} INFO - Processing file /home/airflow/.local/lib/python3.7/site-packages/airflow/example_dags/example_python_operator.py for tasks to queue
[2023-07-05T21:26:44.703+0000] {logging_mixin.py:149} INFO - [2023-07-05T21:26:44.703+0000] {dagbag.py:541} INFO - Filling up the DagBag from /home/airflow/.local/lib/python3.7/site-packages/airflow/example_dags/example_python_operator.py
[2023-07-05T21:26:44.718+0000] {processor.py:836} INFO - DAG(s) dict_keys(['example_python_operator']) retrieved from /home/airflow/.local/lib/python3.7/site-packages/airflow/example_dags/example_python_operator.py
[2023-07-05T21:26:44.753+0000] {logging_mixin.py:149} INFO - [2023-07-05T21:26:44.753+0000] {dag.py:2726} INFO - Sync 1 DAGs
[2023-07-05T21:26:44.782+0000] {logging_mixin.py:149} INFO - [2023-07-05T21:26:44.782+0000] {dag.py:3490} INFO - Setting next_dagrun for example_python_operator to None, run_after=None
[2023-07-05T21:26:44.801+0000] {processor.py:179} INFO - Processing /home/airflow/.local/lib/python3.7/site-packages/airflow/example_dags/example_python_operator.py took 0.113 seconds
