[2023-07-05T21:16:49.836+0000] {processor.py:157} INFO - Started process (PID=38) to work on /home/airflow/.local/lib/python3.7/site-packages/airflow/example_dags/example_short_circuit_decorator.py
[2023-07-05T21:16:49.841+0000] {processor.py:826} INFO - Processing file /home/airflow/.local/lib/python3.7/site-packages/airflow/example_dags/example_short_circuit_decorator.py for tasks to queue
[2023-07-05T21:16:49.843+0000] {logging_mixin.py:149} INFO - [2023-07-05T21:16:49.843+0000] {dagbag.py:541} INFO - Filling up the DagBag from /home/airflow/.local/lib/python3.7/site-packages/airflow/example_dags/example_short_circuit_decorator.py
[2023-07-05T21:16:49.858+0000] {processor.py:836} INFO - DAG(s) dict_keys(['example_short_circuit_decorator']) retrieved from /home/airflow/.local/lib/python3.7/site-packages/airflow/example_dags/example_short_circuit_decorator.py
[2023-07-05T21:16:49.878+0000] {logging_mixin.py:149} INFO - [2023-07-05T21:16:49.877+0000] {dag.py:2726} INFO - Sync 1 DAGs
[2023-07-05T21:16:49.908+0000] {logging_mixin.py:149} INFO - [2023-07-05T21:16:49.908+0000] {dag.py:3490} INFO - Setting next_dagrun for example_short_circuit_decorator to 2023-07-04T21:16:49.908171+00:00, run_after=2023-07-05T21:16:49.908171+00:00
[2023-07-05T21:16:49.950+0000] {processor.py:179} INFO - Processing /home/airflow/.local/lib/python3.7/site-packages/airflow/example_dags/example_short_circuit_decorator.py took 0.117 seconds
[2023-07-05T21:17:20.389+0000] {processor.py:157} INFO - Started process (PID=95) to work on /home/airflow/.local/lib/python3.7/site-packages/airflow/example_dags/example_short_circuit_decorator.py
[2023-07-05T21:17:20.391+0000] {processor.py:826} INFO - Processing file /home/airflow/.local/lib/python3.7/site-packages/airflow/example_dags/example_short_circuit_decorator.py for tasks to queue
[2023-07-05T21:17:20.392+0000] {logging_mixin.py:149} INFO - [2023-07-05T21:17:20.392+0000] {dagbag.py:541} INFO - Filling up the DagBag from /home/airflow/.local/lib/python3.7/site-packages/airflow/example_dags/example_short_circuit_decorator.py
[2023-07-05T21:17:20.400+0000] {processor.py:836} INFO - DAG(s) dict_keys(['example_short_circuit_decorator']) retrieved from /home/airflow/.local/lib/python3.7/site-packages/airflow/example_dags/example_short_circuit_decorator.py
[2023-07-05T21:17:20.417+0000] {logging_mixin.py:149} INFO - [2023-07-05T21:17:20.417+0000] {dag.py:2726} INFO - Sync 1 DAGs
[2023-07-05T21:17:20.435+0000] {logging_mixin.py:149} INFO - [2023-07-05T21:17:20.435+0000] {dag.py:3490} INFO - Setting next_dagrun for example_short_circuit_decorator to 2023-07-04T21:17:20.435400+00:00, run_after=2023-07-05T21:17:20.435400+00:00
[2023-07-05T21:17:20.450+0000] {processor.py:179} INFO - Processing /home/airflow/.local/lib/python3.7/site-packages/airflow/example_dags/example_short_circuit_decorator.py took 0.065 seconds
[2023-07-05T21:17:51.527+0000] {processor.py:157} INFO - Started process (PID=154) to work on /home/airflow/.local/lib/python3.7/site-packages/airflow/example_dags/example_short_circuit_decorator.py
[2023-07-05T21:17:51.529+0000] {processor.py:826} INFO - Processing file /home/airflow/.local/lib/python3.7/site-packages/airflow/example_dags/example_short_circuit_decorator.py for tasks to queue
[2023-07-05T21:17:51.530+0000] {logging_mixin.py:149} INFO - [2023-07-05T21:17:51.530+0000] {dagbag.py:541} INFO - Filling up the DagBag from /home/airflow/.local/lib/python3.7/site-packages/airflow/example_dags/example_short_circuit_decorator.py
[2023-07-05T21:17:51.539+0000] {processor.py:836} INFO - DAG(s) dict_keys(['example_short_circuit_decorator']) retrieved from /home/airflow/.local/lib/python3.7/site-packages/airflow/example_dags/example_short_circuit_decorator.py
[2023-07-05T21:17:51.565+0000] {logging_mixin.py:149} INFO - [2023-07-05T21:17:51.565+0000] {dag.py:2726} INFO - Sync 1 DAGs
[2023-07-05T21:17:51.587+0000] {logging_mixin.py:149} INFO - [2023-07-05T21:17:51.587+0000] {dag.py:3490} INFO - Setting next_dagrun for example_short_circuit_decorator to 2023-07-04T21:17:51.587164+00:00, run_after=2023-07-05T21:17:51.587164+00:00
[2023-07-05T21:17:51.604+0000] {processor.py:179} INFO - Processing /home/airflow/.local/lib/python3.7/site-packages/airflow/example_dags/example_short_circuit_decorator.py took 0.080 seconds
[2023-07-05T21:18:22.146+0000] {processor.py:157} INFO - Started process (PID=212) to work on /home/airflow/.local/lib/python3.7/site-packages/airflow/example_dags/example_short_circuit_decorator.py
[2023-07-05T21:18:22.148+0000] {processor.py:826} INFO - Processing file /home/airflow/.local/lib/python3.7/site-packages/airflow/example_dags/example_short_circuit_decorator.py for tasks to queue
[2023-07-05T21:18:22.150+0000] {logging_mixin.py:149} INFO - [2023-07-05T21:18:22.150+0000] {dagbag.py:541} INFO - Filling up the DagBag from /home/airflow/.local/lib/python3.7/site-packages/airflow/example_dags/example_short_circuit_decorator.py
[2023-07-05T21:18:22.159+0000] {processor.py:836} INFO - DAG(s) dict_keys(['example_short_circuit_decorator']) retrieved from /home/airflow/.local/lib/python3.7/site-packages/airflow/example_dags/example_short_circuit_decorator.py
[2023-07-05T21:18:22.186+0000] {logging_mixin.py:149} INFO - [2023-07-05T21:18:22.186+0000] {dag.py:2726} INFO - Sync 1 DAGs
[2023-07-05T21:18:22.208+0000] {logging_mixin.py:149} INFO - [2023-07-05T21:18:22.208+0000] {dag.py:3490} INFO - Setting next_dagrun for example_short_circuit_decorator to 2023-07-04T21:18:22.207961+00:00, run_after=2023-07-05T21:18:22.207961+00:00
[2023-07-05T21:18:22.225+0000] {processor.py:179} INFO - Processing /home/airflow/.local/lib/python3.7/site-packages/airflow/example_dags/example_short_circuit_decorator.py took 0.082 seconds
[2023-07-05T21:25:42.151+0000] {processor.py:157} INFO - Started process (PID=41) to work on /home/airflow/.local/lib/python3.7/site-packages/airflow/example_dags/example_short_circuit_decorator.py
[2023-07-05T21:25:42.154+0000] {processor.py:826} INFO - Processing file /home/airflow/.local/lib/python3.7/site-packages/airflow/example_dags/example_short_circuit_decorator.py for tasks to queue
[2023-07-05T21:25:42.156+0000] {logging_mixin.py:149} INFO - [2023-07-05T21:25:42.156+0000] {dagbag.py:541} INFO - Filling up the DagBag from /home/airflow/.local/lib/python3.7/site-packages/airflow/example_dags/example_short_circuit_decorator.py
[2023-07-05T21:25:42.166+0000] {processor.py:836} INFO - DAG(s) dict_keys(['example_short_circuit_decorator']) retrieved from /home/airflow/.local/lib/python3.7/site-packages/airflow/example_dags/example_short_circuit_decorator.py
[2023-07-05T21:25:42.188+0000] {logging_mixin.py:149} INFO - [2023-07-05T21:25:42.187+0000] {dag.py:2726} INFO - Sync 1 DAGs
[2023-07-05T21:25:42.214+0000] {logging_mixin.py:149} INFO - [2023-07-05T21:25:42.213+0000] {dag.py:3490} INFO - Setting next_dagrun for example_short_circuit_decorator to 2023-07-04T21:25:42.213671+00:00, run_after=2023-07-05T21:25:42.213671+00:00
[2023-07-05T21:25:42.241+0000] {processor.py:179} INFO - Processing /home/airflow/.local/lib/python3.7/site-packages/airflow/example_dags/example_short_circuit_decorator.py took 0.093 seconds
[2023-07-05T21:26:12.895+0000] {processor.py:157} INFO - Started process (PID=98) to work on /home/airflow/.local/lib/python3.7/site-packages/airflow/example_dags/example_short_circuit_decorator.py
[2023-07-05T21:26:12.900+0000] {processor.py:826} INFO - Processing file /home/airflow/.local/lib/python3.7/site-packages/airflow/example_dags/example_short_circuit_decorator.py for tasks to queue
[2023-07-05T21:26:12.902+0000] {logging_mixin.py:149} INFO - [2023-07-05T21:26:12.901+0000] {dagbag.py:541} INFO - Filling up the DagBag from /home/airflow/.local/lib/python3.7/site-packages/airflow/example_dags/example_short_circuit_decorator.py
[2023-07-05T21:26:12.910+0000] {processor.py:836} INFO - DAG(s) dict_keys(['example_short_circuit_decorator']) retrieved from /home/airflow/.local/lib/python3.7/site-packages/airflow/example_dags/example_short_circuit_decorator.py
[2023-07-05T21:26:12.937+0000] {logging_mixin.py:149} INFO - [2023-07-05T21:26:12.937+0000] {dag.py:2726} INFO - Sync 1 DAGs
[2023-07-05T21:26:12.965+0000] {logging_mixin.py:149} INFO - [2023-07-05T21:26:12.965+0000] {dag.py:3490} INFO - Setting next_dagrun for example_short_circuit_decorator to 2023-07-04T21:26:12.964780+00:00, run_after=2023-07-05T21:26:12.964780+00:00
[2023-07-05T21:26:12.983+0000] {processor.py:179} INFO - Processing /home/airflow/.local/lib/python3.7/site-packages/airflow/example_dags/example_short_circuit_decorator.py took 0.092 seconds
[2023-07-05T21:26:43.678+0000] {processor.py:157} INFO - Started process (PID=156) to work on /home/airflow/.local/lib/python3.7/site-packages/airflow/example_dags/example_short_circuit_decorator.py
[2023-07-05T21:26:43.680+0000] {processor.py:826} INFO - Processing file /home/airflow/.local/lib/python3.7/site-packages/airflow/example_dags/example_short_circuit_decorator.py for tasks to queue
[2023-07-05T21:26:43.682+0000] {logging_mixin.py:149} INFO - [2023-07-05T21:26:43.682+0000] {dagbag.py:541} INFO - Filling up the DagBag from /home/airflow/.local/lib/python3.7/site-packages/airflow/example_dags/example_short_circuit_decorator.py
[2023-07-05T21:26:43.690+0000] {processor.py:836} INFO - DAG(s) dict_keys(['example_short_circuit_decorator']) retrieved from /home/airflow/.local/lib/python3.7/site-packages/airflow/example_dags/example_short_circuit_decorator.py
[2023-07-05T21:26:43.717+0000] {logging_mixin.py:149} INFO - [2023-07-05T21:26:43.717+0000] {dag.py:2726} INFO - Sync 1 DAGs
[2023-07-05T21:26:43.738+0000] {logging_mixin.py:149} INFO - [2023-07-05T21:26:43.738+0000] {dag.py:3490} INFO - Setting next_dagrun for example_short_circuit_decorator to 2023-07-04T21:26:43.738366+00:00, run_after=2023-07-05T21:26:43.738366+00:00
[2023-07-05T21:26:43.758+0000] {processor.py:179} INFO - Processing /home/airflow/.local/lib/python3.7/site-packages/airflow/example_dags/example_short_circuit_decorator.py took 0.083 seconds
