[2023-07-05T21:16:50.715+0000] {processor.py:157} INFO - Started process (PID=47) to work on /home/airflow/.local/lib/python3.7/site-packages/airflow/example_dags/example_latest_only_with_trigger.py
[2023-07-05T21:16:50.719+0000] {processor.py:826} INFO - Processing file /home/airflow/.local/lib/python3.7/site-packages/airflow/example_dags/example_latest_only_with_trigger.py for tasks to queue
[2023-07-05T21:16:50.721+0000] {logging_mixin.py:149} INFO - [2023-07-05T21:16:50.721+0000] {dagbag.py:541} INFO - Filling up the DagBag from /home/airflow/.local/lib/python3.7/site-packages/airflow/example_dags/example_latest_only_with_trigger.py
[2023-07-05T21:16:50.728+0000] {processor.py:836} INFO - DAG(s) dict_keys(['latest_only_with_trigger']) retrieved from /home/airflow/.local/lib/python3.7/site-packages/airflow/example_dags/example_latest_only_with_trigger.py
[2023-07-05T21:16:50.745+0000] {logging_mixin.py:149} INFO - [2023-07-05T21:16:50.745+0000] {dag.py:2726} INFO - Sync 1 DAGs
[2023-07-05T21:16:50.771+0000] {logging_mixin.py:149} INFO - [2023-07-05T21:16:50.771+0000] {dag.py:3490} INFO - Setting next_dagrun for latest_only_with_trigger to 2023-07-05T17:16:50.771080+00:00, run_after=2023-07-05T21:16:50.771080+00:00
[2023-07-05T21:16:50.790+0000] {processor.py:179} INFO - Processing /home/airflow/.local/lib/python3.7/site-packages/airflow/example_dags/example_latest_only_with_trigger.py took 0.078 seconds
[2023-07-05T21:17:21.030+0000] {processor.py:157} INFO - Started process (PID=105) to work on /home/airflow/.local/lib/python3.7/site-packages/airflow/example_dags/example_latest_only_with_trigger.py
[2023-07-05T21:17:21.033+0000] {processor.py:826} INFO - Processing file /home/airflow/.local/lib/python3.7/site-packages/airflow/example_dags/example_latest_only_with_trigger.py for tasks to queue
[2023-07-05T21:17:21.034+0000] {logging_mixin.py:149} INFO - [2023-07-05T21:17:21.034+0000] {dagbag.py:541} INFO - Filling up the DagBag from /home/airflow/.local/lib/python3.7/site-packages/airflow/example_dags/example_latest_only_with_trigger.py
[2023-07-05T21:17:21.040+0000] {processor.py:836} INFO - DAG(s) dict_keys(['latest_only_with_trigger']) retrieved from /home/airflow/.local/lib/python3.7/site-packages/airflow/example_dags/example_latest_only_with_trigger.py
[2023-07-05T21:17:21.055+0000] {logging_mixin.py:149} INFO - [2023-07-05T21:17:21.055+0000] {dag.py:2726} INFO - Sync 1 DAGs
[2023-07-05T21:17:21.078+0000] {logging_mixin.py:149} INFO - [2023-07-05T21:17:21.078+0000] {dag.py:3490} INFO - Setting next_dagrun for latest_only_with_trigger to 2023-07-05T17:17:21.078336+00:00, run_after=2023-07-05T21:17:21.078336+00:00
[2023-07-05T21:17:21.092+0000] {processor.py:179} INFO - Processing /home/airflow/.local/lib/python3.7/site-packages/airflow/example_dags/example_latest_only_with_trigger.py took 0.065 seconds
[2023-07-05T21:17:52.104+0000] {processor.py:157} INFO - Started process (PID=163) to work on /home/airflow/.local/lib/python3.7/site-packages/airflow/example_dags/example_latest_only_with_trigger.py
[2023-07-05T21:17:52.106+0000] {processor.py:826} INFO - Processing file /home/airflow/.local/lib/python3.7/site-packages/airflow/example_dags/example_latest_only_with_trigger.py for tasks to queue
[2023-07-05T21:17:52.108+0000] {logging_mixin.py:149} INFO - [2023-07-05T21:17:52.108+0000] {dagbag.py:541} INFO - Filling up the DagBag from /home/airflow/.local/lib/python3.7/site-packages/airflow/example_dags/example_latest_only_with_trigger.py
[2023-07-05T21:17:52.114+0000] {processor.py:836} INFO - DAG(s) dict_keys(['latest_only_with_trigger']) retrieved from /home/airflow/.local/lib/python3.7/site-packages/airflow/example_dags/example_latest_only_with_trigger.py
[2023-07-05T21:17:52.139+0000] {logging_mixin.py:149} INFO - [2023-07-05T21:17:52.139+0000] {dag.py:2726} INFO - Sync 1 DAGs
[2023-07-05T21:17:52.159+0000] {logging_mixin.py:149} INFO - [2023-07-05T21:17:52.158+0000] {dag.py:3490} INFO - Setting next_dagrun for latest_only_with_trigger to 2023-07-05T17:17:52.158647+00:00, run_after=2023-07-05T21:17:52.158647+00:00
[2023-07-05T21:17:52.175+0000] {processor.py:179} INFO - Processing /home/airflow/.local/lib/python3.7/site-packages/airflow/example_dags/example_latest_only_with_trigger.py took 0.075 seconds
[2023-07-05T21:18:22.616+0000] {processor.py:157} INFO - Started process (PID=221) to work on /home/airflow/.local/lib/python3.7/site-packages/airflow/example_dags/example_latest_only_with_trigger.py
[2023-07-05T21:18:22.618+0000] {processor.py:826} INFO - Processing file /home/airflow/.local/lib/python3.7/site-packages/airflow/example_dags/example_latest_only_with_trigger.py for tasks to queue
[2023-07-05T21:18:22.620+0000] {logging_mixin.py:149} INFO - [2023-07-05T21:18:22.620+0000] {dagbag.py:541} INFO - Filling up the DagBag from /home/airflow/.local/lib/python3.7/site-packages/airflow/example_dags/example_latest_only_with_trigger.py
[2023-07-05T21:18:22.627+0000] {processor.py:836} INFO - DAG(s) dict_keys(['latest_only_with_trigger']) retrieved from /home/airflow/.local/lib/python3.7/site-packages/airflow/example_dags/example_latest_only_with_trigger.py
[2023-07-05T21:18:22.651+0000] {logging_mixin.py:149} INFO - [2023-07-05T21:18:22.651+0000] {dag.py:2726} INFO - Sync 1 DAGs
[2023-07-05T21:18:22.669+0000] {logging_mixin.py:149} INFO - [2023-07-05T21:18:22.669+0000] {dag.py:3490} INFO - Setting next_dagrun for latest_only_with_trigger to 2023-07-05T17:18:22.669287+00:00, run_after=2023-07-05T21:18:22.669287+00:00
[2023-07-05T21:18:22.684+0000] {processor.py:179} INFO - Processing /home/airflow/.local/lib/python3.7/site-packages/airflow/example_dags/example_latest_only_with_trigger.py took 0.071 seconds
[2023-07-05T21:25:42.989+0000] {processor.py:157} INFO - Started process (PID=50) to work on /home/airflow/.local/lib/python3.7/site-packages/airflow/example_dags/example_latest_only_with_trigger.py
[2023-07-05T21:25:42.992+0000] {processor.py:826} INFO - Processing file /home/airflow/.local/lib/python3.7/site-packages/airflow/example_dags/example_latest_only_with_trigger.py for tasks to queue
[2023-07-05T21:25:42.995+0000] {logging_mixin.py:149} INFO - [2023-07-05T21:25:42.994+0000] {dagbag.py:541} INFO - Filling up the DagBag from /home/airflow/.local/lib/python3.7/site-packages/airflow/example_dags/example_latest_only_with_trigger.py
[2023-07-05T21:25:43.002+0000] {processor.py:836} INFO - DAG(s) dict_keys(['latest_only_with_trigger']) retrieved from /home/airflow/.local/lib/python3.7/site-packages/airflow/example_dags/example_latest_only_with_trigger.py
[2023-07-05T21:25:43.021+0000] {logging_mixin.py:149} INFO - [2023-07-05T21:25:43.021+0000] {dag.py:2726} INFO - Sync 1 DAGs
[2023-07-05T21:25:43.045+0000] {logging_mixin.py:149} INFO - [2023-07-05T21:25:43.045+0000] {dag.py:3490} INFO - Setting next_dagrun for latest_only_with_trigger to 2023-07-05T17:25:43.045270+00:00, run_after=2023-07-05T21:25:43.045270+00:00
[2023-07-05T21:25:43.065+0000] {processor.py:179} INFO - Processing /home/airflow/.local/lib/python3.7/site-packages/airflow/example_dags/example_latest_only_with_trigger.py took 0.080 seconds
[2023-07-05T21:26:13.758+0000] {processor.py:157} INFO - Started process (PID=108) to work on /home/airflow/.local/lib/python3.7/site-packages/airflow/example_dags/example_latest_only_with_trigger.py
[2023-07-05T21:26:13.760+0000] {processor.py:826} INFO - Processing file /home/airflow/.local/lib/python3.7/site-packages/airflow/example_dags/example_latest_only_with_trigger.py for tasks to queue
[2023-07-05T21:26:13.762+0000] {logging_mixin.py:149} INFO - [2023-07-05T21:26:13.762+0000] {dagbag.py:541} INFO - Filling up the DagBag from /home/airflow/.local/lib/python3.7/site-packages/airflow/example_dags/example_latest_only_with_trigger.py
[2023-07-05T21:26:13.769+0000] {processor.py:836} INFO - DAG(s) dict_keys(['latest_only_with_trigger']) retrieved from /home/airflow/.local/lib/python3.7/site-packages/airflow/example_dags/example_latest_only_with_trigger.py
[2023-07-05T21:26:13.793+0000] {logging_mixin.py:149} INFO - [2023-07-05T21:26:13.793+0000] {dag.py:2726} INFO - Sync 1 DAGs
[2023-07-05T21:26:13.813+0000] {logging_mixin.py:149} INFO - [2023-07-05T21:26:13.813+0000] {dag.py:3490} INFO - Setting next_dagrun for latest_only_with_trigger to 2023-07-05T17:26:13.813367+00:00, run_after=2023-07-05T21:26:13.813367+00:00
[2023-07-05T21:26:13.833+0000] {processor.py:179} INFO - Processing /home/airflow/.local/lib/python3.7/site-packages/airflow/example_dags/example_latest_only_with_trigger.py took 0.078 seconds
[2023-07-05T21:26:44.417+0000] {processor.py:157} INFO - Started process (PID=166) to work on /home/airflow/.local/lib/python3.7/site-packages/airflow/example_dags/example_latest_only_with_trigger.py
[2023-07-05T21:26:44.420+0000] {processor.py:826} INFO - Processing file /home/airflow/.local/lib/python3.7/site-packages/airflow/example_dags/example_latest_only_with_trigger.py for tasks to queue
[2023-07-05T21:26:44.421+0000] {logging_mixin.py:149} INFO - [2023-07-05T21:26:44.421+0000] {dagbag.py:541} INFO - Filling up the DagBag from /home/airflow/.local/lib/python3.7/site-packages/airflow/example_dags/example_latest_only_with_trigger.py
[2023-07-05T21:26:44.427+0000] {processor.py:836} INFO - DAG(s) dict_keys(['latest_only_with_trigger']) retrieved from /home/airflow/.local/lib/python3.7/site-packages/airflow/example_dags/example_latest_only_with_trigger.py
[2023-07-05T21:26:44.458+0000] {logging_mixin.py:149} INFO - [2023-07-05T21:26:44.457+0000] {dag.py:2726} INFO - Sync 1 DAGs
[2023-07-05T21:26:44.495+0000] {logging_mixin.py:149} INFO - [2023-07-05T21:26:44.495+0000] {dag.py:3490} INFO - Setting next_dagrun for latest_only_with_trigger to 2023-07-05T17:26:44.494755+00:00, run_after=2023-07-05T21:26:44.494755+00:00
[2023-07-05T21:26:44.518+0000] {processor.py:179} INFO - Processing /home/airflow/.local/lib/python3.7/site-packages/airflow/example_dags/example_latest_only_with_trigger.py took 0.106 seconds
