[2023-07-05T21:16:50.360+0000] {processor.py:157} INFO - Started process (PID=43) to work on /home/airflow/.local/lib/python3.7/site-packages/airflow/example_dags/example_datasets.py
[2023-07-05T21:16:50.363+0000] {processor.py:826} INFO - Processing file /home/airflow/.local/lib/python3.7/site-packages/airflow/example_dags/example_datasets.py for tasks to queue
[2023-07-05T21:16:50.364+0000] {logging_mixin.py:149} INFO - [2023-07-05T21:16:50.364+0000] {dagbag.py:541} INFO - Filling up the DagBag from /home/airflow/.local/lib/python3.7/site-packages/airflow/example_dags/example_datasets.py
[2023-07-05T21:16:50.374+0000] {processor.py:836} INFO - DAG(s) dict_keys(['dataset_consumes_1', 'dataset_consumes_1_and_2', 'dataset_consumes_1_never_scheduled', 'dataset_produces_1', 'dataset_consumes_unknown_never_scheduled', 'dataset_produces_2']) retrieved from /home/airflow/.local/lib/python3.7/site-packages/airflow/example_dags/example_datasets.py
[2023-07-05T21:16:50.396+0000] {logging_mixin.py:149} INFO - [2023-07-05T21:16:50.396+0000] {dag.py:2726} INFO - Sync 6 DAGs
[2023-07-05T21:16:50.423+0000] {logging_mixin.py:149} INFO - [2023-07-05T21:16:50.423+0000] {dag.py:3490} INFO - Setting next_dagrun for dataset_consumes_1 to None, run_after=None
[2023-07-05T21:16:50.433+0000] {logging_mixin.py:149} INFO - [2023-07-05T21:16:50.433+0000] {dag.py:3490} INFO - Setting next_dagrun for dataset_consumes_1_and_2 to None, run_after=None
[2023-07-05T21:16:50.436+0000] {logging_mixin.py:149} INFO - [2023-07-05T21:16:50.436+0000] {dag.py:3490} INFO - Setting next_dagrun for dataset_consumes_1_never_scheduled to None, run_after=None
[2023-07-05T21:16:50.441+0000] {logging_mixin.py:149} INFO - [2023-07-05T21:16:50.440+0000] {dag.py:3490} INFO - Setting next_dagrun for dataset_consumes_unknown_never_scheduled to None, run_after=None
[2023-07-05T21:16:50.449+0000] {logging_mixin.py:149} INFO - [2023-07-05T21:16:50.449+0000] {dag.py:3490} INFO - Setting next_dagrun for dataset_produces_1 to 2023-07-04T00:00:00+00:00, run_after=2023-07-05T00:00:00+00:00
[2023-07-05T21:16:50.456+0000] {logging_mixin.py:149} INFO - [2023-07-05T21:16:50.456+0000] {dag.py:3490} INFO - Setting next_dagrun for dataset_produces_2 to None, run_after=None
[2023-07-05T21:16:50.523+0000] {processor.py:179} INFO - Processing /home/airflow/.local/lib/python3.7/site-packages/airflow/example_dags/example_datasets.py took 0.167 seconds
[2023-07-05T21:17:20.756+0000] {processor.py:157} INFO - Started process (PID=101) to work on /home/airflow/.local/lib/python3.7/site-packages/airflow/example_dags/example_datasets.py
[2023-07-05T21:17:20.757+0000] {processor.py:826} INFO - Processing file /home/airflow/.local/lib/python3.7/site-packages/airflow/example_dags/example_datasets.py for tasks to queue
[2023-07-05T21:17:20.760+0000] {logging_mixin.py:149} INFO - [2023-07-05T21:17:20.760+0000] {dagbag.py:541} INFO - Filling up the DagBag from /home/airflow/.local/lib/python3.7/site-packages/airflow/example_dags/example_datasets.py
[2023-07-05T21:17:20.767+0000] {processor.py:836} INFO - DAG(s) dict_keys(['dataset_produces_1', 'dataset_consumes_1_never_scheduled', 'dataset_consumes_unknown_never_scheduled', 'dataset_produces_2', 'dataset_consumes_1', 'dataset_consumes_1_and_2']) retrieved from /home/airflow/.local/lib/python3.7/site-packages/airflow/example_dags/example_datasets.py
[2023-07-05T21:17:20.785+0000] {logging_mixin.py:149} INFO - [2023-07-05T21:17:20.785+0000] {dag.py:2726} INFO - Sync 6 DAGs
[2023-07-05T21:17:20.808+0000] {logging_mixin.py:149} INFO - [2023-07-05T21:17:20.808+0000] {dag.py:3490} INFO - Setting next_dagrun for dataset_consumes_1 to None, run_after=None
[2023-07-05T21:17:20.812+0000] {logging_mixin.py:149} INFO - [2023-07-05T21:17:20.812+0000] {dag.py:3490} INFO - Setting next_dagrun for dataset_consumes_1_and_2 to None, run_after=None
[2023-07-05T21:17:20.814+0000] {logging_mixin.py:149} INFO - [2023-07-05T21:17:20.814+0000] {dag.py:3490} INFO - Setting next_dagrun for dataset_consumes_1_never_scheduled to None, run_after=None
[2023-07-05T21:17:20.816+0000] {logging_mixin.py:149} INFO - [2023-07-05T21:17:20.816+0000] {dag.py:3490} INFO - Setting next_dagrun for dataset_consumes_unknown_never_scheduled to None, run_after=None
[2023-07-05T21:17:20.821+0000] {logging_mixin.py:149} INFO - [2023-07-05T21:17:20.821+0000] {dag.py:3490} INFO - Setting next_dagrun for dataset_produces_1 to 2023-07-04T00:00:00+00:00, run_after=2023-07-05T00:00:00+00:00
[2023-07-05T21:17:20.823+0000] {logging_mixin.py:149} INFO - [2023-07-05T21:17:20.823+0000] {dag.py:3490} INFO - Setting next_dagrun for dataset_produces_2 to None, run_after=None
[2023-07-05T21:17:20.860+0000] {processor.py:179} INFO - Processing /home/airflow/.local/lib/python3.7/site-packages/airflow/example_dags/example_datasets.py took 0.108 seconds
[2023-07-05T21:17:51.777+0000] {processor.py:157} INFO - Started process (PID=159) to work on /home/airflow/.local/lib/python3.7/site-packages/airflow/example_dags/example_datasets.py
[2023-07-05T21:17:51.779+0000] {processor.py:826} INFO - Processing file /home/airflow/.local/lib/python3.7/site-packages/airflow/example_dags/example_datasets.py for tasks to queue
[2023-07-05T21:17:51.782+0000] {logging_mixin.py:149} INFO - [2023-07-05T21:17:51.782+0000] {dagbag.py:541} INFO - Filling up the DagBag from /home/airflow/.local/lib/python3.7/site-packages/airflow/example_dags/example_datasets.py
[2023-07-05T21:17:51.789+0000] {processor.py:836} INFO - DAG(s) dict_keys(['dataset_consumes_1_and_2', 'dataset_consumes_1', 'dataset_consumes_1_never_scheduled', 'dataset_produces_1', 'dataset_consumes_unknown_never_scheduled', 'dataset_produces_2']) retrieved from /home/airflow/.local/lib/python3.7/site-packages/airflow/example_dags/example_datasets.py
[2023-07-05T21:17:51.961+0000] {logging_mixin.py:149} INFO - [2023-07-05T21:17:51.961+0000] {dag.py:2726} INFO - Sync 6 DAGs
[2023-07-05T21:17:51.979+0000] {logging_mixin.py:149} INFO - [2023-07-05T21:17:51.979+0000] {dag.py:3490} INFO - Setting next_dagrun for dataset_consumes_1 to None, run_after=None
[2023-07-05T21:17:51.984+0000] {logging_mixin.py:149} INFO - [2023-07-05T21:17:51.984+0000] {dag.py:3490} INFO - Setting next_dagrun for dataset_consumes_1_and_2 to None, run_after=None
[2023-07-05T21:17:51.985+0000] {logging_mixin.py:149} INFO - [2023-07-05T21:17:51.985+0000] {dag.py:3490} INFO - Setting next_dagrun for dataset_consumes_1_never_scheduled to None, run_after=None
[2023-07-05T21:17:51.988+0000] {logging_mixin.py:149} INFO - [2023-07-05T21:17:51.988+0000] {dag.py:3490} INFO - Setting next_dagrun for dataset_consumes_unknown_never_scheduled to None, run_after=None
[2023-07-05T21:17:51.992+0000] {logging_mixin.py:149} INFO - [2023-07-05T21:17:51.992+0000] {dag.py:3490} INFO - Setting next_dagrun for dataset_produces_1 to 2023-07-04T00:00:00+00:00, run_after=2023-07-05T00:00:00+00:00
[2023-07-05T21:17:51.994+0000] {logging_mixin.py:149} INFO - [2023-07-05T21:17:51.994+0000] {dag.py:3490} INFO - Setting next_dagrun for dataset_produces_2 to None, run_after=None
[2023-07-05T21:17:52.020+0000] {processor.py:179} INFO - Processing /home/airflow/.local/lib/python3.7/site-packages/airflow/example_dags/example_datasets.py took 0.246 seconds
[2023-07-05T21:18:22.367+0000] {processor.py:157} INFO - Started process (PID=217) to work on /home/airflow/.local/lib/python3.7/site-packages/airflow/example_dags/example_datasets.py
[2023-07-05T21:18:22.369+0000] {processor.py:826} INFO - Processing file /home/airflow/.local/lib/python3.7/site-packages/airflow/example_dags/example_datasets.py for tasks to queue
[2023-07-05T21:18:22.370+0000] {logging_mixin.py:149} INFO - [2023-07-05T21:18:22.370+0000] {dagbag.py:541} INFO - Filling up the DagBag from /home/airflow/.local/lib/python3.7/site-packages/airflow/example_dags/example_datasets.py
[2023-07-05T21:18:22.377+0000] {processor.py:836} INFO - DAG(s) dict_keys(['dataset_consumes_unknown_never_scheduled', 'dataset_produces_2', 'dataset_consumes_1', 'dataset_consumes_1_never_scheduled', 'dataset_consumes_1_and_2', 'dataset_produces_1']) retrieved from /home/airflow/.local/lib/python3.7/site-packages/airflow/example_dags/example_datasets.py
[2023-07-05T21:18:22.420+0000] {logging_mixin.py:149} INFO - [2023-07-05T21:18:22.420+0000] {dag.py:2726} INFO - Sync 6 DAGs
[2023-07-05T21:18:22.441+0000] {logging_mixin.py:149} INFO - [2023-07-05T21:18:22.441+0000] {dag.py:3490} INFO - Setting next_dagrun for dataset_consumes_1 to None, run_after=None
[2023-07-05T21:18:22.445+0000] {logging_mixin.py:149} INFO - [2023-07-05T21:18:22.445+0000] {dag.py:3490} INFO - Setting next_dagrun for dataset_consumes_1_and_2 to None, run_after=None
[2023-07-05T21:18:22.447+0000] {logging_mixin.py:149} INFO - [2023-07-05T21:18:22.447+0000] {dag.py:3490} INFO - Setting next_dagrun for dataset_consumes_1_never_scheduled to None, run_after=None
[2023-07-05T21:18:22.449+0000] {logging_mixin.py:149} INFO - [2023-07-05T21:18:22.449+0000] {dag.py:3490} INFO - Setting next_dagrun for dataset_consumes_unknown_never_scheduled to None, run_after=None
[2023-07-05T21:18:22.453+0000] {logging_mixin.py:149} INFO - [2023-07-05T21:18:22.453+0000] {dag.py:3490} INFO - Setting next_dagrun for dataset_produces_1 to 2023-07-04T00:00:00+00:00, run_after=2023-07-05T00:00:00+00:00
[2023-07-05T21:18:22.454+0000] {logging_mixin.py:149} INFO - [2023-07-05T21:18:22.454+0000] {dag.py:3490} INFO - Setting next_dagrun for dataset_produces_2 to None, run_after=None
[2023-07-05T21:18:22.476+0000] {processor.py:179} INFO - Processing /home/airflow/.local/lib/python3.7/site-packages/airflow/example_dags/example_datasets.py took 0.112 seconds
[2023-07-05T21:25:42.730+0000] {processor.py:157} INFO - Started process (PID=46) to work on /home/airflow/.local/lib/python3.7/site-packages/airflow/example_dags/example_datasets.py
[2023-07-05T21:25:42.733+0000] {processor.py:826} INFO - Processing file /home/airflow/.local/lib/python3.7/site-packages/airflow/example_dags/example_datasets.py for tasks to queue
[2023-07-05T21:25:42.734+0000] {logging_mixin.py:149} INFO - [2023-07-05T21:25:42.734+0000] {dagbag.py:541} INFO - Filling up the DagBag from /home/airflow/.local/lib/python3.7/site-packages/airflow/example_dags/example_datasets.py
[2023-07-05T21:25:42.743+0000] {processor.py:836} INFO - DAG(s) dict_keys(['dataset_consumes_1_and_2', 'dataset_produces_1', 'dataset_consumes_1', 'dataset_consumes_unknown_never_scheduled', 'dataset_consumes_1_never_scheduled', 'dataset_produces_2']) retrieved from /home/airflow/.local/lib/python3.7/site-packages/airflow/example_dags/example_datasets.py
[2023-07-05T21:25:42.768+0000] {logging_mixin.py:149} INFO - [2023-07-05T21:25:42.768+0000] {dag.py:2726} INFO - Sync 6 DAGs
[2023-07-05T21:25:42.796+0000] {logging_mixin.py:149} INFO - [2023-07-05T21:25:42.796+0000] {dag.py:3490} INFO - Setting next_dagrun for dataset_consumes_1 to None, run_after=None
[2023-07-05T21:25:42.801+0000] {logging_mixin.py:149} INFO - [2023-07-05T21:25:42.801+0000] {dag.py:3490} INFO - Setting next_dagrun for dataset_consumes_1_and_2 to None, run_after=None
[2023-07-05T21:25:42.805+0000] {logging_mixin.py:149} INFO - [2023-07-05T21:25:42.805+0000] {dag.py:3490} INFO - Setting next_dagrun for dataset_consumes_1_never_scheduled to None, run_after=None
[2023-07-05T21:25:42.807+0000] {logging_mixin.py:149} INFO - [2023-07-05T21:25:42.807+0000] {dag.py:3490} INFO - Setting next_dagrun for dataset_consumes_unknown_never_scheduled to None, run_after=None
[2023-07-05T21:25:42.810+0000] {logging_mixin.py:149} INFO - [2023-07-05T21:25:42.810+0000] {dag.py:3490} INFO - Setting next_dagrun for dataset_produces_1 to 2023-07-04T00:00:00+00:00, run_after=2023-07-05T00:00:00+00:00
[2023-07-05T21:25:42.812+0000] {logging_mixin.py:149} INFO - [2023-07-05T21:25:42.812+0000] {dag.py:3490} INFO - Setting next_dagrun for dataset_produces_2 to None, run_after=None
[2023-07-05T21:25:42.845+0000] {processor.py:179} INFO - Processing /home/airflow/.local/lib/python3.7/site-packages/airflow/example_dags/example_datasets.py took 0.118 seconds
[2023-07-05T21:26:13.416+0000] {processor.py:157} INFO - Started process (PID=104) to work on /home/airflow/.local/lib/python3.7/site-packages/airflow/example_dags/example_datasets.py
[2023-07-05T21:26:13.421+0000] {processor.py:826} INFO - Processing file /home/airflow/.local/lib/python3.7/site-packages/airflow/example_dags/example_datasets.py for tasks to queue
[2023-07-05T21:26:13.423+0000] {logging_mixin.py:149} INFO - [2023-07-05T21:26:13.423+0000] {dagbag.py:541} INFO - Filling up the DagBag from /home/airflow/.local/lib/python3.7/site-packages/airflow/example_dags/example_datasets.py
[2023-07-05T21:26:13.431+0000] {processor.py:836} INFO - DAG(s) dict_keys(['dataset_consumes_1', 'dataset_consumes_1_and_2', 'dataset_produces_2', 'dataset_consumes_unknown_never_scheduled', 'dataset_consumes_1_never_scheduled', 'dataset_produces_1']) retrieved from /home/airflow/.local/lib/python3.7/site-packages/airflow/example_dags/example_datasets.py
[2023-07-05T21:26:13.652+0000] {logging_mixin.py:149} INFO - [2023-07-05T21:26:13.652+0000] {dag.py:2726} INFO - Sync 6 DAGs
[2023-07-05T21:26:13.670+0000] {logging_mixin.py:149} INFO - [2023-07-05T21:26:13.670+0000] {dag.py:3490} INFO - Setting next_dagrun for dataset_consumes_1 to None, run_after=None
[2023-07-05T21:26:13.675+0000] {logging_mixin.py:149} INFO - [2023-07-05T21:26:13.675+0000] {dag.py:3490} INFO - Setting next_dagrun for dataset_consumes_1_and_2 to None, run_after=None
[2023-07-05T21:26:13.679+0000] {logging_mixin.py:149} INFO - [2023-07-05T21:26:13.679+0000] {dag.py:3490} INFO - Setting next_dagrun for dataset_consumes_1_never_scheduled to None, run_after=None
[2023-07-05T21:26:13.681+0000] {logging_mixin.py:149} INFO - [2023-07-05T21:26:13.680+0000] {dag.py:3490} INFO - Setting next_dagrun for dataset_consumes_unknown_never_scheduled to None, run_after=None
[2023-07-05T21:26:13.683+0000] {logging_mixin.py:149} INFO - [2023-07-05T21:26:13.683+0000] {dag.py:3490} INFO - Setting next_dagrun for dataset_produces_1 to 2023-07-04T00:00:00+00:00, run_after=2023-07-05T00:00:00+00:00
[2023-07-05T21:26:13.685+0000] {logging_mixin.py:149} INFO - [2023-07-05T21:26:13.685+0000] {dag.py:3490} INFO - Setting next_dagrun for dataset_produces_2 to None, run_after=None
[2023-07-05T21:26:13.722+0000] {processor.py:179} INFO - Processing /home/airflow/.local/lib/python3.7/site-packages/airflow/example_dags/example_datasets.py took 0.308 seconds
[2023-07-05T21:26:44.115+0000] {processor.py:157} INFO - Started process (PID=162) to work on /home/airflow/.local/lib/python3.7/site-packages/airflow/example_dags/example_datasets.py
[2023-07-05T21:26:44.117+0000] {processor.py:826} INFO - Processing file /home/airflow/.local/lib/python3.7/site-packages/airflow/example_dags/example_datasets.py for tasks to queue
[2023-07-05T21:26:44.119+0000] {logging_mixin.py:149} INFO - [2023-07-05T21:26:44.119+0000] {dagbag.py:541} INFO - Filling up the DagBag from /home/airflow/.local/lib/python3.7/site-packages/airflow/example_dags/example_datasets.py
[2023-07-05T21:26:44.128+0000] {processor.py:836} INFO - DAG(s) dict_keys(['dataset_produces_1', 'dataset_consumes_1_never_scheduled', 'dataset_consumes_unknown_never_scheduled', 'dataset_consumes_1', 'dataset_consumes_1_and_2', 'dataset_produces_2']) retrieved from /home/airflow/.local/lib/python3.7/site-packages/airflow/example_dags/example_datasets.py
[2023-07-05T21:26:44.181+0000] {logging_mixin.py:149} INFO - [2023-07-05T21:26:44.181+0000] {dag.py:2726} INFO - Sync 6 DAGs
[2023-07-05T21:26:44.207+0000] {logging_mixin.py:149} INFO - [2023-07-05T21:26:44.207+0000] {dag.py:3490} INFO - Setting next_dagrun for dataset_consumes_1 to None, run_after=None
[2023-07-05T21:26:44.211+0000] {logging_mixin.py:149} INFO - [2023-07-05T21:26:44.211+0000] {dag.py:3490} INFO - Setting next_dagrun for dataset_consumes_1_and_2 to None, run_after=None
[2023-07-05T21:26:44.213+0000] {logging_mixin.py:149} INFO - [2023-07-05T21:26:44.213+0000] {dag.py:3490} INFO - Setting next_dagrun for dataset_consumes_1_never_scheduled to None, run_after=None
[2023-07-05T21:26:44.217+0000] {logging_mixin.py:149} INFO - [2023-07-05T21:26:44.217+0000] {dag.py:3490} INFO - Setting next_dagrun for dataset_consumes_unknown_never_scheduled to None, run_after=None
[2023-07-05T21:26:44.220+0000] {logging_mixin.py:149} INFO - [2023-07-05T21:26:44.220+0000] {dag.py:3490} INFO - Setting next_dagrun for dataset_produces_1 to 2023-07-04T00:00:00+00:00, run_after=2023-07-05T00:00:00+00:00
[2023-07-05T21:26:44.223+0000] {logging_mixin.py:149} INFO - [2023-07-05T21:26:44.223+0000] {dag.py:3490} INFO - Setting next_dagrun for dataset_produces_2 to None, run_after=None
[2023-07-05T21:26:44.251+0000] {processor.py:179} INFO - Processing /home/airflow/.local/lib/python3.7/site-packages/airflow/example_dags/example_datasets.py took 0.140 seconds
