[2023-07-05T21:16:50.322+0000] {processor.py:157} INFO - Started process (PID=42) to work on /home/airflow/.local/lib/python3.7/site-packages/airflow/example_dags/example_sensor_decorator.py
[2023-07-05T21:16:50.325+0000] {processor.py:826} INFO - Processing file /home/airflow/.local/lib/python3.7/site-packages/airflow/example_dags/example_sensor_decorator.py for tasks to queue
[2023-07-05T21:16:50.327+0000] {logging_mixin.py:149} INFO - [2023-07-05T21:16:50.327+0000] {dagbag.py:541} INFO - Filling up the DagBag from /home/airflow/.local/lib/python3.7/site-packages/airflow/example_dags/example_sensor_decorator.py
[2023-07-05T21:16:50.336+0000] {processor.py:836} INFO - DAG(s) dict_keys(['example_sensor_decorator']) retrieved from /home/airflow/.local/lib/python3.7/site-packages/airflow/example_dags/example_sensor_decorator.py
[2023-07-05T21:16:50.355+0000] {logging_mixin.py:149} INFO - [2023-07-05T21:16:50.355+0000] {dag.py:2726} INFO - Sync 1 DAGs
[2023-07-05T21:16:50.379+0000] {logging_mixin.py:149} INFO - [2023-07-05T21:16:50.379+0000] {dag.py:3490} INFO - Setting next_dagrun for example_sensor_decorator to None, run_after=None
[2023-07-05T21:16:50.399+0000] {processor.py:179} INFO - Processing /home/airflow/.local/lib/python3.7/site-packages/airflow/example_dags/example_sensor_decorator.py took 0.086 seconds
[2023-07-05T21:17:20.730+0000] {processor.py:157} INFO - Started process (PID=100) to work on /home/airflow/.local/lib/python3.7/site-packages/airflow/example_dags/example_sensor_decorator.py
[2023-07-05T21:17:20.733+0000] {processor.py:826} INFO - Processing file /home/airflow/.local/lib/python3.7/site-packages/airflow/example_dags/example_sensor_decorator.py for tasks to queue
[2023-07-05T21:17:20.735+0000] {logging_mixin.py:149} INFO - [2023-07-05T21:17:20.735+0000] {dagbag.py:541} INFO - Filling up the DagBag from /home/airflow/.local/lib/python3.7/site-packages/airflow/example_dags/example_sensor_decorator.py
[2023-07-05T21:17:20.742+0000] {processor.py:836} INFO - DAG(s) dict_keys(['example_sensor_decorator']) retrieved from /home/airflow/.local/lib/python3.7/site-packages/airflow/example_dags/example_sensor_decorator.py
[2023-07-05T21:17:20.759+0000] {logging_mixin.py:149} INFO - [2023-07-05T21:17:20.759+0000] {dag.py:2726} INFO - Sync 1 DAGs
[2023-07-05T21:17:20.778+0000] {logging_mixin.py:149} INFO - [2023-07-05T21:17:20.778+0000] {dag.py:3490} INFO - Setting next_dagrun for example_sensor_decorator to None, run_after=None
[2023-07-05T21:17:20.794+0000] {processor.py:179} INFO - Processing /home/airflow/.local/lib/python3.7/site-packages/airflow/example_dags/example_sensor_decorator.py took 0.067 seconds
[2023-07-05T21:17:51.747+0000] {processor.py:157} INFO - Started process (PID=158) to work on /home/airflow/.local/lib/python3.7/site-packages/airflow/example_dags/example_sensor_decorator.py
[2023-07-05T21:17:51.749+0000] {processor.py:826} INFO - Processing file /home/airflow/.local/lib/python3.7/site-packages/airflow/example_dags/example_sensor_decorator.py for tasks to queue
[2023-07-05T21:17:51.751+0000] {logging_mixin.py:149} INFO - [2023-07-05T21:17:51.751+0000] {dagbag.py:541} INFO - Filling up the DagBag from /home/airflow/.local/lib/python3.7/site-packages/airflow/example_dags/example_sensor_decorator.py
[2023-07-05T21:17:51.758+0000] {processor.py:836} INFO - DAG(s) dict_keys(['example_sensor_decorator']) retrieved from /home/airflow/.local/lib/python3.7/site-packages/airflow/example_dags/example_sensor_decorator.py
[2023-07-05T21:17:51.782+0000] {logging_mixin.py:149} INFO - [2023-07-05T21:17:51.782+0000] {dag.py:2726} INFO - Sync 1 DAGs
[2023-07-05T21:17:51.799+0000] {logging_mixin.py:149} INFO - [2023-07-05T21:17:51.799+0000] {dag.py:3490} INFO - Setting next_dagrun for example_sensor_decorator to None, run_after=None
[2023-07-05T21:17:51.813+0000] {processor.py:179} INFO - Processing /home/airflow/.local/lib/python3.7/site-packages/airflow/example_dags/example_sensor_decorator.py took 0.070 seconds
[2023-07-05T21:18:22.324+0000] {processor.py:157} INFO - Started process (PID=216) to work on /home/airflow/.local/lib/python3.7/site-packages/airflow/example_dags/example_sensor_decorator.py
[2023-07-05T21:18:22.327+0000] {processor.py:826} INFO - Processing file /home/airflow/.local/lib/python3.7/site-packages/airflow/example_dags/example_sensor_decorator.py for tasks to queue
[2023-07-05T21:18:22.328+0000] {logging_mixin.py:149} INFO - [2023-07-05T21:18:22.328+0000] {dagbag.py:541} INFO - Filling up the DagBag from /home/airflow/.local/lib/python3.7/site-packages/airflow/example_dags/example_sensor_decorator.py
[2023-07-05T21:18:22.334+0000] {processor.py:836} INFO - DAG(s) dict_keys(['example_sensor_decorator']) retrieved from /home/airflow/.local/lib/python3.7/site-packages/airflow/example_dags/example_sensor_decorator.py
[2023-07-05T21:18:22.359+0000] {logging_mixin.py:149} INFO - [2023-07-05T21:18:22.359+0000] {dag.py:2726} INFO - Sync 1 DAGs
[2023-07-05T21:18:22.379+0000] {logging_mixin.py:149} INFO - [2023-07-05T21:18:22.379+0000] {dag.py:3490} INFO - Setting next_dagrun for example_sensor_decorator to None, run_after=None
[2023-07-05T21:18:22.394+0000] {processor.py:179} INFO - Processing /home/airflow/.local/lib/python3.7/site-packages/airflow/example_dags/example_sensor_decorator.py took 0.073 seconds
[2023-07-05T21:25:42.614+0000] {processor.py:157} INFO - Started process (PID=45) to work on /home/airflow/.local/lib/python3.7/site-packages/airflow/example_dags/example_sensor_decorator.py
[2023-07-05T21:25:42.617+0000] {processor.py:826} INFO - Processing file /home/airflow/.local/lib/python3.7/site-packages/airflow/example_dags/example_sensor_decorator.py for tasks to queue
[2023-07-05T21:25:42.619+0000] {logging_mixin.py:149} INFO - [2023-07-05T21:25:42.618+0000] {dagbag.py:541} INFO - Filling up the DagBag from /home/airflow/.local/lib/python3.7/site-packages/airflow/example_dags/example_sensor_decorator.py
[2023-07-05T21:25:42.625+0000] {processor.py:836} INFO - DAG(s) dict_keys(['example_sensor_decorator']) retrieved from /home/airflow/.local/lib/python3.7/site-packages/airflow/example_dags/example_sensor_decorator.py
[2023-07-05T21:25:42.644+0000] {logging_mixin.py:149} INFO - [2023-07-05T21:25:42.644+0000] {dag.py:2726} INFO - Sync 1 DAGs
[2023-07-05T21:25:42.670+0000] {logging_mixin.py:149} INFO - [2023-07-05T21:25:42.670+0000] {dag.py:3490} INFO - Setting next_dagrun for example_sensor_decorator to None, run_after=None
[2023-07-05T21:25:42.695+0000] {processor.py:179} INFO - Processing /home/airflow/.local/lib/python3.7/site-packages/airflow/example_dags/example_sensor_decorator.py took 0.084 seconds
[2023-07-05T21:26:13.384+0000] {processor.py:157} INFO - Started process (PID=103) to work on /home/airflow/.local/lib/python3.7/site-packages/airflow/example_dags/example_sensor_decorator.py
[2023-07-05T21:26:13.387+0000] {processor.py:826} INFO - Processing file /home/airflow/.local/lib/python3.7/site-packages/airflow/example_dags/example_sensor_decorator.py for tasks to queue
[2023-07-05T21:26:13.389+0000] {logging_mixin.py:149} INFO - [2023-07-05T21:26:13.388+0000] {dagbag.py:541} INFO - Filling up the DagBag from /home/airflow/.local/lib/python3.7/site-packages/airflow/example_dags/example_sensor_decorator.py
[2023-07-05T21:26:13.396+0000] {processor.py:836} INFO - DAG(s) dict_keys(['example_sensor_decorator']) retrieved from /home/airflow/.local/lib/python3.7/site-packages/airflow/example_dags/example_sensor_decorator.py
[2023-07-05T21:26:13.422+0000] {logging_mixin.py:149} INFO - [2023-07-05T21:26:13.422+0000] {dag.py:2726} INFO - Sync 1 DAGs
[2023-07-05T21:26:13.443+0000] {logging_mixin.py:149} INFO - [2023-07-05T21:26:13.442+0000] {dag.py:3490} INFO - Setting next_dagrun for example_sensor_decorator to None, run_after=None
[2023-07-05T21:26:13.457+0000] {processor.py:179} INFO - Processing /home/airflow/.local/lib/python3.7/site-packages/airflow/example_dags/example_sensor_decorator.py took 0.077 seconds
[2023-07-05T21:26:44.038+0000] {processor.py:157} INFO - Started process (PID=161) to work on /home/airflow/.local/lib/python3.7/site-packages/airflow/example_dags/example_sensor_decorator.py
[2023-07-05T21:26:44.042+0000] {processor.py:826} INFO - Processing file /home/airflow/.local/lib/python3.7/site-packages/airflow/example_dags/example_sensor_decorator.py for tasks to queue
[2023-07-05T21:26:44.044+0000] {logging_mixin.py:149} INFO - [2023-07-05T21:26:44.044+0000] {dagbag.py:541} INFO - Filling up the DagBag from /home/airflow/.local/lib/python3.7/site-packages/airflow/example_dags/example_sensor_decorator.py
[2023-07-05T21:26:44.054+0000] {processor.py:836} INFO - DAG(s) dict_keys(['example_sensor_decorator']) retrieved from /home/airflow/.local/lib/python3.7/site-packages/airflow/example_dags/example_sensor_decorator.py
[2023-07-05T21:26:44.100+0000] {logging_mixin.py:149} INFO - [2023-07-05T21:26:44.099+0000] {dag.py:2726} INFO - Sync 1 DAGs
[2023-07-05T21:26:44.132+0000] {logging_mixin.py:149} INFO - [2023-07-05T21:26:44.132+0000] {dag.py:3490} INFO - Setting next_dagrun for example_sensor_decorator to None, run_after=None
[2023-07-05T21:26:44.157+0000] {processor.py:179} INFO - Processing /home/airflow/.local/lib/python3.7/site-packages/airflow/example_dags/example_sensor_decorator.py took 0.123 seconds
