[2023-07-05T21:16:52.622+0000] {processor.py:157} INFO - Started process (PID=65) to work on /home/airflow/.local/lib/python3.7/site-packages/airflow/example_dags/example_branch_python_dop_operator_3.py
[2023-07-05T21:16:52.626+0000] {processor.py:826} INFO - Processing file /home/airflow/.local/lib/python3.7/site-packages/airflow/example_dags/example_branch_python_dop_operator_3.py for tasks to queue
[2023-07-05T21:16:52.628+0000] {logging_mixin.py:149} INFO - [2023-07-05T21:16:52.628+0000] {dagbag.py:541} INFO - Filling up the DagBag from /home/airflow/.local/lib/python3.7/site-packages/airflow/example_dags/example_branch_python_dop_operator_3.py
[2023-07-05T21:16:52.642+0000] {processor.py:836} INFO - DAG(s) dict_keys(['example_branch_dop_operator_v3']) retrieved from /home/airflow/.local/lib/python3.7/site-packages/airflow/example_dags/example_branch_python_dop_operator_3.py
[2023-07-05T21:16:52.681+0000] {logging_mixin.py:149} INFO - [2023-07-05T21:16:52.681+0000] {dag.py:2726} INFO - Sync 1 DAGs
[2023-07-05T21:16:52.724+0000] {logging_mixin.py:149} INFO - [2023-07-05T21:16:52.724+0000] {dag.py:3490} INFO - Setting next_dagrun for example_branch_dop_operator_v3 to 2023-07-05T21:15:00+00:00, run_after=2023-07-05T21:16:00+00:00
[2023-07-05T21:16:52.768+0000] {processor.py:179} INFO - Processing /home/airflow/.local/lib/python3.7/site-packages/airflow/example_dags/example_branch_python_dop_operator_3.py took 0.151 seconds
[2023-07-05T21:17:23.001+0000] {processor.py:157} INFO - Started process (PID=123) to work on /home/airflow/.local/lib/python3.7/site-packages/airflow/example_dags/example_branch_python_dop_operator_3.py
[2023-07-05T21:17:23.003+0000] {processor.py:826} INFO - Processing file /home/airflow/.local/lib/python3.7/site-packages/airflow/example_dags/example_branch_python_dop_operator_3.py for tasks to queue
[2023-07-05T21:17:23.005+0000] {logging_mixin.py:149} INFO - [2023-07-05T21:17:23.005+0000] {dagbag.py:541} INFO - Filling up the DagBag from /home/airflow/.local/lib/python3.7/site-packages/airflow/example_dags/example_branch_python_dop_operator_3.py
[2023-07-05T21:17:23.012+0000] {processor.py:836} INFO - DAG(s) dict_keys(['example_branch_dop_operator_v3']) retrieved from /home/airflow/.local/lib/python3.7/site-packages/airflow/example_dags/example_branch_python_dop_operator_3.py
[2023-07-05T21:17:23.026+0000] {logging_mixin.py:149} INFO - [2023-07-05T21:17:23.026+0000] {dag.py:2726} INFO - Sync 1 DAGs
[2023-07-05T21:17:23.049+0000] {logging_mixin.py:149} INFO - [2023-07-05T21:17:23.049+0000] {dag.py:3490} INFO - Setting next_dagrun for example_branch_dop_operator_v3 to 2023-07-05T21:16:00+00:00, run_after=2023-07-05T21:17:00+00:00
[2023-07-05T21:17:23.061+0000] {processor.py:179} INFO - Processing /home/airflow/.local/lib/python3.7/site-packages/airflow/example_dags/example_branch_python_dop_operator_3.py took 0.063 seconds
[2023-07-05T21:17:53.390+0000] {processor.py:157} INFO - Started process (PID=181) to work on /home/airflow/.local/lib/python3.7/site-packages/airflow/example_dags/example_branch_python_dop_operator_3.py
[2023-07-05T21:17:53.393+0000] {processor.py:826} INFO - Processing file /home/airflow/.local/lib/python3.7/site-packages/airflow/example_dags/example_branch_python_dop_operator_3.py for tasks to queue
[2023-07-05T21:17:53.395+0000] {logging_mixin.py:149} INFO - [2023-07-05T21:17:53.395+0000] {dagbag.py:541} INFO - Filling up the DagBag from /home/airflow/.local/lib/python3.7/site-packages/airflow/example_dags/example_branch_python_dop_operator_3.py
[2023-07-05T21:17:53.403+0000] {processor.py:836} INFO - DAG(s) dict_keys(['example_branch_dop_operator_v3']) retrieved from /home/airflow/.local/lib/python3.7/site-packages/airflow/example_dags/example_branch_python_dop_operator_3.py
[2023-07-05T21:17:53.430+0000] {logging_mixin.py:149} INFO - [2023-07-05T21:17:53.429+0000] {dag.py:2726} INFO - Sync 1 DAGs
[2023-07-05T21:17:53.457+0000] {logging_mixin.py:149} INFO - [2023-07-05T21:17:53.457+0000] {dag.py:3490} INFO - Setting next_dagrun for example_branch_dop_operator_v3 to 2023-07-05T21:16:00+00:00, run_after=2023-07-05T21:17:00+00:00
[2023-07-05T21:17:53.477+0000] {processor.py:179} INFO - Processing /home/airflow/.local/lib/python3.7/site-packages/airflow/example_dags/example_branch_python_dop_operator_3.py took 0.091 seconds
[2023-07-05T21:18:23.596+0000] {processor.py:157} INFO - Started process (PID=239) to work on /home/airflow/.local/lib/python3.7/site-packages/airflow/example_dags/example_branch_python_dop_operator_3.py
[2023-07-05T21:18:23.599+0000] {processor.py:826} INFO - Processing file /home/airflow/.local/lib/python3.7/site-packages/airflow/example_dags/example_branch_python_dop_operator_3.py for tasks to queue
[2023-07-05T21:18:23.600+0000] {logging_mixin.py:149} INFO - [2023-07-05T21:18:23.600+0000] {dagbag.py:541} INFO - Filling up the DagBag from /home/airflow/.local/lib/python3.7/site-packages/airflow/example_dags/example_branch_python_dop_operator_3.py
[2023-07-05T21:18:23.608+0000] {processor.py:836} INFO - DAG(s) dict_keys(['example_branch_dop_operator_v3']) retrieved from /home/airflow/.local/lib/python3.7/site-packages/airflow/example_dags/example_branch_python_dop_operator_3.py
[2023-07-05T21:18:23.630+0000] {logging_mixin.py:149} INFO - [2023-07-05T21:18:23.630+0000] {dag.py:2726} INFO - Sync 1 DAGs
[2023-07-05T21:18:23.648+0000] {logging_mixin.py:149} INFO - [2023-07-05T21:18:23.648+0000] {dag.py:3490} INFO - Setting next_dagrun for example_branch_dop_operator_v3 to 2023-07-05T21:17:00+00:00, run_after=2023-07-05T21:18:00+00:00
[2023-07-05T21:18:23.660+0000] {processor.py:179} INFO - Processing /home/airflow/.local/lib/python3.7/site-packages/airflow/example_dags/example_branch_python_dop_operator_3.py took 0.067 seconds
[2023-07-05T21:25:44.848+0000] {processor.py:157} INFO - Started process (PID=68) to work on /home/airflow/.local/lib/python3.7/site-packages/airflow/example_dags/example_branch_python_dop_operator_3.py
[2023-07-05T21:25:44.852+0000] {processor.py:826} INFO - Processing file /home/airflow/.local/lib/python3.7/site-packages/airflow/example_dags/example_branch_python_dop_operator_3.py for tasks to queue
[2023-07-05T21:25:44.856+0000] {logging_mixin.py:149} INFO - [2023-07-05T21:25:44.856+0000] {dagbag.py:541} INFO - Filling up the DagBag from /home/airflow/.local/lib/python3.7/site-packages/airflow/example_dags/example_branch_python_dop_operator_3.py
[2023-07-05T21:25:44.878+0000] {processor.py:836} INFO - DAG(s) dict_keys(['example_branch_dop_operator_v3']) retrieved from /home/airflow/.local/lib/python3.7/site-packages/airflow/example_dags/example_branch_python_dop_operator_3.py
[2023-07-05T21:25:44.950+0000] {logging_mixin.py:149} INFO - [2023-07-05T21:25:44.950+0000] {dag.py:2726} INFO - Sync 1 DAGs
[2023-07-05T21:25:44.996+0000] {logging_mixin.py:149} INFO - [2023-07-05T21:25:44.996+0000] {dag.py:3490} INFO - Setting next_dagrun for example_branch_dop_operator_v3 to 2023-07-05T21:24:00+00:00, run_after=2023-07-05T21:25:00+00:00
[2023-07-05T21:25:45.032+0000] {processor.py:179} INFO - Processing /home/airflow/.local/lib/python3.7/site-packages/airflow/example_dags/example_branch_python_dop_operator_3.py took 0.189 seconds
[2023-07-05T21:26:15.175+0000] {processor.py:157} INFO - Started process (PID=126) to work on /home/airflow/.local/lib/python3.7/site-packages/airflow/example_dags/example_branch_python_dop_operator_3.py
[2023-07-05T21:26:15.177+0000] {processor.py:826} INFO - Processing file /home/airflow/.local/lib/python3.7/site-packages/airflow/example_dags/example_branch_python_dop_operator_3.py for tasks to queue
[2023-07-05T21:26:15.178+0000] {logging_mixin.py:149} INFO - [2023-07-05T21:26:15.178+0000] {dagbag.py:541} INFO - Filling up the DagBag from /home/airflow/.local/lib/python3.7/site-packages/airflow/example_dags/example_branch_python_dop_operator_3.py
[2023-07-05T21:26:15.187+0000] {processor.py:836} INFO - DAG(s) dict_keys(['example_branch_dop_operator_v3']) retrieved from /home/airflow/.local/lib/python3.7/site-packages/airflow/example_dags/example_branch_python_dop_operator_3.py
[2023-07-05T21:26:15.218+0000] {logging_mixin.py:149} INFO - [2023-07-05T21:26:15.218+0000] {dag.py:2726} INFO - Sync 1 DAGs
[2023-07-05T21:26:15.246+0000] {logging_mixin.py:149} INFO - [2023-07-05T21:26:15.246+0000] {dag.py:3490} INFO - Setting next_dagrun for example_branch_dop_operator_v3 to 2023-07-05T21:25:00+00:00, run_after=2023-07-05T21:26:00+00:00
[2023-07-05T21:26:15.269+0000] {processor.py:179} INFO - Processing /home/airflow/.local/lib/python3.7/site-packages/airflow/example_dags/example_branch_python_dop_operator_3.py took 0.097 seconds
[2023-07-05T21:26:45.723+0000] {processor.py:157} INFO - Started process (PID=184) to work on /home/airflow/.local/lib/python3.7/site-packages/airflow/example_dags/example_branch_python_dop_operator_3.py
[2023-07-05T21:26:45.725+0000] {processor.py:826} INFO - Processing file /home/airflow/.local/lib/python3.7/site-packages/airflow/example_dags/example_branch_python_dop_operator_3.py for tasks to queue
[2023-07-05T21:26:45.726+0000] {logging_mixin.py:149} INFO - [2023-07-05T21:26:45.726+0000] {dagbag.py:541} INFO - Filling up the DagBag from /home/airflow/.local/lib/python3.7/site-packages/airflow/example_dags/example_branch_python_dop_operator_3.py
[2023-07-05T21:26:45.733+0000] {processor.py:836} INFO - DAG(s) dict_keys(['example_branch_dop_operator_v3']) retrieved from /home/airflow/.local/lib/python3.7/site-packages/airflow/example_dags/example_branch_python_dop_operator_3.py
[2023-07-05T21:26:45.757+0000] {logging_mixin.py:149} INFO - [2023-07-05T21:26:45.757+0000] {dag.py:2726} INFO - Sync 1 DAGs
[2023-07-05T21:26:45.785+0000] {logging_mixin.py:149} INFO - [2023-07-05T21:26:45.785+0000] {dag.py:3490} INFO - Setting next_dagrun for example_branch_dop_operator_v3 to 2023-07-05T21:25:00+00:00, run_after=2023-07-05T21:26:00+00:00
[2023-07-05T21:26:45.807+0000] {processor.py:179} INFO - Processing /home/airflow/.local/lib/python3.7/site-packages/airflow/example_dags/example_branch_python_dop_operator_3.py took 0.087 seconds
