[2023-07-05T21:16:52.372+0000] {processor.py:157} INFO - Started process (PID=62) to work on /home/airflow/.local/lib/python3.7/site-packages/airflow/example_dags/example_branch_day_of_week_operator.py
[2023-07-05T21:16:52.374+0000] {processor.py:826} INFO - Processing file /home/airflow/.local/lib/python3.7/site-packages/airflow/example_dags/example_branch_day_of_week_operator.py for tasks to queue
[2023-07-05T21:16:52.376+0000] {logging_mixin.py:149} INFO - [2023-07-05T21:16:52.376+0000] {dagbag.py:541} INFO - Filling up the DagBag from /home/airflow/.local/lib/python3.7/site-packages/airflow/example_dags/example_branch_day_of_week_operator.py
[2023-07-05T21:16:52.386+0000] {processor.py:836} INFO - DAG(s) dict_keys(['example_weekday_branch_operator']) retrieved from /home/airflow/.local/lib/python3.7/site-packages/airflow/example_dags/example_branch_day_of_week_operator.py
[2023-07-05T21:16:52.410+0000] {logging_mixin.py:149} INFO - [2023-07-05T21:16:52.410+0000] {dag.py:2726} INFO - Sync 1 DAGs
[2023-07-05T21:16:52.464+0000] {logging_mixin.py:149} INFO - [2023-07-05T21:16:52.464+0000] {dag.py:3490} INFO - Setting next_dagrun for example_weekday_branch_operator to 2023-07-04T00:00:00+00:00, run_after=2023-07-05T00:00:00+00:00
[2023-07-05T21:16:52.497+0000] {processor.py:179} INFO - Processing /home/airflow/.local/lib/python3.7/site-packages/airflow/example_dags/example_branch_day_of_week_operator.py took 0.130 seconds
[2023-07-05T21:17:22.813+0000] {processor.py:157} INFO - Started process (PID=120) to work on /home/airflow/.local/lib/python3.7/site-packages/airflow/example_dags/example_branch_day_of_week_operator.py
[2023-07-05T21:17:22.814+0000] {processor.py:826} INFO - Processing file /home/airflow/.local/lib/python3.7/site-packages/airflow/example_dags/example_branch_day_of_week_operator.py for tasks to queue
[2023-07-05T21:17:22.816+0000] {logging_mixin.py:149} INFO - [2023-07-05T21:17:22.816+0000] {dagbag.py:541} INFO - Filling up the DagBag from /home/airflow/.local/lib/python3.7/site-packages/airflow/example_dags/example_branch_day_of_week_operator.py
[2023-07-05T21:17:22.823+0000] {processor.py:836} INFO - DAG(s) dict_keys(['example_weekday_branch_operator']) retrieved from /home/airflow/.local/lib/python3.7/site-packages/airflow/example_dags/example_branch_day_of_week_operator.py
[2023-07-05T21:17:22.840+0000] {logging_mixin.py:149} INFO - [2023-07-05T21:17:22.840+0000] {dag.py:2726} INFO - Sync 1 DAGs
[2023-07-05T21:17:22.863+0000] {logging_mixin.py:149} INFO - [2023-07-05T21:17:22.862+0000] {dag.py:3490} INFO - Setting next_dagrun for example_weekday_branch_operator to 2023-07-04T00:00:00+00:00, run_after=2023-07-05T00:00:00+00:00
[2023-07-05T21:17:22.877+0000] {processor.py:179} INFO - Processing /home/airflow/.local/lib/python3.7/site-packages/airflow/example_dags/example_branch_day_of_week_operator.py took 0.067 seconds
[2023-07-05T21:17:53.130+0000] {processor.py:157} INFO - Started process (PID=178) to work on /home/airflow/.local/lib/python3.7/site-packages/airflow/example_dags/example_branch_day_of_week_operator.py
[2023-07-05T21:17:53.133+0000] {processor.py:826} INFO - Processing file /home/airflow/.local/lib/python3.7/site-packages/airflow/example_dags/example_branch_day_of_week_operator.py for tasks to queue
[2023-07-05T21:17:53.135+0000] {logging_mixin.py:149} INFO - [2023-07-05T21:17:53.135+0000] {dagbag.py:541} INFO - Filling up the DagBag from /home/airflow/.local/lib/python3.7/site-packages/airflow/example_dags/example_branch_day_of_week_operator.py
[2023-07-05T21:17:53.141+0000] {processor.py:836} INFO - DAG(s) dict_keys(['example_weekday_branch_operator']) retrieved from /home/airflow/.local/lib/python3.7/site-packages/airflow/example_dags/example_branch_day_of_week_operator.py
[2023-07-05T21:17:53.169+0000] {logging_mixin.py:149} INFO - [2023-07-05T21:17:53.169+0000] {dag.py:2726} INFO - Sync 1 DAGs
[2023-07-05T21:17:53.190+0000] {logging_mixin.py:149} INFO - [2023-07-05T21:17:53.190+0000] {dag.py:3490} INFO - Setting next_dagrun for example_weekday_branch_operator to 2023-07-04T00:00:00+00:00, run_after=2023-07-05T00:00:00+00:00
[2023-07-05T21:17:53.209+0000] {processor.py:179} INFO - Processing /home/airflow/.local/lib/python3.7/site-packages/airflow/example_dags/example_branch_day_of_week_operator.py took 0.082 seconds
[2023-07-05T21:18:23.294+0000] {processor.py:157} INFO - Started process (PID=235) to work on /home/airflow/.local/lib/python3.7/site-packages/airflow/example_dags/example_branch_day_of_week_operator.py
[2023-07-05T21:18:23.296+0000] {processor.py:826} INFO - Processing file /home/airflow/.local/lib/python3.7/site-packages/airflow/example_dags/example_branch_day_of_week_operator.py for tasks to queue
[2023-07-05T21:18:23.299+0000] {logging_mixin.py:149} INFO - [2023-07-05T21:18:23.299+0000] {dagbag.py:541} INFO - Filling up the DagBag from /home/airflow/.local/lib/python3.7/site-packages/airflow/example_dags/example_branch_day_of_week_operator.py
[2023-07-05T21:18:23.306+0000] {processor.py:836} INFO - DAG(s) dict_keys(['example_weekday_branch_operator']) retrieved from /home/airflow/.local/lib/python3.7/site-packages/airflow/example_dags/example_branch_day_of_week_operator.py
[2023-07-05T21:18:23.331+0000] {logging_mixin.py:149} INFO - [2023-07-05T21:18:23.331+0000] {dag.py:2726} INFO - Sync 1 DAGs
[2023-07-05T21:18:23.352+0000] {logging_mixin.py:149} INFO - [2023-07-05T21:18:23.352+0000] {dag.py:3490} INFO - Setting next_dagrun for example_weekday_branch_operator to 2023-07-04T00:00:00+00:00, run_after=2023-07-05T00:00:00+00:00
[2023-07-05T21:18:23.370+0000] {processor.py:179} INFO - Processing /home/airflow/.local/lib/python3.7/site-packages/airflow/example_dags/example_branch_day_of_week_operator.py took 0.079 seconds
[2023-07-05T21:25:44.391+0000] {processor.py:157} INFO - Started process (PID=65) to work on /home/airflow/.local/lib/python3.7/site-packages/airflow/example_dags/example_branch_day_of_week_operator.py
[2023-07-05T21:25:44.395+0000] {processor.py:826} INFO - Processing file /home/airflow/.local/lib/python3.7/site-packages/airflow/example_dags/example_branch_day_of_week_operator.py for tasks to queue
[2023-07-05T21:25:44.397+0000] {logging_mixin.py:149} INFO - [2023-07-05T21:25:44.397+0000] {dagbag.py:541} INFO - Filling up the DagBag from /home/airflow/.local/lib/python3.7/site-packages/airflow/example_dags/example_branch_day_of_week_operator.py
[2023-07-05T21:25:44.416+0000] {processor.py:836} INFO - DAG(s) dict_keys(['example_weekday_branch_operator']) retrieved from /home/airflow/.local/lib/python3.7/site-packages/airflow/example_dags/example_branch_day_of_week_operator.py
[2023-07-05T21:25:44.500+0000] {logging_mixin.py:149} INFO - [2023-07-05T21:25:44.499+0000] {dag.py:2726} INFO - Sync 1 DAGs
[2023-07-05T21:25:44.590+0000] {logging_mixin.py:149} INFO - [2023-07-05T21:25:44.589+0000] {dag.py:3490} INFO - Setting next_dagrun for example_weekday_branch_operator to 2023-07-04T00:00:00+00:00, run_after=2023-07-05T00:00:00+00:00
[2023-07-05T21:25:44.633+0000] {processor.py:179} INFO - Processing /home/airflow/.local/lib/python3.7/site-packages/airflow/example_dags/example_branch_day_of_week_operator.py took 0.252 seconds
[2023-07-05T21:26:14.899+0000] {processor.py:157} INFO - Started process (PID=123) to work on /home/airflow/.local/lib/python3.7/site-packages/airflow/example_dags/example_branch_day_of_week_operator.py
[2023-07-05T21:26:14.901+0000] {processor.py:826} INFO - Processing file /home/airflow/.local/lib/python3.7/site-packages/airflow/example_dags/example_branch_day_of_week_operator.py for tasks to queue
[2023-07-05T21:26:14.902+0000] {logging_mixin.py:149} INFO - [2023-07-05T21:26:14.902+0000] {dagbag.py:541} INFO - Filling up the DagBag from /home/airflow/.local/lib/python3.7/site-packages/airflow/example_dags/example_branch_day_of_week_operator.py
[2023-07-05T21:26:14.909+0000] {processor.py:836} INFO - DAG(s) dict_keys(['example_weekday_branch_operator']) retrieved from /home/airflow/.local/lib/python3.7/site-packages/airflow/example_dags/example_branch_day_of_week_operator.py
[2023-07-05T21:26:14.934+0000] {logging_mixin.py:149} INFO - [2023-07-05T21:26:14.934+0000] {dag.py:2726} INFO - Sync 1 DAGs
[2023-07-05T21:26:14.957+0000] {logging_mixin.py:149} INFO - [2023-07-05T21:26:14.957+0000] {dag.py:3490} INFO - Setting next_dagrun for example_weekday_branch_operator to 2023-07-04T00:00:00+00:00, run_after=2023-07-05T00:00:00+00:00
[2023-07-05T21:26:14.973+0000] {processor.py:179} INFO - Processing /home/airflow/.local/lib/python3.7/site-packages/airflow/example_dags/example_branch_day_of_week_operator.py took 0.077 seconds
[2023-07-05T21:26:45.504+0000] {processor.py:157} INFO - Started process (PID=181) to work on /home/airflow/.local/lib/python3.7/site-packages/airflow/example_dags/example_branch_day_of_week_operator.py
[2023-07-05T21:26:45.507+0000] {processor.py:826} INFO - Processing file /home/airflow/.local/lib/python3.7/site-packages/airflow/example_dags/example_branch_day_of_week_operator.py for tasks to queue
[2023-07-05T21:26:45.509+0000] {logging_mixin.py:149} INFO - [2023-07-05T21:26:45.508+0000] {dagbag.py:541} INFO - Filling up the DagBag from /home/airflow/.local/lib/python3.7/site-packages/airflow/example_dags/example_branch_day_of_week_operator.py
[2023-07-05T21:26:45.516+0000] {processor.py:836} INFO - DAG(s) dict_keys(['example_weekday_branch_operator']) retrieved from /home/airflow/.local/lib/python3.7/site-packages/airflow/example_dags/example_branch_day_of_week_operator.py
[2023-07-05T21:26:45.546+0000] {logging_mixin.py:149} INFO - [2023-07-05T21:26:45.546+0000] {dag.py:2726} INFO - Sync 1 DAGs
[2023-07-05T21:26:45.588+0000] {logging_mixin.py:149} INFO - [2023-07-05T21:26:45.587+0000] {dag.py:3490} INFO - Setting next_dagrun for example_weekday_branch_operator to 2023-07-04T00:00:00+00:00, run_after=2023-07-05T00:00:00+00:00
[2023-07-05T21:26:45.612+0000] {processor.py:179} INFO - Processing /home/airflow/.local/lib/python3.7/site-packages/airflow/example_dags/example_branch_day_of_week_operator.py took 0.111 seconds
