[2023-07-05T21:16:51.427+0000] {processor.py:157} INFO - Started process (PID=55) to work on /home/airflow/.local/lib/python3.7/site-packages/airflow/example_dags/example_sla_dag.py
[2023-07-05T21:16:51.433+0000] {processor.py:826} INFO - Processing file /home/airflow/.local/lib/python3.7/site-packages/airflow/example_dags/example_sla_dag.py for tasks to queue
[2023-07-05T21:16:51.439+0000] {logging_mixin.py:149} INFO - [2023-07-05T21:16:51.438+0000] {dagbag.py:541} INFO - Filling up the DagBag from /home/airflow/.local/lib/python3.7/site-packages/airflow/example_dags/example_sla_dag.py
[2023-07-05T21:16:51.472+0000] {processor.py:836} INFO - DAG(s) dict_keys(['example_sla_dag']) retrieved from /home/airflow/.local/lib/python3.7/site-packages/airflow/example_dags/example_sla_dag.py
[2023-07-05T21:16:51.544+0000] {logging_mixin.py:149} INFO - [2023-07-05T21:16:51.543+0000] {dag.py:2726} INFO - Sync 1 DAGs
[2023-07-05T21:16:51.591+0000] {logging_mixin.py:149} INFO - [2023-07-05T21:16:51.591+0000] {dag.py:3490} INFO - Setting next_dagrun for example_sla_dag to 2023-07-05T21:14:00+00:00, run_after=2023-07-05T21:16:00+00:00
[2023-07-05T21:16:51.621+0000] {processor.py:179} INFO - Processing /home/airflow/.local/lib/python3.7/site-packages/airflow/example_dags/example_sla_dag.py took 0.200 seconds
[2023-07-05T21:17:22.504+0000] {processor.py:157} INFO - Started process (PID=113) to work on /home/airflow/.local/lib/python3.7/site-packages/airflow/example_dags/example_sla_dag.py
[2023-07-05T21:17:22.506+0000] {processor.py:826} INFO - Processing file /home/airflow/.local/lib/python3.7/site-packages/airflow/example_dags/example_sla_dag.py for tasks to queue
[2023-07-05T21:17:22.507+0000] {logging_mixin.py:149} INFO - [2023-07-05T21:17:22.507+0000] {dagbag.py:541} INFO - Filling up the DagBag from /home/airflow/.local/lib/python3.7/site-packages/airflow/example_dags/example_sla_dag.py
[2023-07-05T21:17:22.515+0000] {processor.py:836} INFO - DAG(s) dict_keys(['example_sla_dag']) retrieved from /home/airflow/.local/lib/python3.7/site-packages/airflow/example_dags/example_sla_dag.py
[2023-07-05T21:17:22.530+0000] {logging_mixin.py:149} INFO - [2023-07-05T21:17:22.529+0000] {dag.py:2726} INFO - Sync 1 DAGs
[2023-07-05T21:17:22.551+0000] {logging_mixin.py:149} INFO - [2023-07-05T21:17:22.551+0000] {dag.py:3490} INFO - Setting next_dagrun for example_sla_dag to 2023-07-05T21:14:00+00:00, run_after=2023-07-05T21:16:00+00:00
[2023-07-05T21:17:22.563+0000] {processor.py:179} INFO - Processing /home/airflow/.local/lib/python3.7/site-packages/airflow/example_dags/example_sla_dag.py took 0.065 seconds
[2023-07-05T21:17:52.672+0000] {processor.py:157} INFO - Started process (PID=171) to work on /home/airflow/.local/lib/python3.7/site-packages/airflow/example_dags/example_sla_dag.py
[2023-07-05T21:17:52.674+0000] {processor.py:826} INFO - Processing file /home/airflow/.local/lib/python3.7/site-packages/airflow/example_dags/example_sla_dag.py for tasks to queue
[2023-07-05T21:17:52.675+0000] {logging_mixin.py:149} INFO - [2023-07-05T21:17:52.675+0000] {dagbag.py:541} INFO - Filling up the DagBag from /home/airflow/.local/lib/python3.7/site-packages/airflow/example_dags/example_sla_dag.py
[2023-07-05T21:17:52.683+0000] {processor.py:836} INFO - DAG(s) dict_keys(['example_sla_dag']) retrieved from /home/airflow/.local/lib/python3.7/site-packages/airflow/example_dags/example_sla_dag.py
[2023-07-05T21:17:52.706+0000] {logging_mixin.py:149} INFO - [2023-07-05T21:17:52.706+0000] {dag.py:2726} INFO - Sync 1 DAGs
[2023-07-05T21:17:52.728+0000] {logging_mixin.py:149} INFO - [2023-07-05T21:17:52.727+0000] {dag.py:3490} INFO - Setting next_dagrun for example_sla_dag to 2023-07-05T21:14:00+00:00, run_after=2023-07-05T21:16:00+00:00
[2023-07-05T21:17:52.782+0000] {processor.py:179} INFO - Processing /home/airflow/.local/lib/python3.7/site-packages/airflow/example_dags/example_sla_dag.py took 0.114 seconds
[2023-07-05T21:18:23.022+0000] {processor.py:157} INFO - Started process (PID=229) to work on /home/airflow/.local/lib/python3.7/site-packages/airflow/example_dags/example_sla_dag.py
[2023-07-05T21:18:23.027+0000] {processor.py:826} INFO - Processing file /home/airflow/.local/lib/python3.7/site-packages/airflow/example_dags/example_sla_dag.py for tasks to queue
[2023-07-05T21:18:23.028+0000] {logging_mixin.py:149} INFO - [2023-07-05T21:18:23.028+0000] {dagbag.py:541} INFO - Filling up the DagBag from /home/airflow/.local/lib/python3.7/site-packages/airflow/example_dags/example_sla_dag.py
[2023-07-05T21:18:23.036+0000] {processor.py:836} INFO - DAG(s) dict_keys(['example_sla_dag']) retrieved from /home/airflow/.local/lib/python3.7/site-packages/airflow/example_dags/example_sla_dag.py
[2023-07-05T21:18:23.059+0000] {logging_mixin.py:149} INFO - [2023-07-05T21:18:23.059+0000] {dag.py:2726} INFO - Sync 1 DAGs
[2023-07-05T21:18:23.084+0000] {logging_mixin.py:149} INFO - [2023-07-05T21:18:23.084+0000] {dag.py:3490} INFO - Setting next_dagrun for example_sla_dag to 2023-07-05T21:16:00+00:00, run_after=2023-07-05T21:18:00+00:00
[2023-07-05T21:18:23.098+0000] {processor.py:179} INFO - Processing /home/airflow/.local/lib/python3.7/site-packages/airflow/example_dags/example_sla_dag.py took 0.079 seconds
[2023-07-05T21:25:43.564+0000] {processor.py:157} INFO - Started process (PID=58) to work on /home/airflow/.local/lib/python3.7/site-packages/airflow/example_dags/example_sla_dag.py
[2023-07-05T21:25:43.570+0000] {processor.py:826} INFO - Processing file /home/airflow/.local/lib/python3.7/site-packages/airflow/example_dags/example_sla_dag.py for tasks to queue
[2023-07-05T21:25:43.575+0000] {logging_mixin.py:149} INFO - [2023-07-05T21:25:43.575+0000] {dagbag.py:541} INFO - Filling up the DagBag from /home/airflow/.local/lib/python3.7/site-packages/airflow/example_dags/example_sla_dag.py
[2023-07-05T21:25:43.598+0000] {processor.py:836} INFO - DAG(s) dict_keys(['example_sla_dag']) retrieved from /home/airflow/.local/lib/python3.7/site-packages/airflow/example_dags/example_sla_dag.py
[2023-07-05T21:25:43.642+0000] {logging_mixin.py:149} INFO - [2023-07-05T21:25:43.641+0000] {dag.py:2726} INFO - Sync 1 DAGs
[2023-07-05T21:25:43.706+0000] {logging_mixin.py:149} INFO - [2023-07-05T21:25:43.705+0000] {dag.py:3490} INFO - Setting next_dagrun for example_sla_dag to 2023-07-05T21:22:00+00:00, run_after=2023-07-05T21:24:00+00:00
[2023-07-05T21:25:43.739+0000] {processor.py:179} INFO - Processing /home/airflow/.local/lib/python3.7/site-packages/airflow/example_dags/example_sla_dag.py took 0.180 seconds
[2023-07-05T21:26:14.386+0000] {processor.py:157} INFO - Started process (PID=116) to work on /home/airflow/.local/lib/python3.7/site-packages/airflow/example_dags/example_sla_dag.py
[2023-07-05T21:26:14.389+0000] {processor.py:826} INFO - Processing file /home/airflow/.local/lib/python3.7/site-packages/airflow/example_dags/example_sla_dag.py for tasks to queue
[2023-07-05T21:26:14.390+0000] {logging_mixin.py:149} INFO - [2023-07-05T21:26:14.390+0000] {dagbag.py:541} INFO - Filling up the DagBag from /home/airflow/.local/lib/python3.7/site-packages/airflow/example_dags/example_sla_dag.py
[2023-07-05T21:26:14.402+0000] {processor.py:836} INFO - DAG(s) dict_keys(['example_sla_dag']) retrieved from /home/airflow/.local/lib/python3.7/site-packages/airflow/example_dags/example_sla_dag.py
[2023-07-05T21:26:14.431+0000] {logging_mixin.py:149} INFO - [2023-07-05T21:26:14.431+0000] {dag.py:2726} INFO - Sync 1 DAGs
[2023-07-05T21:26:14.454+0000] {logging_mixin.py:149} INFO - [2023-07-05T21:26:14.454+0000] {dag.py:3490} INFO - Setting next_dagrun for example_sla_dag to 2023-07-05T21:24:00+00:00, run_after=2023-07-05T21:26:00+00:00
[2023-07-05T21:26:14.472+0000] {processor.py:179} INFO - Processing /home/airflow/.local/lib/python3.7/site-packages/airflow/example_dags/example_sla_dag.py took 0.089 seconds
[2023-07-05T21:26:45.022+0000] {processor.py:157} INFO - Started process (PID=174) to work on /home/airflow/.local/lib/python3.7/site-packages/airflow/example_dags/example_sla_dag.py
[2023-07-05T21:26:45.024+0000] {processor.py:826} INFO - Processing file /home/airflow/.local/lib/python3.7/site-packages/airflow/example_dags/example_sla_dag.py for tasks to queue
[2023-07-05T21:26:45.027+0000] {logging_mixin.py:149} INFO - [2023-07-05T21:26:45.027+0000] {dagbag.py:541} INFO - Filling up the DagBag from /home/airflow/.local/lib/python3.7/site-packages/airflow/example_dags/example_sla_dag.py
[2023-07-05T21:26:45.035+0000] {processor.py:836} INFO - DAG(s) dict_keys(['example_sla_dag']) retrieved from /home/airflow/.local/lib/python3.7/site-packages/airflow/example_dags/example_sla_dag.py
[2023-07-05T21:26:45.061+0000] {logging_mixin.py:149} INFO - [2023-07-05T21:26:45.061+0000] {dag.py:2726} INFO - Sync 1 DAGs
[2023-07-05T21:26:45.096+0000] {logging_mixin.py:149} INFO - [2023-07-05T21:26:45.095+0000] {dag.py:3490} INFO - Setting next_dagrun for example_sla_dag to 2023-07-05T21:24:00+00:00, run_after=2023-07-05T21:26:00+00:00
[2023-07-05T21:26:45.117+0000] {processor.py:179} INFO - Processing /home/airflow/.local/lib/python3.7/site-packages/airflow/example_dags/example_sla_dag.py took 0.098 seconds
