[2023-07-05T21:16:50.936+0000] {processor.py:157} INFO - Started process (PID=50) to work on /home/airflow/.local/lib/python3.7/site-packages/airflow/example_dags/example_branch_datetime_operator.py
[2023-07-05T21:16:50.939+0000] {processor.py:826} INFO - Processing file /home/airflow/.local/lib/python3.7/site-packages/airflow/example_dags/example_branch_datetime_operator.py for tasks to queue
[2023-07-05T21:16:50.941+0000] {logging_mixin.py:149} INFO - [2023-07-05T21:16:50.941+0000] {dagbag.py:541} INFO - Filling up the DagBag from /home/airflow/.local/lib/python3.7/site-packages/airflow/example_dags/example_branch_datetime_operator.py
[2023-07-05T21:16:50.961+0000] {processor.py:836} INFO - DAG(s) dict_keys(['example_branch_datetime_operator_3', 'example_branch_datetime_operator_2', 'example_branch_datetime_operator']) retrieved from /home/airflow/.local/lib/python3.7/site-packages/airflow/example_dags/example_branch_datetime_operator.py
[2023-07-05T21:16:50.987+0000] {logging_mixin.py:149} INFO - [2023-07-05T21:16:50.987+0000] {dag.py:2726} INFO - Sync 3 DAGs
[2023-07-05T21:16:51.048+0000] {logging_mixin.py:149} INFO - [2023-07-05T21:16:51.047+0000] {dag.py:3490} INFO - Setting next_dagrun for example_branch_datetime_operator to 2023-07-04T00:00:00+00:00, run_after=2023-07-05T00:00:00+00:00
[2023-07-05T21:16:51.056+0000] {logging_mixin.py:149} INFO - [2023-07-05T21:16:51.056+0000] {dag.py:3490} INFO - Setting next_dagrun for example_branch_datetime_operator_2 to 2023-07-04T00:00:00+00:00, run_after=2023-07-05T00:00:00+00:00
[2023-07-05T21:16:51.060+0000] {logging_mixin.py:149} INFO - [2023-07-05T21:16:51.060+0000] {dag.py:3490} INFO - Setting next_dagrun for example_branch_datetime_operator_3 to 2023-07-04T00:00:00+00:00, run_after=2023-07-05T00:00:00+00:00
[2023-07-05T21:16:51.087+0000] {processor.py:179} INFO - Processing /home/airflow/.local/lib/python3.7/site-packages/airflow/example_dags/example_branch_datetime_operator.py took 0.157 seconds
[2023-07-05T21:17:21.174+0000] {processor.py:157} INFO - Started process (PID=108) to work on /home/airflow/.local/lib/python3.7/site-packages/airflow/example_dags/example_branch_datetime_operator.py
[2023-07-05T21:17:21.177+0000] {processor.py:826} INFO - Processing file /home/airflow/.local/lib/python3.7/site-packages/airflow/example_dags/example_branch_datetime_operator.py for tasks to queue
[2023-07-05T21:17:21.178+0000] {logging_mixin.py:149} INFO - [2023-07-05T21:17:21.178+0000] {dagbag.py:541} INFO - Filling up the DagBag from /home/airflow/.local/lib/python3.7/site-packages/airflow/example_dags/example_branch_datetime_operator.py
[2023-07-05T21:17:21.187+0000] {processor.py:836} INFO - DAG(s) dict_keys(['example_branch_datetime_operator_3', 'example_branch_datetime_operator', 'example_branch_datetime_operator_2']) retrieved from /home/airflow/.local/lib/python3.7/site-packages/airflow/example_dags/example_branch_datetime_operator.py
[2023-07-05T21:17:21.205+0000] {logging_mixin.py:149} INFO - [2023-07-05T21:17:21.205+0000] {dag.py:2726} INFO - Sync 3 DAGs
[2023-07-05T21:17:21.235+0000] {logging_mixin.py:149} INFO - [2023-07-05T21:17:21.235+0000] {dag.py:3490} INFO - Setting next_dagrun for example_branch_datetime_operator to 2023-07-04T00:00:00+00:00, run_after=2023-07-05T00:00:00+00:00
[2023-07-05T21:17:21.239+0000] {logging_mixin.py:149} INFO - [2023-07-05T21:17:21.238+0000] {dag.py:3490} INFO - Setting next_dagrun for example_branch_datetime_operator_2 to 2023-07-04T00:00:00+00:00, run_after=2023-07-05T00:00:00+00:00
[2023-07-05T21:17:21.241+0000] {logging_mixin.py:149} INFO - [2023-07-05T21:17:21.241+0000] {dag.py:3490} INFO - Setting next_dagrun for example_branch_datetime_operator_3 to 2023-07-04T00:00:00+00:00, run_after=2023-07-05T00:00:00+00:00
[2023-07-05T21:17:21.255+0000] {processor.py:179} INFO - Processing /home/airflow/.local/lib/python3.7/site-packages/airflow/example_dags/example_branch_datetime_operator.py took 0.083 seconds
[2023-07-05T21:17:52.257+0000] {processor.py:157} INFO - Started process (PID=166) to work on /home/airflow/.local/lib/python3.7/site-packages/airflow/example_dags/example_branch_datetime_operator.py
[2023-07-05T21:17:52.261+0000] {processor.py:826} INFO - Processing file /home/airflow/.local/lib/python3.7/site-packages/airflow/example_dags/example_branch_datetime_operator.py for tasks to queue
[2023-07-05T21:17:52.267+0000] {logging_mixin.py:149} INFO - [2023-07-05T21:17:52.265+0000] {dagbag.py:541} INFO - Filling up the DagBag from /home/airflow/.local/lib/python3.7/site-packages/airflow/example_dags/example_branch_datetime_operator.py
[2023-07-05T21:17:52.277+0000] {processor.py:836} INFO - DAG(s) dict_keys(['example_branch_datetime_operator', 'example_branch_datetime_operator_3', 'example_branch_datetime_operator_2']) retrieved from /home/airflow/.local/lib/python3.7/site-packages/airflow/example_dags/example_branch_datetime_operator.py
[2023-07-05T21:17:52.311+0000] {logging_mixin.py:149} INFO - [2023-07-05T21:17:52.311+0000] {dag.py:2726} INFO - Sync 3 DAGs
[2023-07-05T21:17:52.330+0000] {logging_mixin.py:149} INFO - [2023-07-05T21:17:52.330+0000] {dag.py:3490} INFO - Setting next_dagrun for example_branch_datetime_operator to 2023-07-04T00:00:00+00:00, run_after=2023-07-05T00:00:00+00:00
[2023-07-05T21:17:52.335+0000] {logging_mixin.py:149} INFO - [2023-07-05T21:17:52.335+0000] {dag.py:3490} INFO - Setting next_dagrun for example_branch_datetime_operator_2 to 2023-07-04T00:00:00+00:00, run_after=2023-07-05T00:00:00+00:00
[2023-07-05T21:17:52.338+0000] {logging_mixin.py:149} INFO - [2023-07-05T21:17:52.338+0000] {dag.py:3490} INFO - Setting next_dagrun for example_branch_datetime_operator_3 to 2023-07-04T00:00:00+00:00, run_after=2023-07-05T00:00:00+00:00
[2023-07-05T21:17:52.350+0000] {processor.py:179} INFO - Processing /home/airflow/.local/lib/python3.7/site-packages/airflow/example_dags/example_branch_datetime_operator.py took 0.097 seconds
[2023-07-05T21:18:22.749+0000] {processor.py:157} INFO - Started process (PID=224) to work on /home/airflow/.local/lib/python3.7/site-packages/airflow/example_dags/example_branch_datetime_operator.py
[2023-07-05T21:18:22.752+0000] {processor.py:826} INFO - Processing file /home/airflow/.local/lib/python3.7/site-packages/airflow/example_dags/example_branch_datetime_operator.py for tasks to queue
[2023-07-05T21:18:22.753+0000] {logging_mixin.py:149} INFO - [2023-07-05T21:18:22.753+0000] {dagbag.py:541} INFO - Filling up the DagBag from /home/airflow/.local/lib/python3.7/site-packages/airflow/example_dags/example_branch_datetime_operator.py
[2023-07-05T21:18:22.764+0000] {processor.py:836} INFO - DAG(s) dict_keys(['example_branch_datetime_operator_3', 'example_branch_datetime_operator_2', 'example_branch_datetime_operator']) retrieved from /home/airflow/.local/lib/python3.7/site-packages/airflow/example_dags/example_branch_datetime_operator.py
[2023-07-05T21:18:22.794+0000] {logging_mixin.py:149} INFO - [2023-07-05T21:18:22.794+0000] {dag.py:2726} INFO - Sync 3 DAGs
[2023-07-05T21:18:22.820+0000] {logging_mixin.py:149} INFO - [2023-07-05T21:18:22.820+0000] {dag.py:3490} INFO - Setting next_dagrun for example_branch_datetime_operator to 2023-07-04T00:00:00+00:00, run_after=2023-07-05T00:00:00+00:00
[2023-07-05T21:18:22.826+0000] {logging_mixin.py:149} INFO - [2023-07-05T21:18:22.826+0000] {dag.py:3490} INFO - Setting next_dagrun for example_branch_datetime_operator_2 to 2023-07-04T00:00:00+00:00, run_after=2023-07-05T00:00:00+00:00
[2023-07-05T21:18:22.828+0000] {logging_mixin.py:149} INFO - [2023-07-05T21:18:22.828+0000] {dag.py:3490} INFO - Setting next_dagrun for example_branch_datetime_operator_3 to 2023-07-04T00:00:00+00:00, run_after=2023-07-05T00:00:00+00:00
[2023-07-05T21:18:22.841+0000] {processor.py:179} INFO - Processing /home/airflow/.local/lib/python3.7/site-packages/airflow/example_dags/example_branch_datetime_operator.py took 0.095 seconds
[2023-07-05T21:25:43.135+0000] {processor.py:157} INFO - Started process (PID=53) to work on /home/airflow/.local/lib/python3.7/site-packages/airflow/example_dags/example_branch_datetime_operator.py
[2023-07-05T21:25:43.137+0000] {processor.py:826} INFO - Processing file /home/airflow/.local/lib/python3.7/site-packages/airflow/example_dags/example_branch_datetime_operator.py for tasks to queue
[2023-07-05T21:25:43.141+0000] {logging_mixin.py:149} INFO - [2023-07-05T21:25:43.141+0000] {dagbag.py:541} INFO - Filling up the DagBag from /home/airflow/.local/lib/python3.7/site-packages/airflow/example_dags/example_branch_datetime_operator.py
[2023-07-05T21:25:43.153+0000] {processor.py:836} INFO - DAG(s) dict_keys(['example_branch_datetime_operator_2', 'example_branch_datetime_operator_3', 'example_branch_datetime_operator']) retrieved from /home/airflow/.local/lib/python3.7/site-packages/airflow/example_dags/example_branch_datetime_operator.py
[2023-07-05T21:25:43.185+0000] {logging_mixin.py:149} INFO - [2023-07-05T21:25:43.185+0000] {dag.py:2726} INFO - Sync 3 DAGs
[2023-07-05T21:25:43.222+0000] {logging_mixin.py:149} INFO - [2023-07-05T21:25:43.222+0000] {dag.py:3490} INFO - Setting next_dagrun for example_branch_datetime_operator to 2023-07-04T00:00:00+00:00, run_after=2023-07-05T00:00:00+00:00
[2023-07-05T21:25:43.234+0000] {logging_mixin.py:149} INFO - [2023-07-05T21:25:43.233+0000] {dag.py:3490} INFO - Setting next_dagrun for example_branch_datetime_operator_2 to 2023-07-04T00:00:00+00:00, run_after=2023-07-05T00:00:00+00:00
[2023-07-05T21:25:43.247+0000] {logging_mixin.py:149} INFO - [2023-07-05T21:25:43.246+0000] {dag.py:3490} INFO - Setting next_dagrun for example_branch_datetime_operator_3 to 2023-07-04T00:00:00+00:00, run_after=2023-07-05T00:00:00+00:00
[2023-07-05T21:25:43.283+0000] {processor.py:179} INFO - Processing /home/airflow/.local/lib/python3.7/site-packages/airflow/example_dags/example_branch_datetime_operator.py took 0.151 seconds
[2023-07-05T21:26:13.934+0000] {processor.py:157} INFO - Started process (PID=111) to work on /home/airflow/.local/lib/python3.7/site-packages/airflow/example_dags/example_branch_datetime_operator.py
[2023-07-05T21:26:13.937+0000] {processor.py:826} INFO - Processing file /home/airflow/.local/lib/python3.7/site-packages/airflow/example_dags/example_branch_datetime_operator.py for tasks to queue
[2023-07-05T21:26:13.938+0000] {logging_mixin.py:149} INFO - [2023-07-05T21:26:13.938+0000] {dagbag.py:541} INFO - Filling up the DagBag from /home/airflow/.local/lib/python3.7/site-packages/airflow/example_dags/example_branch_datetime_operator.py
[2023-07-05T21:26:13.949+0000] {processor.py:836} INFO - DAG(s) dict_keys(['example_branch_datetime_operator_3', 'example_branch_datetime_operator', 'example_branch_datetime_operator_2']) retrieved from /home/airflow/.local/lib/python3.7/site-packages/airflow/example_dags/example_branch_datetime_operator.py
[2023-07-05T21:26:14.024+0000] {logging_mixin.py:149} INFO - [2023-07-05T21:26:14.024+0000] {dag.py:2726} INFO - Sync 3 DAGs
[2023-07-05T21:26:14.046+0000] {logging_mixin.py:149} INFO - [2023-07-05T21:26:14.046+0000] {dag.py:3490} INFO - Setting next_dagrun for example_branch_datetime_operator to 2023-07-04T00:00:00+00:00, run_after=2023-07-05T00:00:00+00:00
[2023-07-05T21:26:14.052+0000] {logging_mixin.py:149} INFO - [2023-07-05T21:26:14.052+0000] {dag.py:3490} INFO - Setting next_dagrun for example_branch_datetime_operator_2 to 2023-07-04T00:00:00+00:00, run_after=2023-07-05T00:00:00+00:00
[2023-07-05T21:26:14.054+0000] {logging_mixin.py:149} INFO - [2023-07-05T21:26:14.054+0000] {dag.py:3490} INFO - Setting next_dagrun for example_branch_datetime_operator_3 to 2023-07-04T00:00:00+00:00, run_after=2023-07-05T00:00:00+00:00
[2023-07-05T21:26:14.068+0000] {processor.py:179} INFO - Processing /home/airflow/.local/lib/python3.7/site-packages/airflow/example_dags/example_branch_datetime_operator.py took 0.137 seconds
[2023-07-05T21:26:44.627+0000] {processor.py:157} INFO - Started process (PID=169) to work on /home/airflow/.local/lib/python3.7/site-packages/airflow/example_dags/example_branch_datetime_operator.py
[2023-07-05T21:26:44.631+0000] {processor.py:826} INFO - Processing file /home/airflow/.local/lib/python3.7/site-packages/airflow/example_dags/example_branch_datetime_operator.py for tasks to queue
[2023-07-05T21:26:44.634+0000] {logging_mixin.py:149} INFO - [2023-07-05T21:26:44.633+0000] {dagbag.py:541} INFO - Filling up the DagBag from /home/airflow/.local/lib/python3.7/site-packages/airflow/example_dags/example_branch_datetime_operator.py
[2023-07-05T21:26:44.642+0000] {processor.py:836} INFO - DAG(s) dict_keys(['example_branch_datetime_operator_3', 'example_branch_datetime_operator', 'example_branch_datetime_operator_2']) retrieved from /home/airflow/.local/lib/python3.7/site-packages/airflow/example_dags/example_branch_datetime_operator.py
[2023-07-05T21:26:44.692+0000] {logging_mixin.py:149} INFO - [2023-07-05T21:26:44.692+0000] {dag.py:2726} INFO - Sync 3 DAGs
[2023-07-05T21:26:44.718+0000] {logging_mixin.py:149} INFO - [2023-07-05T21:26:44.718+0000] {dag.py:3490} INFO - Setting next_dagrun for example_branch_datetime_operator to 2023-07-04T00:00:00+00:00, run_after=2023-07-05T00:00:00+00:00
[2023-07-05T21:26:44.723+0000] {logging_mixin.py:149} INFO - [2023-07-05T21:26:44.723+0000] {dag.py:3490} INFO - Setting next_dagrun for example_branch_datetime_operator_2 to 2023-07-04T00:00:00+00:00, run_after=2023-07-05T00:00:00+00:00
[2023-07-05T21:26:44.726+0000] {logging_mixin.py:149} INFO - [2023-07-05T21:26:44.726+0000] {dag.py:3490} INFO - Setting next_dagrun for example_branch_datetime_operator_3 to 2023-07-04T00:00:00+00:00, run_after=2023-07-05T00:00:00+00:00
[2023-07-05T21:26:44.743+0000] {processor.py:179} INFO - Processing /home/airflow/.local/lib/python3.7/site-packages/airflow/example_dags/example_branch_datetime_operator.py took 0.119 seconds
