[2023-07-05T21:16:48.947+0000] {processor.py:157} INFO - Started process (PID=31) to work on /home/airflow/.local/lib/python3.7/site-packages/airflow/example_dags/example_params_trigger_ui.py
[2023-07-05T21:16:48.950+0000] {processor.py:826} INFO - Processing file /home/airflow/.local/lib/python3.7/site-packages/airflow/example_dags/example_params_trigger_ui.py for tasks to queue
[2023-07-05T21:16:48.953+0000] {logging_mixin.py:149} INFO - [2023-07-05T21:16:48.952+0000] {dagbag.py:541} INFO - Filling up the DagBag from /home/airflow/.local/lib/python3.7/site-packages/airflow/example_dags/example_params_trigger_ui.py
[2023-07-05T21:16:49.001+0000] {processor.py:836} INFO - DAG(s) dict_keys(['example_params_trigger_ui']) retrieved from /home/airflow/.local/lib/python3.7/site-packages/airflow/example_dags/example_params_trigger_ui.py
[2023-07-05T21:16:49.035+0000] {logging_mixin.py:149} INFO - [2023-07-05T21:16:49.034+0000] {dag.py:2726} INFO - Sync 1 DAGs
[2023-07-05T21:16:49.067+0000] {logging_mixin.py:149} INFO - [2023-07-05T21:16:49.067+0000] {dag.py:3490} INFO - Setting next_dagrun for example_params_trigger_ui to None, run_after=None
[2023-07-05T21:16:49.086+0000] {processor.py:179} INFO - Processing /home/airflow/.local/lib/python3.7/site-packages/airflow/example_dags/example_params_trigger_ui.py took 0.145 seconds
[2023-07-05T21:17:20.073+0000] {processor.py:157} INFO - Started process (PID=89) to work on /home/airflow/.local/lib/python3.7/site-packages/airflow/example_dags/example_params_trigger_ui.py
[2023-07-05T21:17:20.075+0000] {processor.py:826} INFO - Processing file /home/airflow/.local/lib/python3.7/site-packages/airflow/example_dags/example_params_trigger_ui.py for tasks to queue
[2023-07-05T21:17:20.077+0000] {logging_mixin.py:149} INFO - [2023-07-05T21:17:20.077+0000] {dagbag.py:541} INFO - Filling up the DagBag from /home/airflow/.local/lib/python3.7/site-packages/airflow/example_dags/example_params_trigger_ui.py
[2023-07-05T21:17:20.103+0000] {processor.py:836} INFO - DAG(s) dict_keys(['example_params_trigger_ui']) retrieved from /home/airflow/.local/lib/python3.7/site-packages/airflow/example_dags/example_params_trigger_ui.py
[2023-07-05T21:17:20.118+0000] {logging_mixin.py:149} INFO - [2023-07-05T21:17:20.118+0000] {dag.py:2726} INFO - Sync 1 DAGs
[2023-07-05T21:17:20.137+0000] {logging_mixin.py:149} INFO - [2023-07-05T21:17:20.136+0000] {dag.py:3490} INFO - Setting next_dagrun for example_params_trigger_ui to None, run_after=None
[2023-07-05T21:17:20.154+0000] {processor.py:179} INFO - Processing /home/airflow/.local/lib/python3.7/site-packages/airflow/example_dags/example_params_trigger_ui.py took 0.086 seconds
[2023-07-05T21:17:50.840+0000] {processor.py:157} INFO - Started process (PID=147) to work on /home/airflow/.local/lib/python3.7/site-packages/airflow/example_dags/example_params_trigger_ui.py
[2023-07-05T21:17:50.844+0000] {processor.py:826} INFO - Processing file /home/airflow/.local/lib/python3.7/site-packages/airflow/example_dags/example_params_trigger_ui.py for tasks to queue
[2023-07-05T21:17:50.846+0000] {logging_mixin.py:149} INFO - [2023-07-05T21:17:50.846+0000] {dagbag.py:541} INFO - Filling up the DagBag from /home/airflow/.local/lib/python3.7/site-packages/airflow/example_dags/example_params_trigger_ui.py
[2023-07-05T21:17:50.897+0000] {processor.py:836} INFO - DAG(s) dict_keys(['example_params_trigger_ui']) retrieved from /home/airflow/.local/lib/python3.7/site-packages/airflow/example_dags/example_params_trigger_ui.py
[2023-07-05T21:17:50.969+0000] {logging_mixin.py:149} INFO - [2023-07-05T21:17:50.968+0000] {dag.py:2726} INFO - Sync 1 DAGs
[2023-07-05T21:17:51.002+0000] {logging_mixin.py:149} INFO - [2023-07-05T21:17:51.002+0000] {dag.py:3490} INFO - Setting next_dagrun for example_params_trigger_ui to None, run_after=None
[2023-07-05T21:17:51.021+0000] {processor.py:179} INFO - Processing /home/airflow/.local/lib/python3.7/site-packages/airflow/example_dags/example_params_trigger_ui.py took 0.190 seconds
[2023-07-05T21:18:21.495+0000] {processor.py:157} INFO - Started process (PID=205) to work on /home/airflow/.local/lib/python3.7/site-packages/airflow/example_dags/example_params_trigger_ui.py
[2023-07-05T21:18:21.500+0000] {processor.py:826} INFO - Processing file /home/airflow/.local/lib/python3.7/site-packages/airflow/example_dags/example_params_trigger_ui.py for tasks to queue
[2023-07-05T21:18:21.502+0000] {logging_mixin.py:149} INFO - [2023-07-05T21:18:21.501+0000] {dagbag.py:541} INFO - Filling up the DagBag from /home/airflow/.local/lib/python3.7/site-packages/airflow/example_dags/example_params_trigger_ui.py
[2023-07-05T21:18:21.543+0000] {processor.py:836} INFO - DAG(s) dict_keys(['example_params_trigger_ui']) retrieved from /home/airflow/.local/lib/python3.7/site-packages/airflow/example_dags/example_params_trigger_ui.py
[2023-07-05T21:18:21.621+0000] {logging_mixin.py:149} INFO - [2023-07-05T21:18:21.621+0000] {dag.py:2726} INFO - Sync 1 DAGs
[2023-07-05T21:18:21.671+0000] {logging_mixin.py:149} INFO - [2023-07-05T21:18:21.671+0000] {dag.py:3490} INFO - Setting next_dagrun for example_params_trigger_ui to None, run_after=None
[2023-07-05T21:18:21.695+0000] {processor.py:179} INFO - Processing /home/airflow/.local/lib/python3.7/site-packages/airflow/example_dags/example_params_trigger_ui.py took 0.206 seconds
[2023-07-05T21:25:41.423+0000] {processor.py:157} INFO - Started process (PID=34) to work on /home/airflow/.local/lib/python3.7/site-packages/airflow/example_dags/example_params_trigger_ui.py
[2023-07-05T21:25:41.428+0000] {processor.py:826} INFO - Processing file /home/airflow/.local/lib/python3.7/site-packages/airflow/example_dags/example_params_trigger_ui.py for tasks to queue
[2023-07-05T21:25:41.431+0000] {logging_mixin.py:149} INFO - [2023-07-05T21:25:41.431+0000] {dagbag.py:541} INFO - Filling up the DagBag from /home/airflow/.local/lib/python3.7/site-packages/airflow/example_dags/example_params_trigger_ui.py
[2023-07-05T21:25:41.479+0000] {processor.py:836} INFO - DAG(s) dict_keys(['example_params_trigger_ui']) retrieved from /home/airflow/.local/lib/python3.7/site-packages/airflow/example_dags/example_params_trigger_ui.py
[2023-07-05T21:25:41.515+0000] {logging_mixin.py:149} INFO - [2023-07-05T21:25:41.515+0000] {dag.py:2726} INFO - Sync 1 DAGs
[2023-07-05T21:25:41.555+0000] {logging_mixin.py:149} INFO - [2023-07-05T21:25:41.555+0000] {dag.py:3490} INFO - Setting next_dagrun for example_params_trigger_ui to None, run_after=None
[2023-07-05T21:25:41.577+0000] {processor.py:179} INFO - Processing /home/airflow/.local/lib/python3.7/site-packages/airflow/example_dags/example_params_trigger_ui.py took 0.158 seconds
[2023-07-05T21:26:12.393+0000] {processor.py:157} INFO - Started process (PID=92) to work on /home/airflow/.local/lib/python3.7/site-packages/airflow/example_dags/example_params_trigger_ui.py
[2023-07-05T21:26:12.396+0000] {processor.py:826} INFO - Processing file /home/airflow/.local/lib/python3.7/site-packages/airflow/example_dags/example_params_trigger_ui.py for tasks to queue
[2023-07-05T21:26:12.399+0000] {logging_mixin.py:149} INFO - [2023-07-05T21:26:12.399+0000] {dagbag.py:541} INFO - Filling up the DagBag from /home/airflow/.local/lib/python3.7/site-packages/airflow/example_dags/example_params_trigger_ui.py
[2023-07-05T21:26:12.451+0000] {processor.py:836} INFO - DAG(s) dict_keys(['example_params_trigger_ui']) retrieved from /home/airflow/.local/lib/python3.7/site-packages/airflow/example_dags/example_params_trigger_ui.py
[2023-07-05T21:26:12.522+0000] {logging_mixin.py:149} INFO - [2023-07-05T21:26:12.522+0000] {dag.py:2726} INFO - Sync 1 DAGs
[2023-07-05T21:26:12.550+0000] {logging_mixin.py:149} INFO - [2023-07-05T21:26:12.550+0000] {dag.py:3490} INFO - Setting next_dagrun for example_params_trigger_ui to None, run_after=None
[2023-07-05T21:26:12.579+0000] {processor.py:179} INFO - Processing /home/airflow/.local/lib/python3.7/site-packages/airflow/example_dags/example_params_trigger_ui.py took 0.193 seconds
[2023-07-05T21:26:43.272+0000] {processor.py:157} INFO - Started process (PID=150) to work on /home/airflow/.local/lib/python3.7/site-packages/airflow/example_dags/example_params_trigger_ui.py
[2023-07-05T21:26:43.276+0000] {processor.py:826} INFO - Processing file /home/airflow/.local/lib/python3.7/site-packages/airflow/example_dags/example_params_trigger_ui.py for tasks to queue
[2023-07-05T21:26:43.277+0000] {logging_mixin.py:149} INFO - [2023-07-05T21:26:43.277+0000] {dagbag.py:541} INFO - Filling up the DagBag from /home/airflow/.local/lib/python3.7/site-packages/airflow/example_dags/example_params_trigger_ui.py
[2023-07-05T21:26:43.305+0000] {processor.py:836} INFO - DAG(s) dict_keys(['example_params_trigger_ui']) retrieved from /home/airflow/.local/lib/python3.7/site-packages/airflow/example_dags/example_params_trigger_ui.py
[2023-07-05T21:26:43.371+0000] {logging_mixin.py:149} INFO - [2023-07-05T21:26:43.371+0000] {dag.py:2726} INFO - Sync 1 DAGs
[2023-07-05T21:26:43.395+0000] {logging_mixin.py:149} INFO - [2023-07-05T21:26:43.395+0000] {dag.py:3490} INFO - Setting next_dagrun for example_params_trigger_ui to None, run_after=None
[2023-07-05T21:26:43.417+0000] {processor.py:179} INFO - Processing /home/airflow/.local/lib/python3.7/site-packages/airflow/example_dags/example_params_trigger_ui.py took 0.150 seconds
