[2023-07-05T21:16:51.889+0000] {processor.py:157} INFO - Started process (PID=59) to work on /home/airflow/.local/lib/python3.7/site-packages/airflow/example_dags/example_kubernetes_executor.py
[2023-07-05T21:16:51.893+0000] {processor.py:826} INFO - Processing file /home/airflow/.local/lib/python3.7/site-packages/airflow/example_dags/example_kubernetes_executor.py for tasks to queue
[2023-07-05T21:16:51.899+0000] {logging_mixin.py:149} INFO - [2023-07-05T21:16:51.899+0000] {dagbag.py:541} INFO - Filling up the DagBag from /home/airflow/.local/lib/python3.7/site-packages/airflow/example_dags/example_kubernetes_executor.py
[2023-07-05T21:16:52.225+0000] {processor.py:836} INFO - DAG(s) dict_keys(['example_kubernetes_executor']) retrieved from /home/airflow/.local/lib/python3.7/site-packages/airflow/example_dags/example_kubernetes_executor.py
[2023-07-05T21:16:52.248+0000] {logging_mixin.py:149} INFO - [2023-07-05T21:16:52.248+0000] {dag.py:2726} INFO - Sync 1 DAGs
[2023-07-05T21:16:52.298+0000] {logging_mixin.py:149} INFO - [2023-07-05T21:16:52.298+0000] {dag.py:3490} INFO - Setting next_dagrun for example_kubernetes_executor to None, run_after=None
[2023-07-05T21:16:52.342+0000] {processor.py:179} INFO - Processing /home/airflow/.local/lib/python3.7/site-packages/airflow/example_dags/example_kubernetes_executor.py took 0.460 seconds
[2023-07-05T21:17:22.689+0000] {processor.py:157} INFO - Started process (PID=118) to work on /home/airflow/.local/lib/python3.7/site-packages/airflow/example_dags/example_kubernetes_executor.py
[2023-07-05T21:17:22.691+0000] {processor.py:826} INFO - Processing file /home/airflow/.local/lib/python3.7/site-packages/airflow/example_dags/example_kubernetes_executor.py for tasks to queue
[2023-07-05T21:17:22.693+0000] {logging_mixin.py:149} INFO - [2023-07-05T21:17:22.692+0000] {dagbag.py:541} INFO - Filling up the DagBag from /home/airflow/.local/lib/python3.7/site-packages/airflow/example_dags/example_kubernetes_executor.py
[2023-07-05T21:17:22.830+0000] {processor.py:836} INFO - DAG(s) dict_keys(['example_kubernetes_executor']) retrieved from /home/airflow/.local/lib/python3.7/site-packages/airflow/example_dags/example_kubernetes_executor.py
[2023-07-05T21:17:22.846+0000] {logging_mixin.py:149} INFO - [2023-07-05T21:17:22.846+0000] {dag.py:2726} INFO - Sync 1 DAGs
[2023-07-05T21:17:22.866+0000] {logging_mixin.py:149} INFO - [2023-07-05T21:17:22.866+0000] {dag.py:3490} INFO - Setting next_dagrun for example_kubernetes_executor to None, run_after=None
[2023-07-05T21:17:22.878+0000] {processor.py:179} INFO - Processing /home/airflow/.local/lib/python3.7/site-packages/airflow/example_dags/example_kubernetes_executor.py took 0.192 seconds
[2023-07-05T21:17:53.046+0000] {processor.py:157} INFO - Started process (PID=177) to work on /home/airflow/.local/lib/python3.7/site-packages/airflow/example_dags/example_kubernetes_executor.py
[2023-07-05T21:17:53.050+0000] {processor.py:826} INFO - Processing file /home/airflow/.local/lib/python3.7/site-packages/airflow/example_dags/example_kubernetes_executor.py for tasks to queue
[2023-07-05T21:17:53.052+0000] {logging_mixin.py:149} INFO - [2023-07-05T21:17:53.052+0000] {dagbag.py:541} INFO - Filling up the DagBag from /home/airflow/.local/lib/python3.7/site-packages/airflow/example_dags/example_kubernetes_executor.py
[2023-07-05T21:17:53.198+0000] {processor.py:836} INFO - DAG(s) dict_keys(['example_kubernetes_executor']) retrieved from /home/airflow/.local/lib/python3.7/site-packages/airflow/example_dags/example_kubernetes_executor.py
[2023-07-05T21:17:53.242+0000] {logging_mixin.py:149} INFO - [2023-07-05T21:17:53.242+0000] {dag.py:2726} INFO - Sync 1 DAGs
[2023-07-05T21:17:53.264+0000] {logging_mixin.py:149} INFO - [2023-07-05T21:17:53.264+0000] {dag.py:3490} INFO - Setting next_dagrun for example_kubernetes_executor to None, run_after=None
[2023-07-05T21:17:53.286+0000] {processor.py:179} INFO - Processing /home/airflow/.local/lib/python3.7/site-packages/airflow/example_dags/example_kubernetes_executor.py took 0.243 seconds
[2023-07-05T21:18:23.371+0000] {processor.py:157} INFO - Started process (PID=236) to work on /home/airflow/.local/lib/python3.7/site-packages/airflow/example_dags/example_kubernetes_executor.py
[2023-07-05T21:18:23.375+0000] {processor.py:826} INFO - Processing file /home/airflow/.local/lib/python3.7/site-packages/airflow/example_dags/example_kubernetes_executor.py for tasks to queue
[2023-07-05T21:18:23.377+0000] {logging_mixin.py:149} INFO - [2023-07-05T21:18:23.377+0000] {dagbag.py:541} INFO - Filling up the DagBag from /home/airflow/.local/lib/python3.7/site-packages/airflow/example_dags/example_kubernetes_executor.py
[2023-07-05T21:18:23.521+0000] {processor.py:836} INFO - DAG(s) dict_keys(['example_kubernetes_executor']) retrieved from /home/airflow/.local/lib/python3.7/site-packages/airflow/example_dags/example_kubernetes_executor.py
[2023-07-05T21:18:23.551+0000] {logging_mixin.py:149} INFO - [2023-07-05T21:18:23.551+0000] {dag.py:2726} INFO - Sync 1 DAGs
[2023-07-05T21:18:23.570+0000] {logging_mixin.py:149} INFO - [2023-07-05T21:18:23.570+0000] {dag.py:3490} INFO - Setting next_dagrun for example_kubernetes_executor to None, run_after=None
[2023-07-05T21:18:23.586+0000] {processor.py:179} INFO - Processing /home/airflow/.local/lib/python3.7/site-packages/airflow/example_dags/example_kubernetes_executor.py took 0.218 seconds
[2023-07-05T21:25:44.027+0000] {processor.py:157} INFO - Started process (PID=62) to work on /home/airflow/.local/lib/python3.7/site-packages/airflow/example_dags/example_kubernetes_executor.py
[2023-07-05T21:25:44.030+0000] {processor.py:826} INFO - Processing file /home/airflow/.local/lib/python3.7/site-packages/airflow/example_dags/example_kubernetes_executor.py for tasks to queue
[2023-07-05T21:25:44.034+0000] {logging_mixin.py:149} INFO - [2023-07-05T21:25:44.033+0000] {dagbag.py:541} INFO - Filling up the DagBag from /home/airflow/.local/lib/python3.7/site-packages/airflow/example_dags/example_kubernetes_executor.py
[2023-07-05T21:25:44.387+0000] {processor.py:836} INFO - DAG(s) dict_keys(['example_kubernetes_executor']) retrieved from /home/airflow/.local/lib/python3.7/site-packages/airflow/example_dags/example_kubernetes_executor.py
[2023-07-05T21:25:44.423+0000] {logging_mixin.py:149} INFO - [2023-07-05T21:25:44.423+0000] {dag.py:2726} INFO - Sync 1 DAGs
[2023-07-05T21:25:44.524+0000] {logging_mixin.py:149} INFO - [2023-07-05T21:25:44.524+0000] {dag.py:3490} INFO - Setting next_dagrun for example_kubernetes_executor to None, run_after=None
[2023-07-05T21:25:44.576+0000] {processor.py:179} INFO - Processing /home/airflow/.local/lib/python3.7/site-packages/airflow/example_dags/example_kubernetes_executor.py took 0.556 seconds
[2023-07-05T21:26:14.846+0000] {processor.py:157} INFO - Started process (PID=122) to work on /home/airflow/.local/lib/python3.7/site-packages/airflow/example_dags/example_kubernetes_executor.py
[2023-07-05T21:26:14.849+0000] {processor.py:826} INFO - Processing file /home/airflow/.local/lib/python3.7/site-packages/airflow/example_dags/example_kubernetes_executor.py for tasks to queue
[2023-07-05T21:26:14.850+0000] {logging_mixin.py:149} INFO - [2023-07-05T21:26:14.850+0000] {dagbag.py:541} INFO - Filling up the DagBag from /home/airflow/.local/lib/python3.7/site-packages/airflow/example_dags/example_kubernetes_executor.py
[2023-07-05T21:26:14.997+0000] {processor.py:836} INFO - DAG(s) dict_keys(['example_kubernetes_executor']) retrieved from /home/airflow/.local/lib/python3.7/site-packages/airflow/example_dags/example_kubernetes_executor.py
[2023-07-05T21:26:15.044+0000] {logging_mixin.py:149} INFO - [2023-07-05T21:26:15.044+0000] {dag.py:2726} INFO - Sync 1 DAGs
[2023-07-05T21:26:15.076+0000] {logging_mixin.py:149} INFO - [2023-07-05T21:26:15.076+0000] {dag.py:3490} INFO - Setting next_dagrun for example_kubernetes_executor to None, run_after=None
[2023-07-05T21:26:15.093+0000] {processor.py:179} INFO - Processing /home/airflow/.local/lib/python3.7/site-packages/airflow/example_dags/example_kubernetes_executor.py took 0.249 seconds
[2023-07-05T21:26:45.254+0000] {processor.py:157} INFO - Started process (PID=178) to work on /home/airflow/.local/lib/python3.7/site-packages/airflow/example_dags/example_kubernetes_executor.py
[2023-07-05T21:26:45.258+0000] {processor.py:826} INFO - Processing file /home/airflow/.local/lib/python3.7/site-packages/airflow/example_dags/example_kubernetes_executor.py for tasks to queue
[2023-07-05T21:26:45.260+0000] {logging_mixin.py:149} INFO - [2023-07-05T21:26:45.260+0000] {dagbag.py:541} INFO - Filling up the DagBag from /home/airflow/.local/lib/python3.7/site-packages/airflow/example_dags/example_kubernetes_executor.py
[2023-07-05T21:26:45.443+0000] {processor.py:836} INFO - DAG(s) dict_keys(['example_kubernetes_executor']) retrieved from /home/airflow/.local/lib/python3.7/site-packages/airflow/example_dags/example_kubernetes_executor.py
[2023-07-05T21:26:45.483+0000] {logging_mixin.py:149} INFO - [2023-07-05T21:26:45.483+0000] {dag.py:2726} INFO - Sync 1 DAGs
[2023-07-05T21:26:45.505+0000] {logging_mixin.py:149} INFO - [2023-07-05T21:26:45.505+0000] {dag.py:3490} INFO - Setting next_dagrun for example_kubernetes_executor to None, run_after=None
[2023-07-05T21:26:45.520+0000] {processor.py:179} INFO - Processing /home/airflow/.local/lib/python3.7/site-packages/airflow/example_dags/example_kubernetes_executor.py took 0.269 seconds
