[2023-07-05T21:16:50.098+0000] {processor.py:157} INFO - Started process (PID=40) to work on /home/airflow/.local/lib/python3.7/site-packages/airflow/example_dags/example_task_group_decorator.py
[2023-07-05T21:16:50.101+0000] {processor.py:826} INFO - Processing file /home/airflow/.local/lib/python3.7/site-packages/airflow/example_dags/example_task_group_decorator.py for tasks to queue
[2023-07-05T21:16:50.103+0000] {logging_mixin.py:149} INFO - [2023-07-05T21:16:50.103+0000] {dagbag.py:541} INFO - Filling up the DagBag from /home/airflow/.local/lib/python3.7/site-packages/airflow/example_dags/example_task_group_decorator.py
[2023-07-05T21:16:50.114+0000] {processor.py:836} INFO - DAG(s) dict_keys(['example_task_group_decorator']) retrieved from /home/airflow/.local/lib/python3.7/site-packages/airflow/example_dags/example_task_group_decorator.py
[2023-07-05T21:16:50.133+0000] {logging_mixin.py:149} INFO - [2023-07-05T21:16:50.133+0000] {dag.py:2726} INFO - Sync 1 DAGs
[2023-07-05T21:16:50.163+0000] {logging_mixin.py:149} INFO - [2023-07-05T21:16:50.163+0000] {dag.py:3490} INFO - Setting next_dagrun for example_task_group_decorator to 2023-07-04T21:16:50.162790+00:00, run_after=2023-07-05T21:16:50.162790+00:00
[2023-07-05T21:16:50.185+0000] {processor.py:179} INFO - Processing /home/airflow/.local/lib/python3.7/site-packages/airflow/example_dags/example_task_group_decorator.py took 0.090 seconds
[2023-07-05T21:17:20.575+0000] {processor.py:157} INFO - Started process (PID=98) to work on /home/airflow/.local/lib/python3.7/site-packages/airflow/example_dags/example_task_group_decorator.py
[2023-07-05T21:17:20.578+0000] {processor.py:826} INFO - Processing file /home/airflow/.local/lib/python3.7/site-packages/airflow/example_dags/example_task_group_decorator.py for tasks to queue
[2023-07-05T21:17:20.579+0000] {logging_mixin.py:149} INFO - [2023-07-05T21:17:20.579+0000] {dagbag.py:541} INFO - Filling up the DagBag from /home/airflow/.local/lib/python3.7/site-packages/airflow/example_dags/example_task_group_decorator.py
[2023-07-05T21:17:20.592+0000] {processor.py:836} INFO - DAG(s) dict_keys(['example_task_group_decorator']) retrieved from /home/airflow/.local/lib/python3.7/site-packages/airflow/example_dags/example_task_group_decorator.py
[2023-07-05T21:17:20.612+0000] {logging_mixin.py:149} INFO - [2023-07-05T21:17:20.612+0000] {dag.py:2726} INFO - Sync 1 DAGs
[2023-07-05T21:17:20.633+0000] {logging_mixin.py:149} INFO - [2023-07-05T21:17:20.633+0000] {dag.py:3490} INFO - Setting next_dagrun for example_task_group_decorator to 2023-07-04T21:17:20.633189+00:00, run_after=2023-07-05T21:17:20.633189+00:00
[2023-07-05T21:17:20.648+0000] {processor.py:179} INFO - Processing /home/airflow/.local/lib/python3.7/site-packages/airflow/example_dags/example_task_group_decorator.py took 0.078 seconds
[2023-07-05T21:17:51.638+0000] {processor.py:157} INFO - Started process (PID=156) to work on /home/airflow/.local/lib/python3.7/site-packages/airflow/example_dags/example_task_group_decorator.py
[2023-07-05T21:17:51.640+0000] {processor.py:826} INFO - Processing file /home/airflow/.local/lib/python3.7/site-packages/airflow/example_dags/example_task_group_decorator.py for tasks to queue
[2023-07-05T21:17:51.641+0000] {logging_mixin.py:149} INFO - [2023-07-05T21:17:51.641+0000] {dagbag.py:541} INFO - Filling up the DagBag from /home/airflow/.local/lib/python3.7/site-packages/airflow/example_dags/example_task_group_decorator.py
[2023-07-05T21:17:51.652+0000] {processor.py:836} INFO - DAG(s) dict_keys(['example_task_group_decorator']) retrieved from /home/airflow/.local/lib/python3.7/site-packages/airflow/example_dags/example_task_group_decorator.py
[2023-07-05T21:17:51.676+0000] {logging_mixin.py:149} INFO - [2023-07-05T21:17:51.676+0000] {dag.py:2726} INFO - Sync 1 DAGs
[2023-07-05T21:17:51.695+0000] {logging_mixin.py:149} INFO - [2023-07-05T21:17:51.695+0000] {dag.py:3490} INFO - Setting next_dagrun for example_task_group_decorator to 2023-07-04T21:17:51.694923+00:00, run_after=2023-07-05T21:17:51.694923+00:00
[2023-07-05T21:17:51.711+0000] {processor.py:179} INFO - Processing /home/airflow/.local/lib/python3.7/site-packages/airflow/example_dags/example_task_group_decorator.py took 0.076 seconds
[2023-07-05T21:18:22.259+0000] {processor.py:157} INFO - Started process (PID=214) to work on /home/airflow/.local/lib/python3.7/site-packages/airflow/example_dags/example_task_group_decorator.py
[2023-07-05T21:18:22.262+0000] {processor.py:826} INFO - Processing file /home/airflow/.local/lib/python3.7/site-packages/airflow/example_dags/example_task_group_decorator.py for tasks to queue
[2023-07-05T21:18:22.263+0000] {logging_mixin.py:149} INFO - [2023-07-05T21:18:22.263+0000] {dagbag.py:541} INFO - Filling up the DagBag from /home/airflow/.local/lib/python3.7/site-packages/airflow/example_dags/example_task_group_decorator.py
[2023-07-05T21:18:22.275+0000] {processor.py:836} INFO - DAG(s) dict_keys(['example_task_group_decorator']) retrieved from /home/airflow/.local/lib/python3.7/site-packages/airflow/example_dags/example_task_group_decorator.py
[2023-07-05T21:18:22.299+0000] {logging_mixin.py:149} INFO - [2023-07-05T21:18:22.299+0000] {dag.py:2726} INFO - Sync 1 DAGs
[2023-07-05T21:18:22.321+0000] {logging_mixin.py:149} INFO - [2023-07-05T21:18:22.321+0000] {dag.py:3490} INFO - Setting next_dagrun for example_task_group_decorator to 2023-07-04T21:18:22.321462+00:00, run_after=2023-07-05T21:18:22.321462+00:00
[2023-07-05T21:18:22.336+0000] {processor.py:179} INFO - Processing /home/airflow/.local/lib/python3.7/site-packages/airflow/example_dags/example_task_group_decorator.py took 0.079 seconds
[2023-07-05T21:25:42.416+0000] {processor.py:157} INFO - Started process (PID=43) to work on /home/airflow/.local/lib/python3.7/site-packages/airflow/example_dags/example_task_group_decorator.py
[2023-07-05T21:25:42.419+0000] {processor.py:826} INFO - Processing file /home/airflow/.local/lib/python3.7/site-packages/airflow/example_dags/example_task_group_decorator.py for tasks to queue
[2023-07-05T21:25:42.421+0000] {logging_mixin.py:149} INFO - [2023-07-05T21:25:42.421+0000] {dagbag.py:541} INFO - Filling up the DagBag from /home/airflow/.local/lib/python3.7/site-packages/airflow/example_dags/example_task_group_decorator.py
[2023-07-05T21:25:42.435+0000] {processor.py:836} INFO - DAG(s) dict_keys(['example_task_group_decorator']) retrieved from /home/airflow/.local/lib/python3.7/site-packages/airflow/example_dags/example_task_group_decorator.py
[2023-07-05T21:25:42.455+0000] {logging_mixin.py:149} INFO - [2023-07-05T21:25:42.455+0000] {dag.py:2726} INFO - Sync 1 DAGs
[2023-07-05T21:25:42.478+0000] {logging_mixin.py:149} INFO - [2023-07-05T21:25:42.478+0000] {dag.py:3490} INFO - Setting next_dagrun for example_task_group_decorator to 2023-07-04T21:25:42.477748+00:00, run_after=2023-07-05T21:25:42.477748+00:00
[2023-07-05T21:25:42.498+0000] {processor.py:179} INFO - Processing /home/airflow/.local/lib/python3.7/site-packages/airflow/example_dags/example_task_group_decorator.py took 0.085 seconds
[2023-07-05T21:26:13.122+0000] {processor.py:157} INFO - Started process (PID=101) to work on /home/airflow/.local/lib/python3.7/site-packages/airflow/example_dags/example_task_group_decorator.py
[2023-07-05T21:26:13.124+0000] {processor.py:826} INFO - Processing file /home/airflow/.local/lib/python3.7/site-packages/airflow/example_dags/example_task_group_decorator.py for tasks to queue
[2023-07-05T21:26:13.126+0000] {logging_mixin.py:149} INFO - [2023-07-05T21:26:13.126+0000] {dagbag.py:541} INFO - Filling up the DagBag from /home/airflow/.local/lib/python3.7/site-packages/airflow/example_dags/example_task_group_decorator.py
[2023-07-05T21:26:13.139+0000] {processor.py:836} INFO - DAG(s) dict_keys(['example_task_group_decorator']) retrieved from /home/airflow/.local/lib/python3.7/site-packages/airflow/example_dags/example_task_group_decorator.py
[2023-07-05T21:26:13.174+0000] {logging_mixin.py:149} INFO - [2023-07-05T21:26:13.174+0000] {dag.py:2726} INFO - Sync 1 DAGs
[2023-07-05T21:26:13.202+0000] {logging_mixin.py:149} INFO - [2023-07-05T21:26:13.201+0000] {dag.py:3490} INFO - Setting next_dagrun for example_task_group_decorator to 2023-07-04T21:26:13.201450+00:00, run_after=2023-07-05T21:26:13.201450+00:00
[2023-07-05T21:26:13.223+0000] {processor.py:179} INFO - Processing /home/airflow/.local/lib/python3.7/site-packages/airflow/example_dags/example_task_group_decorator.py took 0.104 seconds
[2023-07-05T21:26:43.860+0000] {processor.py:157} INFO - Started process (PID=159) to work on /home/airflow/.local/lib/python3.7/site-packages/airflow/example_dags/example_task_group_decorator.py
[2023-07-05T21:26:43.862+0000] {processor.py:826} INFO - Processing file /home/airflow/.local/lib/python3.7/site-packages/airflow/example_dags/example_task_group_decorator.py for tasks to queue
[2023-07-05T21:26:43.863+0000] {logging_mixin.py:149} INFO - [2023-07-05T21:26:43.863+0000] {dagbag.py:541} INFO - Filling up the DagBag from /home/airflow/.local/lib/python3.7/site-packages/airflow/example_dags/example_task_group_decorator.py
[2023-07-05T21:26:43.875+0000] {processor.py:836} INFO - DAG(s) dict_keys(['example_task_group_decorator']) retrieved from /home/airflow/.local/lib/python3.7/site-packages/airflow/example_dags/example_task_group_decorator.py
[2023-07-05T21:26:43.908+0000] {logging_mixin.py:149} INFO - [2023-07-05T21:26:43.908+0000] {dag.py:2726} INFO - Sync 1 DAGs
[2023-07-05T21:26:43.931+0000] {logging_mixin.py:149} INFO - [2023-07-05T21:26:43.931+0000] {dag.py:3490} INFO - Setting next_dagrun for example_task_group_decorator to 2023-07-04T21:26:43.931556+00:00, run_after=2023-07-05T21:26:43.931556+00:00
[2023-07-05T21:26:43.950+0000] {processor.py:179} INFO - Processing /home/airflow/.local/lib/python3.7/site-packages/airflow/example_dags/example_task_group_decorator.py took 0.093 seconds
