[2023-07-05T21:16:50.470+0000] {processor.py:157} INFO - Started process (PID=44) to work on /home/airflow/.local/lib/python3.7/site-packages/airflow/example_dags/example_external_task_marker_dag.py
[2023-07-05T21:16:50.474+0000] {processor.py:826} INFO - Processing file /home/airflow/.local/lib/python3.7/site-packages/airflow/example_dags/example_external_task_marker_dag.py for tasks to queue
[2023-07-05T21:16:50.478+0000] {logging_mixin.py:149} INFO - [2023-07-05T21:16:50.476+0000] {dagbag.py:541} INFO - Filling up the DagBag from /home/airflow/.local/lib/python3.7/site-packages/airflow/example_dags/example_external_task_marker_dag.py
[2023-07-05T21:16:50.491+0000] {processor.py:836} INFO - DAG(s) dict_keys(['example_external_task_marker_parent', 'example_external_task_marker_child']) retrieved from /home/airflow/.local/lib/python3.7/site-packages/airflow/example_dags/example_external_task_marker_dag.py
[2023-07-05T21:16:50.539+0000] {logging_mixin.py:149} INFO - [2023-07-05T21:16:50.539+0000] {dag.py:2726} INFO - Sync 2 DAGs
[2023-07-05T21:16:50.580+0000] {logging_mixin.py:149} INFO - [2023-07-05T21:16:50.580+0000] {dag.py:3490} INFO - Setting next_dagrun for example_external_task_marker_child to None, run_after=None
[2023-07-05T21:16:50.588+0000] {logging_mixin.py:149} INFO - [2023-07-05T21:16:50.588+0000] {dag.py:3490} INFO - Setting next_dagrun for example_external_task_marker_parent to None, run_after=None
[2023-07-05T21:16:50.611+0000] {processor.py:179} INFO - Processing /home/airflow/.local/lib/python3.7/site-packages/airflow/example_dags/example_external_task_marker_dag.py took 0.149 seconds
[2023-07-05T21:17:20.825+0000] {processor.py:157} INFO - Started process (PID=102) to work on /home/airflow/.local/lib/python3.7/site-packages/airflow/example_dags/example_external_task_marker_dag.py
[2023-07-05T21:17:20.827+0000] {processor.py:826} INFO - Processing file /home/airflow/.local/lib/python3.7/site-packages/airflow/example_dags/example_external_task_marker_dag.py for tasks to queue
[2023-07-05T21:17:20.828+0000] {logging_mixin.py:149} INFO - [2023-07-05T21:17:20.828+0000] {dagbag.py:541} INFO - Filling up the DagBag from /home/airflow/.local/lib/python3.7/site-packages/airflow/example_dags/example_external_task_marker_dag.py
[2023-07-05T21:17:20.836+0000] {processor.py:836} INFO - DAG(s) dict_keys(['example_external_task_marker_parent', 'example_external_task_marker_child']) retrieved from /home/airflow/.local/lib/python3.7/site-packages/airflow/example_dags/example_external_task_marker_dag.py
[2023-07-05T21:17:20.862+0000] {logging_mixin.py:149} INFO - [2023-07-05T21:17:20.861+0000] {dag.py:2726} INFO - Sync 2 DAGs
[2023-07-05T21:17:20.895+0000] {logging_mixin.py:149} INFO - [2023-07-05T21:17:20.895+0000] {dag.py:3490} INFO - Setting next_dagrun for example_external_task_marker_child to None, run_after=None
[2023-07-05T21:17:20.901+0000] {logging_mixin.py:149} INFO - [2023-07-05T21:17:20.901+0000] {dag.py:3490} INFO - Setting next_dagrun for example_external_task_marker_parent to None, run_after=None
[2023-07-05T21:17:20.941+0000] {processor.py:179} INFO - Processing /home/airflow/.local/lib/python3.7/site-packages/airflow/example_dags/example_external_task_marker_dag.py took 0.120 seconds
[2023-07-05T21:17:51.844+0000] {processor.py:157} INFO - Started process (PID=160) to work on /home/airflow/.local/lib/python3.7/site-packages/airflow/example_dags/example_external_task_marker_dag.py
[2023-07-05T21:17:51.846+0000] {processor.py:826} INFO - Processing file /home/airflow/.local/lib/python3.7/site-packages/airflow/example_dags/example_external_task_marker_dag.py for tasks to queue
[2023-07-05T21:17:51.848+0000] {logging_mixin.py:149} INFO - [2023-07-05T21:17:51.848+0000] {dagbag.py:541} INFO - Filling up the DagBag from /home/airflow/.local/lib/python3.7/site-packages/airflow/example_dags/example_external_task_marker_dag.py
[2023-07-05T21:17:51.854+0000] {processor.py:836} INFO - DAG(s) dict_keys(['example_external_task_marker_child', 'example_external_task_marker_parent']) retrieved from /home/airflow/.local/lib/python3.7/site-packages/airflow/example_dags/example_external_task_marker_dag.py
[2023-07-05T21:17:51.938+0000] {logging_mixin.py:149} INFO - [2023-07-05T21:17:51.938+0000] {dag.py:2726} INFO - Sync 2 DAGs
[2023-07-05T21:17:51.954+0000] {logging_mixin.py:149} INFO - [2023-07-05T21:17:51.953+0000] {dag.py:3490} INFO - Setting next_dagrun for example_external_task_marker_child to None, run_after=None
[2023-07-05T21:17:51.957+0000] {logging_mixin.py:149} INFO - [2023-07-05T21:17:51.957+0000] {dag.py:3490} INFO - Setting next_dagrun for example_external_task_marker_parent to None, run_after=None
[2023-07-05T21:17:51.971+0000] {processor.py:179} INFO - Processing /home/airflow/.local/lib/python3.7/site-packages/airflow/example_dags/example_external_task_marker_dag.py took 0.130 seconds
[2023-07-05T21:18:22.427+0000] {processor.py:157} INFO - Started process (PID=218) to work on /home/airflow/.local/lib/python3.7/site-packages/airflow/example_dags/example_external_task_marker_dag.py
[2023-07-05T21:18:22.429+0000] {processor.py:826} INFO - Processing file /home/airflow/.local/lib/python3.7/site-packages/airflow/example_dags/example_external_task_marker_dag.py for tasks to queue
[2023-07-05T21:18:22.430+0000] {logging_mixin.py:149} INFO - [2023-07-05T21:18:22.430+0000] {dagbag.py:541} INFO - Filling up the DagBag from /home/airflow/.local/lib/python3.7/site-packages/airflow/example_dags/example_external_task_marker_dag.py
[2023-07-05T21:18:22.436+0000] {processor.py:836} INFO - DAG(s) dict_keys(['example_external_task_marker_parent', 'example_external_task_marker_child']) retrieved from /home/airflow/.local/lib/python3.7/site-packages/airflow/example_dags/example_external_task_marker_dag.py
[2023-07-05T21:18:22.463+0000] {logging_mixin.py:149} INFO - [2023-07-05T21:18:22.463+0000] {dag.py:2726} INFO - Sync 2 DAGs
[2023-07-05T21:18:22.481+0000] {logging_mixin.py:149} INFO - [2023-07-05T21:18:22.481+0000] {dag.py:3490} INFO - Setting next_dagrun for example_external_task_marker_child to None, run_after=None
[2023-07-05T21:18:22.485+0000] {logging_mixin.py:149} INFO - [2023-07-05T21:18:22.485+0000] {dag.py:3490} INFO - Setting next_dagrun for example_external_task_marker_parent to None, run_after=None
[2023-07-05T21:18:22.501+0000] {processor.py:179} INFO - Processing /home/airflow/.local/lib/python3.7/site-packages/airflow/example_dags/example_external_task_marker_dag.py took 0.077 seconds
[2023-07-05T21:25:42.759+0000] {processor.py:157} INFO - Started process (PID=47) to work on /home/airflow/.local/lib/python3.7/site-packages/airflow/example_dags/example_external_task_marker_dag.py
[2023-07-05T21:25:42.761+0000] {processor.py:826} INFO - Processing file /home/airflow/.local/lib/python3.7/site-packages/airflow/example_dags/example_external_task_marker_dag.py for tasks to queue
[2023-07-05T21:25:42.762+0000] {logging_mixin.py:149} INFO - [2023-07-05T21:25:42.762+0000] {dagbag.py:541} INFO - Filling up the DagBag from /home/airflow/.local/lib/python3.7/site-packages/airflow/example_dags/example_external_task_marker_dag.py
[2023-07-05T21:25:42.769+0000] {processor.py:836} INFO - DAG(s) dict_keys(['example_external_task_marker_parent', 'example_external_task_marker_child']) retrieved from /home/airflow/.local/lib/python3.7/site-packages/airflow/example_dags/example_external_task_marker_dag.py
[2023-07-05T21:25:42.791+0000] {logging_mixin.py:149} INFO - [2023-07-05T21:25:42.791+0000] {dag.py:2726} INFO - Sync 2 DAGs
[2023-07-05T21:25:42.815+0000] {logging_mixin.py:149} INFO - [2023-07-05T21:25:42.815+0000] {dag.py:3490} INFO - Setting next_dagrun for example_external_task_marker_child to None, run_after=None
[2023-07-05T21:25:42.820+0000] {logging_mixin.py:149} INFO - [2023-07-05T21:25:42.820+0000] {dag.py:3490} INFO - Setting next_dagrun for example_external_task_marker_parent to None, run_after=None
[2023-07-05T21:25:42.835+0000] {processor.py:179} INFO - Processing /home/airflow/.local/lib/python3.7/site-packages/airflow/example_dags/example_external_task_marker_dag.py took 0.080 seconds
[2023-07-05T21:26:13.489+0000] {processor.py:157} INFO - Started process (PID=105) to work on /home/airflow/.local/lib/python3.7/site-packages/airflow/example_dags/example_external_task_marker_dag.py
[2023-07-05T21:26:13.492+0000] {processor.py:826} INFO - Processing file /home/airflow/.local/lib/python3.7/site-packages/airflow/example_dags/example_external_task_marker_dag.py for tasks to queue
[2023-07-05T21:26:13.494+0000] {logging_mixin.py:149} INFO - [2023-07-05T21:26:13.494+0000] {dagbag.py:541} INFO - Filling up the DagBag from /home/airflow/.local/lib/python3.7/site-packages/airflow/example_dags/example_external_task_marker_dag.py
[2023-07-05T21:26:13.500+0000] {processor.py:836} INFO - DAG(s) dict_keys(['example_external_task_marker_child', 'example_external_task_marker_parent']) retrieved from /home/airflow/.local/lib/python3.7/site-packages/airflow/example_dags/example_external_task_marker_dag.py
[2023-07-05T21:26:13.529+0000] {logging_mixin.py:149} INFO - [2023-07-05T21:26:13.529+0000] {dag.py:2726} INFO - Sync 2 DAGs
[2023-07-05T21:26:13.556+0000] {logging_mixin.py:149} INFO - [2023-07-05T21:26:13.556+0000] {dag.py:3490} INFO - Setting next_dagrun for example_external_task_marker_child to None, run_after=None
[2023-07-05T21:26:13.563+0000] {logging_mixin.py:149} INFO - [2023-07-05T21:26:13.562+0000] {dag.py:3490} INFO - Setting next_dagrun for example_external_task_marker_parent to None, run_after=None
[2023-07-05T21:26:13.579+0000] {processor.py:179} INFO - Processing /home/airflow/.local/lib/python3.7/site-packages/airflow/example_dags/example_external_task_marker_dag.py took 0.093 seconds
[2023-07-05T21:26:44.193+0000] {processor.py:157} INFO - Started process (PID=163) to work on /home/airflow/.local/lib/python3.7/site-packages/airflow/example_dags/example_external_task_marker_dag.py
[2023-07-05T21:26:44.196+0000] {processor.py:826} INFO - Processing file /home/airflow/.local/lib/python3.7/site-packages/airflow/example_dags/example_external_task_marker_dag.py for tasks to queue
[2023-07-05T21:26:44.202+0000] {logging_mixin.py:149} INFO - [2023-07-05T21:26:44.202+0000] {dagbag.py:541} INFO - Filling up the DagBag from /home/airflow/.local/lib/python3.7/site-packages/airflow/example_dags/example_external_task_marker_dag.py
[2023-07-05T21:26:44.211+0000] {processor.py:836} INFO - DAG(s) dict_keys(['example_external_task_marker_parent', 'example_external_task_marker_child']) retrieved from /home/airflow/.local/lib/python3.7/site-packages/airflow/example_dags/example_external_task_marker_dag.py
[2023-07-05T21:26:44.242+0000] {logging_mixin.py:149} INFO - [2023-07-05T21:26:44.242+0000] {dag.py:2726} INFO - Sync 2 DAGs
[2023-07-05T21:26:44.266+0000] {logging_mixin.py:149} INFO - [2023-07-05T21:26:44.266+0000] {dag.py:3490} INFO - Setting next_dagrun for example_external_task_marker_child to None, run_after=None
[2023-07-05T21:26:44.270+0000] {logging_mixin.py:149} INFO - [2023-07-05T21:26:44.269+0000] {dag.py:3490} INFO - Setting next_dagrun for example_external_task_marker_parent to None, run_after=None
[2023-07-05T21:26:44.292+0000] {processor.py:179} INFO - Processing /home/airflow/.local/lib/python3.7/site-packages/airflow/example_dags/example_external_task_marker_dag.py took 0.102 seconds
