[2023-07-05T21:16:51.610+0000] {processor.py:157} INFO - Started process (PID=56) to work on /home/airflow/.local/lib/python3.7/site-packages/airflow/example_dags/example_short_circuit_operator.py
[2023-07-05T21:16:51.613+0000] {processor.py:826} INFO - Processing file /home/airflow/.local/lib/python3.7/site-packages/airflow/example_dags/example_short_circuit_operator.py for tasks to queue
[2023-07-05T21:16:51.616+0000] {logging_mixin.py:149} INFO - [2023-07-05T21:16:51.616+0000] {dagbag.py:541} INFO - Filling up the DagBag from /home/airflow/.local/lib/python3.7/site-packages/airflow/example_dags/example_short_circuit_operator.py
[2023-07-05T21:16:51.630+0000] {processor.py:836} INFO - DAG(s) dict_keys(['example_short_circuit_operator']) retrieved from /home/airflow/.local/lib/python3.7/site-packages/airflow/example_dags/example_short_circuit_operator.py
[2023-07-05T21:16:51.655+0000] {logging_mixin.py:149} INFO - [2023-07-05T21:16:51.655+0000] {dag.py:2726} INFO - Sync 1 DAGs
[2023-07-05T21:16:51.717+0000] {logging_mixin.py:149} INFO - [2023-07-05T21:16:51.717+0000] {dag.py:3490} INFO - Setting next_dagrun for example_short_circuit_operator to 2023-07-04T21:16:51.717457+00:00, run_after=2023-07-05T21:16:51.717457+00:00
[2023-07-05T21:16:51.756+0000] {processor.py:179} INFO - Processing /home/airflow/.local/lib/python3.7/site-packages/airflow/example_dags/example_short_circuit_operator.py took 0.150 seconds
[2023-07-05T21:17:22.506+0000] {processor.py:157} INFO - Started process (PID=114) to work on /home/airflow/.local/lib/python3.7/site-packages/airflow/example_dags/example_short_circuit_operator.py
[2023-07-05T21:17:22.508+0000] {processor.py:826} INFO - Processing file /home/airflow/.local/lib/python3.7/site-packages/airflow/example_dags/example_short_circuit_operator.py for tasks to queue
[2023-07-05T21:17:22.511+0000] {logging_mixin.py:149} INFO - [2023-07-05T21:17:22.510+0000] {dagbag.py:541} INFO - Filling up the DagBag from /home/airflow/.local/lib/python3.7/site-packages/airflow/example_dags/example_short_circuit_operator.py
[2023-07-05T21:17:22.517+0000] {processor.py:836} INFO - DAG(s) dict_keys(['example_short_circuit_operator']) retrieved from /home/airflow/.local/lib/python3.7/site-packages/airflow/example_dags/example_short_circuit_operator.py
[2023-07-05T21:17:22.532+0000] {logging_mixin.py:149} INFO - [2023-07-05T21:17:22.532+0000] {dag.py:2726} INFO - Sync 1 DAGs
[2023-07-05T21:17:22.550+0000] {logging_mixin.py:149} INFO - [2023-07-05T21:17:22.550+0000] {dag.py:3490} INFO - Setting next_dagrun for example_short_circuit_operator to 2023-07-04T21:17:22.549820+00:00, run_after=2023-07-05T21:17:22.549820+00:00
[2023-07-05T21:17:22.563+0000] {processor.py:179} INFO - Processing /home/airflow/.local/lib/python3.7/site-packages/airflow/example_dags/example_short_circuit_operator.py took 0.060 seconds
[2023-07-05T21:17:52.679+0000] {processor.py:157} INFO - Started process (PID=172) to work on /home/airflow/.local/lib/python3.7/site-packages/airflow/example_dags/example_short_circuit_operator.py
[2023-07-05T21:17:52.680+0000] {processor.py:826} INFO - Processing file /home/airflow/.local/lib/python3.7/site-packages/airflow/example_dags/example_short_circuit_operator.py for tasks to queue
[2023-07-05T21:17:52.682+0000] {logging_mixin.py:149} INFO - [2023-07-05T21:17:52.682+0000] {dagbag.py:541} INFO - Filling up the DagBag from /home/airflow/.local/lib/python3.7/site-packages/airflow/example_dags/example_short_circuit_operator.py
[2023-07-05T21:17:52.689+0000] {processor.py:836} INFO - DAG(s) dict_keys(['example_short_circuit_operator']) retrieved from /home/airflow/.local/lib/python3.7/site-packages/airflow/example_dags/example_short_circuit_operator.py
[2023-07-05T21:17:52.713+0000] {logging_mixin.py:149} INFO - [2023-07-05T21:17:52.713+0000] {dag.py:2726} INFO - Sync 1 DAGs
[2023-07-05T21:17:52.777+0000] {logging_mixin.py:149} INFO - [2023-07-05T21:17:52.777+0000] {dag.py:3490} INFO - Setting next_dagrun for example_short_circuit_operator to 2023-07-04T21:17:52.776808+00:00, run_after=2023-07-05T21:17:52.776808+00:00
[2023-07-05T21:17:52.813+0000] {processor.py:179} INFO - Processing /home/airflow/.local/lib/python3.7/site-packages/airflow/example_dags/example_short_circuit_operator.py took 0.137 seconds
[2023-07-05T21:18:23.081+0000] {processor.py:157} INFO - Started process (PID=230) to work on /home/airflow/.local/lib/python3.7/site-packages/airflow/example_dags/example_short_circuit_operator.py
[2023-07-05T21:18:23.084+0000] {processor.py:826} INFO - Processing file /home/airflow/.local/lib/python3.7/site-packages/airflow/example_dags/example_short_circuit_operator.py for tasks to queue
[2023-07-05T21:18:23.085+0000] {logging_mixin.py:149} INFO - [2023-07-05T21:18:23.085+0000] {dagbag.py:541} INFO - Filling up the DagBag from /home/airflow/.local/lib/python3.7/site-packages/airflow/example_dags/example_short_circuit_operator.py
[2023-07-05T21:18:23.092+0000] {processor.py:836} INFO - DAG(s) dict_keys(['example_short_circuit_operator']) retrieved from /home/airflow/.local/lib/python3.7/site-packages/airflow/example_dags/example_short_circuit_operator.py
[2023-07-05T21:18:23.120+0000] {logging_mixin.py:149} INFO - [2023-07-05T21:18:23.120+0000] {dag.py:2726} INFO - Sync 1 DAGs
[2023-07-05T21:18:23.140+0000] {logging_mixin.py:149} INFO - [2023-07-05T21:18:23.140+0000] {dag.py:3490} INFO - Setting next_dagrun for example_short_circuit_operator to 2023-07-04T21:18:23.139836+00:00, run_after=2023-07-05T21:18:23.139836+00:00
[2023-07-05T21:18:23.154+0000] {processor.py:179} INFO - Processing /home/airflow/.local/lib/python3.7/site-packages/airflow/example_dags/example_short_circuit_operator.py took 0.077 seconds
[2023-07-05T21:25:43.685+0000] {processor.py:157} INFO - Started process (PID=59) to work on /home/airflow/.local/lib/python3.7/site-packages/airflow/example_dags/example_short_circuit_operator.py
[2023-07-05T21:25:43.690+0000] {processor.py:826} INFO - Processing file /home/airflow/.local/lib/python3.7/site-packages/airflow/example_dags/example_short_circuit_operator.py for tasks to queue
[2023-07-05T21:25:43.693+0000] {logging_mixin.py:149} INFO - [2023-07-05T21:25:43.693+0000] {dagbag.py:541} INFO - Filling up the DagBag from /home/airflow/.local/lib/python3.7/site-packages/airflow/example_dags/example_short_circuit_operator.py
[2023-07-05T21:25:43.714+0000] {processor.py:836} INFO - DAG(s) dict_keys(['example_short_circuit_operator']) retrieved from /home/airflow/.local/lib/python3.7/site-packages/airflow/example_dags/example_short_circuit_operator.py
[2023-07-05T21:25:43.740+0000] {logging_mixin.py:149} INFO - [2023-07-05T21:25:43.740+0000] {dag.py:2726} INFO - Sync 1 DAGs
[2023-07-05T21:25:43.792+0000] {logging_mixin.py:149} INFO - [2023-07-05T21:25:43.791+0000] {dag.py:3490} INFO - Setting next_dagrun for example_short_circuit_operator to 2023-07-04T21:25:43.789711+00:00, run_after=2023-07-05T21:25:43.789711+00:00
[2023-07-05T21:25:43.842+0000] {processor.py:179} INFO - Processing /home/airflow/.local/lib/python3.7/site-packages/airflow/example_dags/example_short_circuit_operator.py took 0.166 seconds
[2023-07-05T21:26:14.533+0000] {processor.py:157} INFO - Started process (PID=117) to work on /home/airflow/.local/lib/python3.7/site-packages/airflow/example_dags/example_short_circuit_operator.py
[2023-07-05T21:26:14.535+0000] {processor.py:826} INFO - Processing file /home/airflow/.local/lib/python3.7/site-packages/airflow/example_dags/example_short_circuit_operator.py for tasks to queue
[2023-07-05T21:26:14.538+0000] {logging_mixin.py:149} INFO - [2023-07-05T21:26:14.538+0000] {dagbag.py:541} INFO - Filling up the DagBag from /home/airflow/.local/lib/python3.7/site-packages/airflow/example_dags/example_short_circuit_operator.py
[2023-07-05T21:26:14.550+0000] {processor.py:836} INFO - DAG(s) dict_keys(['example_short_circuit_operator']) retrieved from /home/airflow/.local/lib/python3.7/site-packages/airflow/example_dags/example_short_circuit_operator.py
[2023-07-05T21:26:14.606+0000] {logging_mixin.py:149} INFO - [2023-07-05T21:26:14.606+0000] {dag.py:2726} INFO - Sync 1 DAGs
[2023-07-05T21:26:14.628+0000] {logging_mixin.py:149} INFO - [2023-07-05T21:26:14.627+0000] {dag.py:3490} INFO - Setting next_dagrun for example_short_circuit_operator to 2023-07-04T21:26:14.627629+00:00, run_after=2023-07-05T21:26:14.627629+00:00
[2023-07-05T21:26:14.644+0000] {processor.py:179} INFO - Processing /home/airflow/.local/lib/python3.7/site-packages/airflow/example_dags/example_short_circuit_operator.py took 0.116 seconds
[2023-07-05T21:26:45.094+0000] {processor.py:157} INFO - Started process (PID=175) to work on /home/airflow/.local/lib/python3.7/site-packages/airflow/example_dags/example_short_circuit_operator.py
[2023-07-05T21:26:45.097+0000] {processor.py:826} INFO - Processing file /home/airflow/.local/lib/python3.7/site-packages/airflow/example_dags/example_short_circuit_operator.py for tasks to queue
[2023-07-05T21:26:45.100+0000] {logging_mixin.py:149} INFO - [2023-07-05T21:26:45.100+0000] {dagbag.py:541} INFO - Filling up the DagBag from /home/airflow/.local/lib/python3.7/site-packages/airflow/example_dags/example_short_circuit_operator.py
[2023-07-05T21:26:45.107+0000] {processor.py:836} INFO - DAG(s) dict_keys(['example_short_circuit_operator']) retrieved from /home/airflow/.local/lib/python3.7/site-packages/airflow/example_dags/example_short_circuit_operator.py
[2023-07-05T21:26:45.135+0000] {logging_mixin.py:149} INFO - [2023-07-05T21:26:45.135+0000] {dag.py:2726} INFO - Sync 1 DAGs
[2023-07-05T21:26:45.157+0000] {logging_mixin.py:149} INFO - [2023-07-05T21:26:45.157+0000] {dag.py:3490} INFO - Setting next_dagrun for example_short_circuit_operator to 2023-07-04T21:26:45.157148+00:00, run_after=2023-07-05T21:26:45.157148+00:00
[2023-07-05T21:26:45.172+0000] {processor.py:179} INFO - Processing /home/airflow/.local/lib/python3.7/site-packages/airflow/example_dags/example_short_circuit_operator.py took 0.081 seconds
