[2023-07-05T21:16:52.772+0000] {processor.py:157} INFO - Started process (PID=66) to work on /home/airflow/.local/lib/python3.7/site-packages/airflow/example_dags/example_dag_decorator.py
[2023-07-05T21:16:52.776+0000] {processor.py:826} INFO - Processing file /home/airflow/.local/lib/python3.7/site-packages/airflow/example_dags/example_dag_decorator.py for tasks to queue
[2023-07-05T21:16:52.778+0000] {logging_mixin.py:149} INFO - [2023-07-05T21:16:52.778+0000] {dagbag.py:541} INFO - Filling up the DagBag from /home/airflow/.local/lib/python3.7/site-packages/airflow/example_dags/example_dag_decorator.py
[2023-07-05T21:16:52.802+0000] {processor.py:836} INFO - DAG(s) dict_keys(['example_dag_decorator']) retrieved from /home/airflow/.local/lib/python3.7/site-packages/airflow/example_dags/example_dag_decorator.py
[2023-07-05T21:16:52.835+0000] {logging_mixin.py:149} INFO - [2023-07-05T21:16:52.835+0000] {dag.py:2726} INFO - Sync 1 DAGs
[2023-07-05T21:16:52.884+0000] {logging_mixin.py:149} INFO - [2023-07-05T21:16:52.883+0000] {dag.py:3490} INFO - Setting next_dagrun for example_dag_decorator to None, run_after=None
[2023-07-05T21:16:52.922+0000] {processor.py:179} INFO - Processing /home/airflow/.local/lib/python3.7/site-packages/airflow/example_dags/example_dag_decorator.py took 0.156 seconds
[2023-07-05T21:17:23.013+0000] {processor.py:157} INFO - Started process (PID=124) to work on /home/airflow/.local/lib/python3.7/site-packages/airflow/example_dags/example_dag_decorator.py
[2023-07-05T21:17:23.015+0000] {processor.py:826} INFO - Processing file /home/airflow/.local/lib/python3.7/site-packages/airflow/example_dags/example_dag_decorator.py for tasks to queue
[2023-07-05T21:17:23.016+0000] {logging_mixin.py:149} INFO - [2023-07-05T21:17:23.016+0000] {dagbag.py:541} INFO - Filling up the DagBag from /home/airflow/.local/lib/python3.7/site-packages/airflow/example_dags/example_dag_decorator.py
[2023-07-05T21:17:23.028+0000] {processor.py:836} INFO - DAG(s) dict_keys(['example_dag_decorator']) retrieved from /home/airflow/.local/lib/python3.7/site-packages/airflow/example_dags/example_dag_decorator.py
[2023-07-05T21:17:23.044+0000] {logging_mixin.py:149} INFO - [2023-07-05T21:17:23.043+0000] {dag.py:2726} INFO - Sync 1 DAGs
[2023-07-05T21:17:23.061+0000] {logging_mixin.py:149} INFO - [2023-07-05T21:17:23.061+0000] {dag.py:3490} INFO - Setting next_dagrun for example_dag_decorator to None, run_after=None
[2023-07-05T21:17:23.082+0000] {processor.py:179} INFO - Processing /home/airflow/.local/lib/python3.7/site-packages/airflow/example_dags/example_dag_decorator.py took 0.072 seconds
[2023-07-05T21:17:53.470+0000] {processor.py:157} INFO - Started process (PID=182) to work on /home/airflow/.local/lib/python3.7/site-packages/airflow/example_dags/example_dag_decorator.py
[2023-07-05T21:17:53.472+0000] {processor.py:826} INFO - Processing file /home/airflow/.local/lib/python3.7/site-packages/airflow/example_dags/example_dag_decorator.py for tasks to queue
[2023-07-05T21:17:53.474+0000] {logging_mixin.py:149} INFO - [2023-07-05T21:17:53.474+0000] {dagbag.py:541} INFO - Filling up the DagBag from /home/airflow/.local/lib/python3.7/site-packages/airflow/example_dags/example_dag_decorator.py
[2023-07-05T21:17:53.489+0000] {processor.py:836} INFO - DAG(s) dict_keys(['example_dag_decorator']) retrieved from /home/airflow/.local/lib/python3.7/site-packages/airflow/example_dags/example_dag_decorator.py
[2023-07-05T21:17:53.586+0000] {logging_mixin.py:149} INFO - [2023-07-05T21:17:53.586+0000] {dag.py:2726} INFO - Sync 1 DAGs
[2023-07-05T21:17:53.604+0000] {logging_mixin.py:149} INFO - [2023-07-05T21:17:53.603+0000] {dag.py:3490} INFO - Setting next_dagrun for example_dag_decorator to None, run_after=None
[2023-07-05T21:17:53.620+0000] {processor.py:179} INFO - Processing /home/airflow/.local/lib/python3.7/site-packages/airflow/example_dags/example_dag_decorator.py took 0.155 seconds
[2023-07-05T21:18:23.688+0000] {processor.py:157} INFO - Started process (PID=240) to work on /home/airflow/.local/lib/python3.7/site-packages/airflow/example_dags/example_dag_decorator.py
[2023-07-05T21:18:23.693+0000] {processor.py:826} INFO - Processing file /home/airflow/.local/lib/python3.7/site-packages/airflow/example_dags/example_dag_decorator.py for tasks to queue
[2023-07-05T21:18:23.695+0000] {logging_mixin.py:149} INFO - [2023-07-05T21:18:23.695+0000] {dagbag.py:541} INFO - Filling up the DagBag from /home/airflow/.local/lib/python3.7/site-packages/airflow/example_dags/example_dag_decorator.py
[2023-07-05T21:18:23.706+0000] {processor.py:836} INFO - DAG(s) dict_keys(['example_dag_decorator']) retrieved from /home/airflow/.local/lib/python3.7/site-packages/airflow/example_dags/example_dag_decorator.py
[2023-07-05T21:18:23.796+0000] {logging_mixin.py:149} INFO - [2023-07-05T21:18:23.796+0000] {dag.py:2726} INFO - Sync 1 DAGs
[2023-07-05T21:18:23.811+0000] {logging_mixin.py:149} INFO - [2023-07-05T21:18:23.811+0000] {dag.py:3490} INFO - Setting next_dagrun for example_dag_decorator to None, run_after=None
[2023-07-05T21:18:23.825+0000] {processor.py:179} INFO - Processing /home/airflow/.local/lib/python3.7/site-packages/airflow/example_dags/example_dag_decorator.py took 0.142 seconds
[2023-07-05T21:25:44.921+0000] {processor.py:157} INFO - Started process (PID=69) to work on /home/airflow/.local/lib/python3.7/site-packages/airflow/example_dags/example_dag_decorator.py
[2023-07-05T21:25:44.928+0000] {processor.py:826} INFO - Processing file /home/airflow/.local/lib/python3.7/site-packages/airflow/example_dags/example_dag_decorator.py for tasks to queue
[2023-07-05T21:25:44.935+0000] {logging_mixin.py:149} INFO - [2023-07-05T21:25:44.935+0000] {dagbag.py:541} INFO - Filling up the DagBag from /home/airflow/.local/lib/python3.7/site-packages/airflow/example_dags/example_dag_decorator.py
[2023-07-05T21:25:44.981+0000] {processor.py:836} INFO - DAG(s) dict_keys(['example_dag_decorator']) retrieved from /home/airflow/.local/lib/python3.7/site-packages/airflow/example_dags/example_dag_decorator.py
[2023-07-05T21:25:45.022+0000] {logging_mixin.py:149} INFO - [2023-07-05T21:25:45.022+0000] {dag.py:2726} INFO - Sync 1 DAGs
[2023-07-05T21:25:45.076+0000] {logging_mixin.py:149} INFO - [2023-07-05T21:25:45.073+0000] {dag.py:3490} INFO - Setting next_dagrun for example_dag_decorator to None, run_after=None
[2023-07-05T21:25:45.126+0000] {processor.py:179} INFO - Processing /home/airflow/.local/lib/python3.7/site-packages/airflow/example_dags/example_dag_decorator.py took 0.216 seconds
[2023-07-05T21:26:15.267+0000] {processor.py:157} INFO - Started process (PID=127) to work on /home/airflow/.local/lib/python3.7/site-packages/airflow/example_dags/example_dag_decorator.py
[2023-07-05T21:26:15.271+0000] {processor.py:826} INFO - Processing file /home/airflow/.local/lib/python3.7/site-packages/airflow/example_dags/example_dag_decorator.py for tasks to queue
[2023-07-05T21:26:15.275+0000] {logging_mixin.py:149} INFO - [2023-07-05T21:26:15.275+0000] {dagbag.py:541} INFO - Filling up the DagBag from /home/airflow/.local/lib/python3.7/site-packages/airflow/example_dags/example_dag_decorator.py
[2023-07-05T21:26:15.296+0000] {processor.py:836} INFO - DAG(s) dict_keys(['example_dag_decorator']) retrieved from /home/airflow/.local/lib/python3.7/site-packages/airflow/example_dags/example_dag_decorator.py
[2023-07-05T21:26:15.407+0000] {logging_mixin.py:149} INFO - [2023-07-05T21:26:15.407+0000] {dag.py:2726} INFO - Sync 1 DAGs
[2023-07-05T21:26:15.431+0000] {logging_mixin.py:149} INFO - [2023-07-05T21:26:15.431+0000] {dag.py:3490} INFO - Setting next_dagrun for example_dag_decorator to None, run_after=None
[2023-07-05T21:26:15.455+0000] {processor.py:179} INFO - Processing /home/airflow/.local/lib/python3.7/site-packages/airflow/example_dags/example_dag_decorator.py took 0.192 seconds
[2023-07-05T21:26:45.786+0000] {processor.py:157} INFO - Started process (PID=185) to work on /home/airflow/.local/lib/python3.7/site-packages/airflow/example_dags/example_dag_decorator.py
[2023-07-05T21:26:45.789+0000] {processor.py:826} INFO - Processing file /home/airflow/.local/lib/python3.7/site-packages/airflow/example_dags/example_dag_decorator.py for tasks to queue
[2023-07-05T21:26:45.791+0000] {logging_mixin.py:149} INFO - [2023-07-05T21:26:45.791+0000] {dagbag.py:541} INFO - Filling up the DagBag from /home/airflow/.local/lib/python3.7/site-packages/airflow/example_dags/example_dag_decorator.py
[2023-07-05T21:26:45.806+0000] {processor.py:836} INFO - DAG(s) dict_keys(['example_dag_decorator']) retrieved from /home/airflow/.local/lib/python3.7/site-packages/airflow/example_dags/example_dag_decorator.py
[2023-07-05T21:26:45.918+0000] {logging_mixin.py:149} INFO - [2023-07-05T21:26:45.918+0000] {dag.py:2726} INFO - Sync 1 DAGs
[2023-07-05T21:26:45.942+0000] {logging_mixin.py:149} INFO - [2023-07-05T21:26:45.942+0000] {dag.py:3490} INFO - Setting next_dagrun for example_dag_decorator to None, run_after=None
[2023-07-05T21:26:45.960+0000] {processor.py:179} INFO - Processing /home/airflow/.local/lib/python3.7/site-packages/airflow/example_dags/example_dag_decorator.py took 0.178 seconds
