[2023-07-05T21:16:52.976+0000] {processor.py:157} INFO - Started process (PID=68) to work on /home/airflow/.local/lib/python3.7/site-packages/airflow/example_dags/example_params_ui_tutorial.py
[2023-07-05T21:16:52.979+0000] {processor.py:826} INFO - Processing file /home/airflow/.local/lib/python3.7/site-packages/airflow/example_dags/example_params_ui_tutorial.py for tasks to queue
[2023-07-05T21:16:52.984+0000] {logging_mixin.py:149} INFO - [2023-07-05T21:16:52.984+0000] {dagbag.py:541} INFO - Filling up the DagBag from /home/airflow/.local/lib/python3.7/site-packages/airflow/example_dags/example_params_ui_tutorial.py
[2023-07-05T21:16:53.056+0000] {processor.py:836} INFO - DAG(s) dict_keys(['example_params_ui_tutorial']) retrieved from /home/airflow/.local/lib/python3.7/site-packages/airflow/example_dags/example_params_ui_tutorial.py
[2023-07-05T21:16:53.080+0000] {logging_mixin.py:149} INFO - [2023-07-05T21:16:53.079+0000] {dag.py:2726} INFO - Sync 1 DAGs
[2023-07-05T21:16:53.137+0000] {logging_mixin.py:149} INFO - [2023-07-05T21:16:53.136+0000] {dag.py:3490} INFO - Setting next_dagrun for example_params_ui_tutorial to None, run_after=None
[2023-07-05T21:16:53.159+0000] {processor.py:179} INFO - Processing /home/airflow/.local/lib/python3.7/site-packages/airflow/example_dags/example_params_ui_tutorial.py took 0.188 seconds
[2023-07-05T21:17:24.144+0000] {processor.py:157} INFO - Started process (PID=126) to work on /home/airflow/.local/lib/python3.7/site-packages/airflow/example_dags/example_params_ui_tutorial.py
[2023-07-05T21:17:24.146+0000] {processor.py:826} INFO - Processing file /home/airflow/.local/lib/python3.7/site-packages/airflow/example_dags/example_params_ui_tutorial.py for tasks to queue
[2023-07-05T21:17:24.149+0000] {logging_mixin.py:149} INFO - [2023-07-05T21:17:24.148+0000] {dagbag.py:541} INFO - Filling up the DagBag from /home/airflow/.local/lib/python3.7/site-packages/airflow/example_dags/example_params_ui_tutorial.py
[2023-07-05T21:17:24.181+0000] {processor.py:836} INFO - DAG(s) dict_keys(['example_params_ui_tutorial']) retrieved from /home/airflow/.local/lib/python3.7/site-packages/airflow/example_dags/example_params_ui_tutorial.py
[2023-07-05T21:17:24.196+0000] {logging_mixin.py:149} INFO - [2023-07-05T21:17:24.196+0000] {dag.py:2726} INFO - Sync 1 DAGs
[2023-07-05T21:17:24.215+0000] {logging_mixin.py:149} INFO - [2023-07-05T21:17:24.215+0000] {dag.py:3490} INFO - Setting next_dagrun for example_params_ui_tutorial to None, run_after=None
[2023-07-05T21:17:24.232+0000] {processor.py:179} INFO - Processing /home/airflow/.local/lib/python3.7/site-packages/airflow/example_dags/example_params_ui_tutorial.py took 0.092 seconds
[2023-07-05T21:17:54.651+0000] {processor.py:157} INFO - Started process (PID=184) to work on /home/airflow/.local/lib/python3.7/site-packages/airflow/example_dags/example_params_ui_tutorial.py
[2023-07-05T21:17:54.655+0000] {processor.py:826} INFO - Processing file /home/airflow/.local/lib/python3.7/site-packages/airflow/example_dags/example_params_ui_tutorial.py for tasks to queue
[2023-07-05T21:17:54.658+0000] {logging_mixin.py:149} INFO - [2023-07-05T21:17:54.657+0000] {dagbag.py:541} INFO - Filling up the DagBag from /home/airflow/.local/lib/python3.7/site-packages/airflow/example_dags/example_params_ui_tutorial.py
[2023-07-05T21:17:54.706+0000] {processor.py:836} INFO - DAG(s) dict_keys(['example_params_ui_tutorial']) retrieved from /home/airflow/.local/lib/python3.7/site-packages/airflow/example_dags/example_params_ui_tutorial.py
[2023-07-05T21:17:54.761+0000] {logging_mixin.py:149} INFO - [2023-07-05T21:17:54.760+0000] {dag.py:2726} INFO - Sync 1 DAGs
[2023-07-05T21:17:54.791+0000] {logging_mixin.py:149} INFO - [2023-07-05T21:17:54.791+0000] {dag.py:3490} INFO - Setting next_dagrun for example_params_ui_tutorial to None, run_after=None
[2023-07-05T21:17:54.812+0000] {processor.py:179} INFO - Processing /home/airflow/.local/lib/python3.7/site-packages/airflow/example_dags/example_params_ui_tutorial.py took 0.169 seconds
[2023-07-05T21:18:24.860+0000] {processor.py:157} INFO - Started process (PID=243) to work on /home/airflow/.local/lib/python3.7/site-packages/airflow/example_dags/example_params_ui_tutorial.py
[2023-07-05T21:18:24.863+0000] {processor.py:826} INFO - Processing file /home/airflow/.local/lib/python3.7/site-packages/airflow/example_dags/example_params_ui_tutorial.py for tasks to queue
[2023-07-05T21:18:24.865+0000] {logging_mixin.py:149} INFO - [2023-07-05T21:18:24.865+0000] {dagbag.py:541} INFO - Filling up the DagBag from /home/airflow/.local/lib/python3.7/site-packages/airflow/example_dags/example_params_ui_tutorial.py
[2023-07-05T21:18:24.892+0000] {processor.py:836} INFO - DAG(s) dict_keys(['example_params_ui_tutorial']) retrieved from /home/airflow/.local/lib/python3.7/site-packages/airflow/example_dags/example_params_ui_tutorial.py
[2023-07-05T21:18:24.940+0000] {logging_mixin.py:149} INFO - [2023-07-05T21:18:24.940+0000] {dag.py:2726} INFO - Sync 1 DAGs
[2023-07-05T21:18:24.961+0000] {logging_mixin.py:149} INFO - [2023-07-05T21:18:24.961+0000] {dag.py:3490} INFO - Setting next_dagrun for example_params_ui_tutorial to None, run_after=None
[2023-07-05T21:18:24.974+0000] {processor.py:179} INFO - Processing /home/airflow/.local/lib/python3.7/site-packages/airflow/example_dags/example_params_ui_tutorial.py took 0.117 seconds
[2023-07-05T21:25:45.192+0000] {processor.py:157} INFO - Started process (PID=71) to work on /home/airflow/.local/lib/python3.7/site-packages/airflow/example_dags/example_params_ui_tutorial.py
[2023-07-05T21:25:45.195+0000] {processor.py:826} INFO - Processing file /home/airflow/.local/lib/python3.7/site-packages/airflow/example_dags/example_params_ui_tutorial.py for tasks to queue
[2023-07-05T21:25:45.198+0000] {logging_mixin.py:149} INFO - [2023-07-05T21:25:45.197+0000] {dagbag.py:541} INFO - Filling up the DagBag from /home/airflow/.local/lib/python3.7/site-packages/airflow/example_dags/example_params_ui_tutorial.py
[2023-07-05T21:25:45.268+0000] {processor.py:836} INFO - DAG(s) dict_keys(['example_params_ui_tutorial']) retrieved from /home/airflow/.local/lib/python3.7/site-packages/airflow/example_dags/example_params_ui_tutorial.py
[2023-07-05T21:25:45.304+0000] {logging_mixin.py:149} INFO - [2023-07-05T21:25:45.304+0000] {dag.py:2726} INFO - Sync 1 DAGs
[2023-07-05T21:25:45.356+0000] {logging_mixin.py:149} INFO - [2023-07-05T21:25:45.356+0000] {dag.py:3490} INFO - Setting next_dagrun for example_params_ui_tutorial to None, run_after=None
[2023-07-05T21:25:45.379+0000] {processor.py:179} INFO - Processing /home/airflow/.local/lib/python3.7/site-packages/airflow/example_dags/example_params_ui_tutorial.py took 0.194 seconds
[2023-07-05T21:26:15.457+0000] {processor.py:157} INFO - Started process (PID=129) to work on /home/airflow/.local/lib/python3.7/site-packages/airflow/example_dags/example_params_ui_tutorial.py
[2023-07-05T21:26:15.462+0000] {processor.py:826} INFO - Processing file /home/airflow/.local/lib/python3.7/site-packages/airflow/example_dags/example_params_ui_tutorial.py for tasks to queue
[2023-07-05T21:26:15.466+0000] {logging_mixin.py:149} INFO - [2023-07-05T21:26:15.466+0000] {dagbag.py:541} INFO - Filling up the DagBag from /home/airflow/.local/lib/python3.7/site-packages/airflow/example_dags/example_params_ui_tutorial.py
[2023-07-05T21:26:15.505+0000] {processor.py:836} INFO - DAG(s) dict_keys(['example_params_ui_tutorial']) retrieved from /home/airflow/.local/lib/python3.7/site-packages/airflow/example_dags/example_params_ui_tutorial.py
[2023-07-05T21:26:15.557+0000] {logging_mixin.py:149} INFO - [2023-07-05T21:26:15.557+0000] {dag.py:2726} INFO - Sync 1 DAGs
[2023-07-05T21:26:15.579+0000] {logging_mixin.py:149} INFO - [2023-07-05T21:26:15.579+0000] {dag.py:3490} INFO - Setting next_dagrun for example_params_ui_tutorial to None, run_after=None
[2023-07-05T21:26:15.595+0000] {processor.py:179} INFO - Processing /home/airflow/.local/lib/python3.7/site-packages/airflow/example_dags/example_params_ui_tutorial.py took 0.142 seconds
[2023-07-05T21:26:45.979+0000] {processor.py:157} INFO - Started process (PID=187) to work on /home/airflow/.local/lib/python3.7/site-packages/airflow/example_dags/example_params_ui_tutorial.py
[2023-07-05T21:26:45.983+0000] {processor.py:826} INFO - Processing file /home/airflow/.local/lib/python3.7/site-packages/airflow/example_dags/example_params_ui_tutorial.py for tasks to queue
[2023-07-05T21:26:45.986+0000] {logging_mixin.py:149} INFO - [2023-07-05T21:26:45.986+0000] {dagbag.py:541} INFO - Filling up the DagBag from /home/airflow/.local/lib/python3.7/site-packages/airflow/example_dags/example_params_ui_tutorial.py
[2023-07-05T21:26:46.019+0000] {processor.py:836} INFO - DAG(s) dict_keys(['example_params_ui_tutorial']) retrieved from /home/airflow/.local/lib/python3.7/site-packages/airflow/example_dags/example_params_ui_tutorial.py
[2023-07-05T21:26:46.063+0000] {logging_mixin.py:149} INFO - [2023-07-05T21:26:46.063+0000] {dag.py:2726} INFO - Sync 1 DAGs
[2023-07-05T21:26:46.081+0000] {logging_mixin.py:149} INFO - [2023-07-05T21:26:46.081+0000] {dag.py:3490} INFO - Setting next_dagrun for example_params_ui_tutorial to None, run_after=None
[2023-07-05T21:26:46.097+0000] {processor.py:179} INFO - Processing /home/airflow/.local/lib/python3.7/site-packages/airflow/example_dags/example_params_ui_tutorial.py took 0.121 seconds
