[2023-07-05T21:16:49.253+0000] {processor.py:157} INFO - Started process (PID=34) to work on /home/airflow/.local/lib/python3.7/site-packages/airflow/example_dags/example_local_kubernetes_executor.py
[2023-07-05T21:16:49.255+0000] {processor.py:826} INFO - Processing file /home/airflow/.local/lib/python3.7/site-packages/airflow/example_dags/example_local_kubernetes_executor.py for tasks to queue
[2023-07-05T21:16:49.257+0000] {logging_mixin.py:149} INFO - [2023-07-05T21:16:49.257+0000] {dagbag.py:541} INFO - Filling up the DagBag from /home/airflow/.local/lib/python3.7/site-packages/airflow/example_dags/example_local_kubernetes_executor.py
[2023-07-05T21:16:50.222+0000] {processor.py:836} INFO - DAG(s) dict_keys(['example_local_kubernetes_executor']) retrieved from /home/airflow/.local/lib/python3.7/site-packages/airflow/example_dags/example_local_kubernetes_executor.py
[2023-07-05T21:16:50.243+0000] {logging_mixin.py:149} INFO - [2023-07-05T21:16:50.243+0000] {dag.py:2726} INFO - Sync 1 DAGs
[2023-07-05T21:16:50.273+0000] {logging_mixin.py:149} INFO - [2023-07-05T21:16:50.273+0000] {dag.py:3490} INFO - Setting next_dagrun for example_local_kubernetes_executor to None, run_after=None
[2023-07-05T21:16:50.302+0000] {processor.py:179} INFO - Processing /home/airflow/.local/lib/python3.7/site-packages/airflow/example_dags/example_local_kubernetes_executor.py took 1.052 seconds
[2023-07-05T21:17:20.469+0000] {processor.py:157} INFO - Started process (PID=96) to work on /home/airflow/.local/lib/python3.7/site-packages/airflow/example_dags/example_local_kubernetes_executor.py
[2023-07-05T21:17:20.471+0000] {processor.py:826} INFO - Processing file /home/airflow/.local/lib/python3.7/site-packages/airflow/example_dags/example_local_kubernetes_executor.py for tasks to queue
[2023-07-05T21:17:20.472+0000] {logging_mixin.py:149} INFO - [2023-07-05T21:17:20.472+0000] {dagbag.py:541} INFO - Filling up the DagBag from /home/airflow/.local/lib/python3.7/site-packages/airflow/example_dags/example_local_kubernetes_executor.py
[2023-07-05T21:17:20.666+0000] {processor.py:836} INFO - DAG(s) dict_keys(['example_local_kubernetes_executor']) retrieved from /home/airflow/.local/lib/python3.7/site-packages/airflow/example_dags/example_local_kubernetes_executor.py
[2023-07-05T21:17:20.683+0000] {logging_mixin.py:149} INFO - [2023-07-05T21:17:20.683+0000] {dag.py:2726} INFO - Sync 1 DAGs
[2023-07-05T21:17:20.701+0000] {logging_mixin.py:149} INFO - [2023-07-05T21:17:20.701+0000] {dag.py:3490} INFO - Setting next_dagrun for example_local_kubernetes_executor to None, run_after=None
[2023-07-05T21:17:20.716+0000] {processor.py:179} INFO - Processing /home/airflow/.local/lib/python3.7/site-packages/airflow/example_dags/example_local_kubernetes_executor.py took 0.249 seconds
[2023-07-05T21:17:51.103+0000] {processor.py:157} INFO - Started process (PID=150) to work on /home/airflow/.local/lib/python3.7/site-packages/airflow/example_dags/example_local_kubernetes_executor.py
[2023-07-05T21:17:51.106+0000] {processor.py:826} INFO - Processing file /home/airflow/.local/lib/python3.7/site-packages/airflow/example_dags/example_local_kubernetes_executor.py for tasks to queue
[2023-07-05T21:17:51.107+0000] {logging_mixin.py:149} INFO - [2023-07-05T21:17:51.107+0000] {dagbag.py:541} INFO - Filling up the DagBag from /home/airflow/.local/lib/python3.7/site-packages/airflow/example_dags/example_local_kubernetes_executor.py
[2023-07-05T21:17:51.402+0000] {processor.py:836} INFO - DAG(s) dict_keys(['example_local_kubernetes_executor']) retrieved from /home/airflow/.local/lib/python3.7/site-packages/airflow/example_dags/example_local_kubernetes_executor.py
[2023-07-05T21:17:51.442+0000] {logging_mixin.py:149} INFO - [2023-07-05T21:17:51.442+0000] {dag.py:2726} INFO - Sync 1 DAGs
[2023-07-05T21:17:51.465+0000] {logging_mixin.py:149} INFO - [2023-07-05T21:17:51.464+0000] {dag.py:3490} INFO - Setting next_dagrun for example_local_kubernetes_executor to None, run_after=None
[2023-07-05T21:17:51.479+0000] {processor.py:179} INFO - Processing /home/airflow/.local/lib/python3.7/site-packages/airflow/example_dags/example_local_kubernetes_executor.py took 0.378 seconds
[2023-07-05T21:18:21.870+0000] {processor.py:157} INFO - Started process (PID=209) to work on /home/airflow/.local/lib/python3.7/site-packages/airflow/example_dags/example_local_kubernetes_executor.py
[2023-07-05T21:18:21.874+0000] {processor.py:826} INFO - Processing file /home/airflow/.local/lib/python3.7/site-packages/airflow/example_dags/example_local_kubernetes_executor.py for tasks to queue
[2023-07-05T21:18:21.875+0000] {logging_mixin.py:149} INFO - [2023-07-05T21:18:21.875+0000] {dagbag.py:541} INFO - Filling up the DagBag from /home/airflow/.local/lib/python3.7/site-packages/airflow/example_dags/example_local_kubernetes_executor.py
[2023-07-05T21:18:22.042+0000] {processor.py:836} INFO - DAG(s) dict_keys(['example_local_kubernetes_executor']) retrieved from /home/airflow/.local/lib/python3.7/site-packages/airflow/example_dags/example_local_kubernetes_executor.py
[2023-07-05T21:18:22.076+0000] {logging_mixin.py:149} INFO - [2023-07-05T21:18:22.076+0000] {dag.py:2726} INFO - Sync 1 DAGs
[2023-07-05T21:18:22.096+0000] {logging_mixin.py:149} INFO - [2023-07-05T21:18:22.096+0000] {dag.py:3490} INFO - Setting next_dagrun for example_local_kubernetes_executor to None, run_after=None
[2023-07-05T21:18:22.111+0000] {processor.py:179} INFO - Processing /home/airflow/.local/lib/python3.7/site-packages/airflow/example_dags/example_local_kubernetes_executor.py took 0.244 seconds
[2023-07-05T21:25:41.725+0000] {processor.py:157} INFO - Started process (PID=37) to work on /home/airflow/.local/lib/python3.7/site-packages/airflow/example_dags/example_local_kubernetes_executor.py
[2023-07-05T21:25:41.728+0000] {processor.py:826} INFO - Processing file /home/airflow/.local/lib/python3.7/site-packages/airflow/example_dags/example_local_kubernetes_executor.py for tasks to queue
[2023-07-05T21:25:41.731+0000] {logging_mixin.py:149} INFO - [2023-07-05T21:25:41.730+0000] {dagbag.py:541} INFO - Filling up the DagBag from /home/airflow/.local/lib/python3.7/site-packages/airflow/example_dags/example_local_kubernetes_executor.py
[2023-07-05T21:25:42.638+0000] {processor.py:836} INFO - DAG(s) dict_keys(['example_local_kubernetes_executor']) retrieved from /home/airflow/.local/lib/python3.7/site-packages/airflow/example_dags/example_local_kubernetes_executor.py
[2023-07-05T21:25:42.659+0000] {logging_mixin.py:149} INFO - [2023-07-05T21:25:42.659+0000] {dag.py:2726} INFO - Sync 1 DAGs
[2023-07-05T21:25:42.685+0000] {logging_mixin.py:149} INFO - [2023-07-05T21:25:42.685+0000] {dag.py:3490} INFO - Setting next_dagrun for example_local_kubernetes_executor to None, run_after=None
[2023-07-05T21:25:42.708+0000] {processor.py:179} INFO - Processing /home/airflow/.local/lib/python3.7/site-packages/airflow/example_dags/example_local_kubernetes_executor.py took 0.986 seconds
[2023-07-05T21:26:13.003+0000] {processor.py:157} INFO - Started process (PID=99) to work on /home/airflow/.local/lib/python3.7/site-packages/airflow/example_dags/example_local_kubernetes_executor.py
[2023-07-05T21:26:13.005+0000] {processor.py:826} INFO - Processing file /home/airflow/.local/lib/python3.7/site-packages/airflow/example_dags/example_local_kubernetes_executor.py for tasks to queue
[2023-07-05T21:26:13.009+0000] {logging_mixin.py:149} INFO - [2023-07-05T21:26:13.009+0000] {dagbag.py:541} INFO - Filling up the DagBag from /home/airflow/.local/lib/python3.7/site-packages/airflow/example_dags/example_local_kubernetes_executor.py
[2023-07-05T21:26:13.212+0000] {processor.py:836} INFO - DAG(s) dict_keys(['example_local_kubernetes_executor']) retrieved from /home/airflow/.local/lib/python3.7/site-packages/airflow/example_dags/example_local_kubernetes_executor.py
[2023-07-05T21:26:13.309+0000] {logging_mixin.py:149} INFO - [2023-07-05T21:26:13.309+0000] {dag.py:2726} INFO - Sync 1 DAGs
[2023-07-05T21:26:13.344+0000] {logging_mixin.py:149} INFO - [2023-07-05T21:26:13.343+0000] {dag.py:3490} INFO - Setting next_dagrun for example_local_kubernetes_executor to None, run_after=None
[2023-07-05T21:26:13.370+0000] {processor.py:179} INFO - Processing /home/airflow/.local/lib/python3.7/site-packages/airflow/example_dags/example_local_kubernetes_executor.py took 0.370 seconds
[2023-07-05T21:26:43.790+0000] {processor.py:157} INFO - Started process (PID=158) to work on /home/airflow/.local/lib/python3.7/site-packages/airflow/example_dags/example_local_kubernetes_executor.py
[2023-07-05T21:26:43.792+0000] {processor.py:826} INFO - Processing file /home/airflow/.local/lib/python3.7/site-packages/airflow/example_dags/example_local_kubernetes_executor.py for tasks to queue
[2023-07-05T21:26:43.793+0000] {logging_mixin.py:149} INFO - [2023-07-05T21:26:43.793+0000] {dagbag.py:541} INFO - Filling up the DagBag from /home/airflow/.local/lib/python3.7/site-packages/airflow/example_dags/example_local_kubernetes_executor.py
[2023-07-05T21:26:43.974+0000] {processor.py:836} INFO - DAG(s) dict_keys(['example_local_kubernetes_executor']) retrieved from /home/airflow/.local/lib/python3.7/site-packages/airflow/example_dags/example_local_kubernetes_executor.py
[2023-07-05T21:26:44.010+0000] {logging_mixin.py:149} INFO - [2023-07-05T21:26:44.010+0000] {dag.py:2726} INFO - Sync 1 DAGs
[2023-07-05T21:26:44.031+0000] {logging_mixin.py:149} INFO - [2023-07-05T21:26:44.031+0000] {dag.py:3490} INFO - Setting next_dagrun for example_local_kubernetes_executor to None, run_after=None
[2023-07-05T21:26:44.053+0000] {processor.py:179} INFO - Processing /home/airflow/.local/lib/python3.7/site-packages/airflow/example_dags/example_local_kubernetes_executor.py took 0.266 seconds
