[2023-07-05T21:16:50.831+0000] {processor.py:157} INFO - Started process (PID=49) to work on /home/airflow/.local/lib/python3.7/site-packages/airflow/example_dags/tutorial_dag.py
[2023-07-05T21:16:50.833+0000] {processor.py:826} INFO - Processing file /home/airflow/.local/lib/python3.7/site-packages/airflow/example_dags/tutorial_dag.py for tasks to queue
[2023-07-05T21:16:50.835+0000] {logging_mixin.py:149} INFO - [2023-07-05T21:16:50.835+0000] {dagbag.py:541} INFO - Filling up the DagBag from /home/airflow/.local/lib/python3.7/site-packages/airflow/example_dags/tutorial_dag.py
[2023-07-05T21:16:50.842+0000] {processor.py:836} INFO - DAG(s) dict_keys(['tutorial_dag']) retrieved from /home/airflow/.local/lib/python3.7/site-packages/airflow/example_dags/tutorial_dag.py
[2023-07-05T21:16:50.869+0000] {logging_mixin.py:149} INFO - [2023-07-05T21:16:50.869+0000] {dag.py:2726} INFO - Sync 1 DAGs
[2023-07-05T21:16:50.907+0000] {logging_mixin.py:149} INFO - [2023-07-05T21:16:50.907+0000] {dag.py:3490} INFO - Setting next_dagrun for tutorial_dag to None, run_after=None
[2023-07-05T21:16:50.938+0000] {processor.py:179} INFO - Processing /home/airflow/.local/lib/python3.7/site-packages/airflow/example_dags/tutorial_dag.py took 0.110 seconds
[2023-07-05T21:17:21.124+0000] {processor.py:157} INFO - Started process (PID=107) to work on /home/airflow/.local/lib/python3.7/site-packages/airflow/example_dags/tutorial_dag.py
[2023-07-05T21:17:21.126+0000] {processor.py:826} INFO - Processing file /home/airflow/.local/lib/python3.7/site-packages/airflow/example_dags/tutorial_dag.py for tasks to queue
[2023-07-05T21:17:21.128+0000] {logging_mixin.py:149} INFO - [2023-07-05T21:17:21.127+0000] {dagbag.py:541} INFO - Filling up the DagBag from /home/airflow/.local/lib/python3.7/site-packages/airflow/example_dags/tutorial_dag.py
[2023-07-05T21:17:21.136+0000] {processor.py:836} INFO - DAG(s) dict_keys(['tutorial_dag']) retrieved from /home/airflow/.local/lib/python3.7/site-packages/airflow/example_dags/tutorial_dag.py
[2023-07-05T21:17:21.158+0000] {logging_mixin.py:149} INFO - [2023-07-05T21:17:21.158+0000] {dag.py:2726} INFO - Sync 1 DAGs
[2023-07-05T21:17:21.181+0000] {logging_mixin.py:149} INFO - [2023-07-05T21:17:21.181+0000] {dag.py:3490} INFO - Setting next_dagrun for tutorial_dag to None, run_after=None
[2023-07-05T21:17:21.197+0000] {processor.py:179} INFO - Processing /home/airflow/.local/lib/python3.7/site-packages/airflow/example_dags/tutorial_dag.py took 0.076 seconds
[2023-07-05T21:17:52.205+0000] {processor.py:157} INFO - Started process (PID=165) to work on /home/airflow/.local/lib/python3.7/site-packages/airflow/example_dags/tutorial_dag.py
[2023-07-05T21:17:52.207+0000] {processor.py:826} INFO - Processing file /home/airflow/.local/lib/python3.7/site-packages/airflow/example_dags/tutorial_dag.py for tasks to queue
[2023-07-05T21:17:52.209+0000] {logging_mixin.py:149} INFO - [2023-07-05T21:17:52.208+0000] {dagbag.py:541} INFO - Filling up the DagBag from /home/airflow/.local/lib/python3.7/site-packages/airflow/example_dags/tutorial_dag.py
[2023-07-05T21:17:52.213+0000] {processor.py:836} INFO - DAG(s) dict_keys(['tutorial_dag']) retrieved from /home/airflow/.local/lib/python3.7/site-packages/airflow/example_dags/tutorial_dag.py
[2023-07-05T21:17:52.239+0000] {logging_mixin.py:149} INFO - [2023-07-05T21:17:52.239+0000] {dag.py:2726} INFO - Sync 1 DAGs
[2023-07-05T21:17:52.259+0000] {logging_mixin.py:149} INFO - [2023-07-05T21:17:52.259+0000] {dag.py:3490} INFO - Setting next_dagrun for tutorial_dag to None, run_after=None
[2023-07-05T21:17:52.274+0000] {processor.py:179} INFO - Processing /home/airflow/.local/lib/python3.7/site-packages/airflow/example_dags/tutorial_dag.py took 0.072 seconds
[2023-07-05T21:18:22.715+0000] {processor.py:157} INFO - Started process (PID=223) to work on /home/airflow/.local/lib/python3.7/site-packages/airflow/example_dags/tutorial_dag.py
[2023-07-05T21:18:22.717+0000] {processor.py:826} INFO - Processing file /home/airflow/.local/lib/python3.7/site-packages/airflow/example_dags/tutorial_dag.py for tasks to queue
[2023-07-05T21:18:22.720+0000] {logging_mixin.py:149} INFO - [2023-07-05T21:18:22.720+0000] {dagbag.py:541} INFO - Filling up the DagBag from /home/airflow/.local/lib/python3.7/site-packages/airflow/example_dags/tutorial_dag.py
[2023-07-05T21:18:22.730+0000] {processor.py:836} INFO - DAG(s) dict_keys(['tutorial_dag']) retrieved from /home/airflow/.local/lib/python3.7/site-packages/airflow/example_dags/tutorial_dag.py
[2023-07-05T21:18:22.756+0000] {logging_mixin.py:149} INFO - [2023-07-05T21:18:22.756+0000] {dag.py:2726} INFO - Sync 1 DAGs
[2023-07-05T21:18:22.776+0000] {logging_mixin.py:149} INFO - [2023-07-05T21:18:22.776+0000] {dag.py:3490} INFO - Setting next_dagrun for tutorial_dag to None, run_after=None
[2023-07-05T21:18:22.788+0000] {processor.py:179} INFO - Processing /home/airflow/.local/lib/python3.7/site-packages/airflow/example_dags/tutorial_dag.py took 0.076 seconds
[2023-07-05T21:25:43.108+0000] {processor.py:157} INFO - Started process (PID=52) to work on /home/airflow/.local/lib/python3.7/site-packages/airflow/example_dags/tutorial_dag.py
[2023-07-05T21:25:43.111+0000] {processor.py:826} INFO - Processing file /home/airflow/.local/lib/python3.7/site-packages/airflow/example_dags/tutorial_dag.py for tasks to queue
[2023-07-05T21:25:43.112+0000] {logging_mixin.py:149} INFO - [2023-07-05T21:25:43.112+0000] {dagbag.py:541} INFO - Filling up the DagBag from /home/airflow/.local/lib/python3.7/site-packages/airflow/example_dags/tutorial_dag.py
[2023-07-05T21:25:43.118+0000] {processor.py:836} INFO - DAG(s) dict_keys(['tutorial_dag']) retrieved from /home/airflow/.local/lib/python3.7/site-packages/airflow/example_dags/tutorial_dag.py
[2023-07-05T21:25:43.137+0000] {logging_mixin.py:149} INFO - [2023-07-05T21:25:43.137+0000] {dag.py:2726} INFO - Sync 1 DAGs
[2023-07-05T21:25:43.167+0000] {logging_mixin.py:149} INFO - [2023-07-05T21:25:43.167+0000] {dag.py:3490} INFO - Setting next_dagrun for tutorial_dag to None, run_after=None
[2023-07-05T21:25:43.196+0000] {processor.py:179} INFO - Processing /home/airflow/.local/lib/python3.7/site-packages/airflow/example_dags/tutorial_dag.py took 0.091 seconds
[2023-07-05T21:26:13.866+0000] {processor.py:157} INFO - Started process (PID=110) to work on /home/airflow/.local/lib/python3.7/site-packages/airflow/example_dags/tutorial_dag.py
[2023-07-05T21:26:13.868+0000] {processor.py:826} INFO - Processing file /home/airflow/.local/lib/python3.7/site-packages/airflow/example_dags/tutorial_dag.py for tasks to queue
[2023-07-05T21:26:13.870+0000] {logging_mixin.py:149} INFO - [2023-07-05T21:26:13.870+0000] {dagbag.py:541} INFO - Filling up the DagBag from /home/airflow/.local/lib/python3.7/site-packages/airflow/example_dags/tutorial_dag.py
[2023-07-05T21:26:13.876+0000] {processor.py:836} INFO - DAG(s) dict_keys(['tutorial_dag']) retrieved from /home/airflow/.local/lib/python3.7/site-packages/airflow/example_dags/tutorial_dag.py
[2023-07-05T21:26:13.898+0000] {logging_mixin.py:149} INFO - [2023-07-05T21:26:13.898+0000] {dag.py:2726} INFO - Sync 1 DAGs
[2023-07-05T21:26:13.918+0000] {logging_mixin.py:149} INFO - [2023-07-05T21:26:13.918+0000] {dag.py:3490} INFO - Setting next_dagrun for tutorial_dag to None, run_after=None
[2023-07-05T21:26:13.934+0000] {processor.py:179} INFO - Processing /home/airflow/.local/lib/python3.7/site-packages/airflow/example_dags/tutorial_dag.py took 0.071 seconds
[2023-07-05T21:26:44.557+0000] {processor.py:157} INFO - Started process (PID=168) to work on /home/airflow/.local/lib/python3.7/site-packages/airflow/example_dags/tutorial_dag.py
[2023-07-05T21:26:44.560+0000] {processor.py:826} INFO - Processing file /home/airflow/.local/lib/python3.7/site-packages/airflow/example_dags/tutorial_dag.py for tasks to queue
[2023-07-05T21:26:44.562+0000] {logging_mixin.py:149} INFO - [2023-07-05T21:26:44.562+0000] {dagbag.py:541} INFO - Filling up the DagBag from /home/airflow/.local/lib/python3.7/site-packages/airflow/example_dags/tutorial_dag.py
[2023-07-05T21:26:44.572+0000] {processor.py:836} INFO - DAG(s) dict_keys(['tutorial_dag']) retrieved from /home/airflow/.local/lib/python3.7/site-packages/airflow/example_dags/tutorial_dag.py
[2023-07-05T21:26:44.605+0000] {logging_mixin.py:149} INFO - [2023-07-05T21:26:44.605+0000] {dag.py:2726} INFO - Sync 1 DAGs
[2023-07-05T21:26:44.628+0000] {logging_mixin.py:149} INFO - [2023-07-05T21:26:44.627+0000] {dag.py:3490} INFO - Setting next_dagrun for tutorial_dag to None, run_after=None
[2023-07-05T21:26:44.644+0000] {processor.py:179} INFO - Processing /home/airflow/.local/lib/python3.7/site-packages/airflow/example_dags/tutorial_dag.py took 0.093 seconds
