[2023-07-05T21:16:48.761+0000] {manager.py:487} INFO - Processing files using up to 2 processes at a time 
[2023-07-05T21:16:48.763+0000] {manager.py:488} INFO - Process each file at most once every 30 seconds
[2023-07-05T21:16:48.766+0000] {manager.py:490} INFO - Checking for new files in /opt/airflow/dags every 300 seconds
[2023-07-05T21:16:48.769+0000] {manager.py:758} INFO - Searching for files in /opt/airflow/dags
[2023-07-05T21:16:48.783+0000] {manager.py:761} INFO - There are 46 files in /opt/airflow/dags
[2023-07-05T21:16:48.950+0000] {manager.py:889} INFO - 
================================================================================
DAG File Processing Stats

File Path                                                                                                                           PID  Runtime      # DAGs    # Errors  Last Runtime    Last Run
--------------------------------------------------------------------------------------------------------------------------------  -----  ---------  --------  ----------  --------------  ----------
/home/airflow/.local/lib/python3.7/site-packages/airflow/example_dags/tutorial_taskflow_api_virtualenv.py                            30  0.08s             0           0
/home/airflow/.local/lib/python3.7/site-packages/airflow/example_dags/example_params_trigger_ui.py                                   31  0.07s             0           0
/home/airflow/.local/lib/python3.7/site-packages/airflow/example_dags/example_branch_operator.py                                                           0           0
/home/airflow/.local/lib/python3.7/site-packages/airflow/example_dags/tutorial.py                                                                          0           0
/home/airflow/.local/lib/python3.7/site-packages/airflow/example_dags/example_local_kubernetes_executor.py                                                 0           0
/home/airflow/.local/lib/python3.7/site-packages/airflow/example_dags/example_dynamic_task_mapping.py                                                      0           0
/home/airflow/.local/lib/python3.7/site-packages/airflow/example_dags/example_task_group.py                                                                0           0
/home/airflow/.local/lib/python3.7/site-packages/airflow/example_dags/example_subdag_operator.py                                                           0           0
/home/airflow/.local/lib/python3.7/site-packages/airflow/example_dags/example_short_circuit_decorator.py                                                   0           0
/home/airflow/.local/lib/python3.7/site-packages/airflow/example_dags/tutorial_taskflow_api.py                                                             0           0
/home/airflow/.local/lib/python3.7/site-packages/airflow/example_dags/example_task_group_decorator.py                                                      0           0
/home/airflow/.local/lib/python3.7/site-packages/airflow/example_dags/example_setup_teardown_taskflow.py                                                   0           0
/home/airflow/.local/lib/python3.7/site-packages/airflow/example_dags/example_sensor_decorator.py                                                          0           0
/home/airflow/.local/lib/python3.7/site-packages/airflow/example_dags/example_datasets.py                                                                  0           0
/home/airflow/.local/lib/python3.7/site-packages/airflow/example_dags/example_external_task_marker_dag.py                                                  0           0
/home/airflow/.local/lib/python3.7/site-packages/airflow/example_dags/example_trigger_target_dag.py                                                        0           0
/home/airflow/.local/lib/python3.7/site-packages/airflow/example_dags/example_branch_labels.py                                                             0           0
/home/airflow/.local/lib/python3.7/site-packages/airflow/example_dags/example_latest_only_with_trigger.py                                                  0           0
/home/airflow/.local/lib/python3.7/site-packages/airflow/example_dags/example_trigger_controller_dag.py                                                    0           0
/home/airflow/.local/lib/python3.7/site-packages/airflow/example_dags/tutorial_dag.py                                                                      0           0
/home/airflow/.local/lib/python3.7/site-packages/airflow/example_dags/example_branch_datetime_operator.py                                                  0           0
/home/airflow/.local/lib/python3.7/site-packages/airflow/example_dags/example_python_operator.py                                                           0           0
/home/airflow/.local/lib/python3.7/site-packages/airflow/example_dags/example_bash_operator.py                                                             0           0
/home/airflow/.local/lib/python3.7/site-packages/airflow/example_dags/example_nested_branch_dag.py                                                         0           0
/home/airflow/.local/lib/python3.7/site-packages/airflow/example_dags/example_skip_dag.py                                                                  0           0
/home/airflow/.local/lib/python3.7/site-packages/airflow/example_dags/example_sla_dag.py                                                                   0           0
/home/airflow/.local/lib/python3.7/site-packages/airflow/example_dags/example_short_circuit_operator.py                                                    0           0
/home/airflow/.local/lib/python3.7/site-packages/airflow/example_dags/example_time_delta_sensor_async.py                                                   0           0
/home/airflow/.local/lib/python3.7/site-packages/airflow/example_dags/example_xcom.py                                                                      0           0
/home/airflow/.local/lib/python3.7/site-packages/airflow/example_dags/example_kubernetes_executor.py                                                       0           0
/home/airflow/.local/lib/python3.7/site-packages/airflow/example_dags/example_setup_teardown.py                                                            0           0
/home/airflow/.local/lib/python3.7/site-packages/airflow/example_dags/example_dynamic_task_mapping_with_no_taskflow_operators.py                           0           0
/home/airflow/.local/lib/python3.7/site-packages/airflow/example_dags/example_branch_day_of_week_operator.py                                               0           0
/home/airflow/.local/lib/python3.7/site-packages/airflow/example_dags/example_passing_params_via_test_command.py                                           0           0
/home/airflow/.local/lib/python3.7/site-packages/airflow/example_dags/example_branch_operator_decorator.py                                                 0           0
/home/airflow/.local/lib/python3.7/site-packages/airflow/example_dags/example_branch_python_dop_operator_3.py                                              0           0
/home/airflow/.local/lib/python3.7/site-packages/airflow/example_dags/example_dag_decorator.py                                                             0           0
/home/airflow/.local/lib/python3.7/site-packages/airflow/example_dags/example_complex.py                                                                   0           0
/home/airflow/.local/lib/python3.7/site-packages/airflow/example_dags/example_params_ui_tutorial.py                                                        0           0
/home/airflow/.local/lib/python3.7/site-packages/airflow/example_dags/example_xcomargs.py                                                                  0           0
/home/airflow/.local/lib/python3.7/site-packages/airflow/example_dags/example_latest_only.py                                                               0           0
/home/airflow/.local/lib/python3.7/site-packages/airflow/example_dags/example_sensors.py                                                                   0           0
/home/airflow/.local/lib/python3.7/site-packages/airflow/example_dags/subdags/subdag.py                                                                    0           0
/home/airflow/.local/lib/python3.7/site-packages/airflow/example_dags/plugins/workday.py                                                                   0           0
/home/airflow/.local/lib/python3.7/site-packages/airflow/example_dags/plugins/event_listener.py                                                            0           0
/home/airflow/.local/lib/python3.7/site-packages/airflow/example_dags/plugins/listener_plugin.py                                                           0           0
================================================================================
[2023-07-05T21:17:18.968+0000] {manager.py:889} INFO - 
================================================================================
DAG File Processing Stats

File Path                                                                                                                         PID    Runtime      # DAGs    # Errors  Last Runtime    Last Run
--------------------------------------------------------------------------------------------------------------------------------  -----  ---------  --------  ----------  --------------  -------------------
/home/airflow/.local/lib/python3.7/site-packages/airflow/example_dags/example_setup_teardown_taskflow.py                                                   0           0  0.07s           2023-07-05T21:16:50
/home/airflow/.local/lib/python3.7/site-packages/airflow/example_dags/example_setup_teardown.py                                                            0           0  0.13s           2023-07-05T21:16:52
/home/airflow/.local/lib/python3.7/site-packages/airflow/example_dags/subdags/subdag.py                                                                    0           0  0.08s           2023-07-05T21:16:53
/home/airflow/.local/lib/python3.7/site-packages/airflow/example_dags/plugins/workday.py                                                                   0           0  1.30s           2023-07-05T21:16:54
/home/airflow/.local/lib/python3.7/site-packages/airflow/example_dags/plugins/event_listener.py                                                            0           0  0.13s           2023-07-05T21:16:53
/home/airflow/.local/lib/python3.7/site-packages/airflow/example_dags/plugins/listener_plugin.py                                                           0           0  0.10s           2023-07-05T21:16:53
/home/airflow/.local/lib/python3.7/site-packages/airflow/example_dags/tutorial_taskflow_api_virtualenv.py                                                  1           0  0.24s           2023-07-05T21:16:49
/home/airflow/.local/lib/python3.7/site-packages/airflow/example_dags/example_params_trigger_ui.py                                                         1           0  0.23s           2023-07-05T21:16:49
/home/airflow/.local/lib/python3.7/site-packages/airflow/example_dags/example_branch_operator.py                                                           1           0  0.11s           2023-07-05T21:16:49
/home/airflow/.local/lib/python3.7/site-packages/airflow/example_dags/tutorial.py                                                                          1           0  0.11s           2023-07-05T21:16:49
/home/airflow/.local/lib/python3.7/site-packages/airflow/example_dags/example_local_kubernetes_executor.py                                                 1           0  1.10s           2023-07-05T21:16:50
/home/airflow/.local/lib/python3.7/site-packages/airflow/example_dags/example_dynamic_task_mapping.py                                                      1           0  0.15s           2023-07-05T21:16:49
/home/airflow/.local/lib/python3.7/site-packages/airflow/example_dags/example_task_group.py                                                                1           0  0.14s           2023-07-05T21:16:49
/home/airflow/.local/lib/python3.7/site-packages/airflow/example_dags/example_short_circuit_decorator.py                                                   1           0  0.15s           2023-07-05T21:16:49
/home/airflow/.local/lib/python3.7/site-packages/airflow/example_dags/tutorial_taskflow_api.py                                                             1           0  0.10s           2023-07-05T21:16:50
/home/airflow/.local/lib/python3.7/site-packages/airflow/example_dags/example_task_group_decorator.py                                                      1           0  0.12s           2023-07-05T21:16:50
/home/airflow/.local/lib/python3.7/site-packages/airflow/example_dags/example_sensor_decorator.py                                                          1           0  0.13s           2023-07-05T21:16:50
/home/airflow/.local/lib/python3.7/site-packages/airflow/example_dags/example_trigger_target_dag.py                                                        1           0  0.13s           2023-07-05T21:16:50
/home/airflow/.local/lib/python3.7/site-packages/airflow/example_dags/example_branch_labels.py                                                             1           0  0.12s           2023-07-05T21:16:50
/home/airflow/.local/lib/python3.7/site-packages/airflow/example_dags/example_latest_only_with_trigger.py                                                  1           0  0.11s           2023-07-05T21:16:50
/home/airflow/.local/lib/python3.7/site-packages/airflow/example_dags/example_trigger_controller_dag.py                                                    1           0  0.13s           2023-07-05T21:16:50
/home/airflow/.local/lib/python3.7/site-packages/airflow/example_dags/tutorial_dag.py                                                                      1           0  0.15s           2023-07-05T21:16:50
/home/airflow/.local/lib/python3.7/site-packages/airflow/example_dags/example_python_operator.py                                                           1           0  0.22s           2023-07-05T21:16:51
/home/airflow/.local/lib/python3.7/site-packages/airflow/example_dags/example_bash_operator.py                                                             1           0  0.23s           2023-07-05T21:16:51
/home/airflow/.local/lib/python3.7/site-packages/airflow/example_dags/example_nested_branch_dag.py                                                         1           0  0.20s           2023-07-05T21:16:51
/home/airflow/.local/lib/python3.7/site-packages/airflow/example_dags/example_skip_dag.py                                                                  1           0  0.23s           2023-07-05T21:16:51
/home/airflow/.local/lib/python3.7/site-packages/airflow/example_dags/example_sla_dag.py                                                                   1           0  0.24s           2023-07-05T21:16:51
/home/airflow/.local/lib/python3.7/site-packages/airflow/example_dags/example_short_circuit_operator.py                                                    1           0  0.19s           2023-07-05T21:16:51
/home/airflow/.local/lib/python3.7/site-packages/airflow/example_dags/example_time_delta_sensor_async.py                                                   1           0  0.19s           2023-07-05T21:16:51
/home/airflow/.local/lib/python3.7/site-packages/airflow/example_dags/example_xcom.py                                                                      1           0  0.18s           2023-07-05T21:16:51
/home/airflow/.local/lib/python3.7/site-packages/airflow/example_dags/example_kubernetes_executor.py                                                       1           0  0.51s           2023-07-05T21:16:52
/home/airflow/.local/lib/python3.7/site-packages/airflow/example_dags/example_dynamic_task_mapping_with_no_taskflow_operators.py                           1           0  0.21s           2023-07-05T21:16:52
/home/airflow/.local/lib/python3.7/site-packages/airflow/example_dags/example_branch_day_of_week_operator.py                                               1           0  0.17s           2023-07-05T21:16:52
/home/airflow/.local/lib/python3.7/site-packages/airflow/example_dags/example_passing_params_via_test_command.py                                           1           0  0.20s           2023-07-05T21:16:52
/home/airflow/.local/lib/python3.7/site-packages/airflow/example_dags/example_branch_operator_decorator.py                                                 1           0  0.20s           2023-07-05T21:16:52
/home/airflow/.local/lib/python3.7/site-packages/airflow/example_dags/example_branch_python_dop_operator_3.py                                              1           0  0.20s           2023-07-05T21:16:52
/home/airflow/.local/lib/python3.7/site-packages/airflow/example_dags/example_dag_decorator.py                                                             1           0  0.21s           2023-07-05T21:16:52
/home/airflow/.local/lib/python3.7/site-packages/airflow/example_dags/example_complex.py                                                                   1           0  0.21s           2023-07-05T21:16:53
/home/airflow/.local/lib/python3.7/site-packages/airflow/example_dags/example_params_ui_tutorial.py                                                        1           0  0.23s           2023-07-05T21:16:53
/home/airflow/.local/lib/python3.7/site-packages/airflow/example_dags/example_latest_only.py                                                               1           0  0.16s           2023-07-05T21:16:53
/home/airflow/.local/lib/python3.7/site-packages/airflow/example_dags/example_sensors.py                                                                   1           0  0.17s           2023-07-05T21:16:53
/home/airflow/.local/lib/python3.7/site-packages/airflow/example_dags/example_external_task_marker_dag.py                                                  2           0  0.20s           2023-07-05T21:16:50
/home/airflow/.local/lib/python3.7/site-packages/airflow/example_dags/example_xcomargs.py                                                                  2           0  0.18s           2023-07-05T21:16:53
/home/airflow/.local/lib/python3.7/site-packages/airflow/example_dags/example_subdag_operator.py                                                           3           0  0.17s           2023-07-05T21:16:49
/home/airflow/.local/lib/python3.7/site-packages/airflow/example_dags/example_branch_datetime_operator.py                                                  3           0  0.20s           2023-07-05T21:16:51
/home/airflow/.local/lib/python3.7/site-packages/airflow/example_dags/example_datasets.py                                                                  6           0  0.21s           2023-07-05T21:16:50
================================================================================
[2023-07-05T21:17:49.101+0000] {manager.py:889} INFO - 
================================================================================
DAG File Processing Stats

File Path                                                                                                                         PID    Runtime      # DAGs    # Errors  Last Runtime    Last Run
--------------------------------------------------------------------------------------------------------------------------------  -----  ---------  --------  ----------  --------------  -------------------
/home/airflow/.local/lib/python3.7/site-packages/airflow/example_dags/example_setup_teardown_taskflow.py                                                   0           0  0.05s           2023-07-05T21:17:20
/home/airflow/.local/lib/python3.7/site-packages/airflow/example_dags/example_setup_teardown.py                                                            0           0  0.04s           2023-07-05T21:17:22
/home/airflow/.local/lib/python3.7/site-packages/airflow/example_dags/subdags/subdag.py                                                                    0           0  0.04s           2023-07-05T21:17:24
/home/airflow/.local/lib/python3.7/site-packages/airflow/example_dags/plugins/workday.py                                                                   0           0  0.37s           2023-07-05T21:17:25
/home/airflow/.local/lib/python3.7/site-packages/airflow/example_dags/plugins/event_listener.py                                                            0           0  0.05s           2023-07-05T21:17:24
/home/airflow/.local/lib/python3.7/site-packages/airflow/example_dags/plugins/listener_plugin.py                                                           0           0  0.06s           2023-07-05T21:17:24
/home/airflow/.local/lib/python3.7/site-packages/airflow/example_dags/tutorial_taskflow_api_virtualenv.py                                                  1           0  0.13s           2023-07-05T21:17:20
/home/airflow/.local/lib/python3.7/site-packages/airflow/example_dags/example_params_trigger_ui.py                                                         1           0  0.13s           2023-07-05T21:17:20
/home/airflow/.local/lib/python3.7/site-packages/airflow/example_dags/example_branch_operator.py                                                           1           0  0.10s           2023-07-05T21:17:20
/home/airflow/.local/lib/python3.7/site-packages/airflow/example_dags/tutorial.py                                                                          1           0  0.10s           2023-07-05T21:17:20
/home/airflow/.local/lib/python3.7/site-packages/airflow/example_dags/example_local_kubernetes_executor.py                                                 1           0  0.28s           2023-07-05T21:17:20
/home/airflow/.local/lib/python3.7/site-packages/airflow/example_dags/example_dynamic_task_mapping.py                                                      1           0  0.09s           2023-07-05T21:17:20
/home/airflow/.local/lib/python3.7/site-packages/airflow/example_dags/example_task_group.py                                                                1           0  0.09s           2023-07-05T21:17:20
/home/airflow/.local/lib/python3.7/site-packages/airflow/example_dags/example_short_circuit_decorator.py                                                   1           0  0.09s           2023-07-05T21:17:20
/home/airflow/.local/lib/python3.7/site-packages/airflow/example_dags/tutorial_taskflow_api.py                                                             1           0  0.08s           2023-07-05T21:17:20
/home/airflow/.local/lib/python3.7/site-packages/airflow/example_dags/example_task_group_decorator.py                                                      1           0  0.10s           2023-07-05T21:17:20
/home/airflow/.local/lib/python3.7/site-packages/airflow/example_dags/example_sensor_decorator.py                                                          1           0  0.09s           2023-07-05T21:17:20
/home/airflow/.local/lib/python3.7/site-packages/airflow/example_dags/example_trigger_target_dag.py                                                        1           0  0.12s           2023-07-05T21:17:21
/home/airflow/.local/lib/python3.7/site-packages/airflow/example_dags/example_branch_labels.py                                                             1           0  0.09s           2023-07-05T21:17:21
/home/airflow/.local/lib/python3.7/site-packages/airflow/example_dags/example_latest_only_with_trigger.py                                                  1           0  0.09s           2023-07-05T21:17:21
/home/airflow/.local/lib/python3.7/site-packages/airflow/example_dags/example_trigger_controller_dag.py                                                    1           0  0.09s           2023-07-05T21:17:21
/home/airflow/.local/lib/python3.7/site-packages/airflow/example_dags/tutorial_dag.py                                                                      1           0  0.10s           2023-07-05T21:17:21
/home/airflow/.local/lib/python3.7/site-packages/airflow/example_dags/example_python_operator.py                                                           1           0  0.09s           2023-07-05T21:17:21
/home/airflow/.local/lib/python3.7/site-packages/airflow/example_dags/example_bash_operator.py                                                             1           0  0.12s           2023-07-05T21:17:22
/home/airflow/.local/lib/python3.7/site-packages/airflow/example_dags/example_nested_branch_dag.py                                                         1           0  0.11s           2023-07-05T21:17:22
/home/airflow/.local/lib/python3.7/site-packages/airflow/example_dags/example_skip_dag.py                                                                  1           0  0.08s           2023-07-05T21:17:22
/home/airflow/.local/lib/python3.7/site-packages/airflow/example_dags/example_sla_dag.py                                                                   1           0  0.09s           2023-07-05T21:17:22
/home/airflow/.local/lib/python3.7/site-packages/airflow/example_dags/example_short_circuit_operator.py                                                    1           0  0.08s           2023-07-05T21:17:22
/home/airflow/.local/lib/python3.7/site-packages/airflow/example_dags/example_time_delta_sensor_async.py                                                   1           0  0.08s           2023-07-05T21:17:22
/home/airflow/.local/lib/python3.7/site-packages/airflow/example_dags/example_xcom.py                                                                      1           0  0.08s           2023-07-05T21:17:22
/home/airflow/.local/lib/python3.7/site-packages/airflow/example_dags/example_kubernetes_executor.py                                                       1           0  0.22s           2023-07-05T21:17:22
/home/airflow/.local/lib/python3.7/site-packages/airflow/example_dags/example_dynamic_task_mapping_with_no_taskflow_operators.py                           1           0  0.08s           2023-07-05T21:17:22
/home/airflow/.local/lib/python3.7/site-packages/airflow/example_dags/example_branch_day_of_week_operator.py                                               1           0  0.09s           2023-07-05T21:17:22
/home/airflow/.local/lib/python3.7/site-packages/airflow/example_dags/example_passing_params_via_test_command.py                                           1           0  0.09s           2023-07-05T21:17:22
/home/airflow/.local/lib/python3.7/site-packages/airflow/example_dags/example_branch_operator_decorator.py                                                 1           0  0.09s           2023-07-05T21:17:22
/home/airflow/.local/lib/python3.7/site-packages/airflow/example_dags/example_branch_python_dop_operator_3.py                                              1           0  0.09s           2023-07-05T21:17:23
/home/airflow/.local/lib/python3.7/site-packages/airflow/example_dags/example_dag_decorator.py                                                             1           0  0.10s           2023-07-05T21:17:23
/home/airflow/.local/lib/python3.7/site-packages/airflow/example_dags/example_complex.py                                                                   1           0  0.08s           2023-07-05T21:17:23
/home/airflow/.local/lib/python3.7/site-packages/airflow/example_dags/example_params_ui_tutorial.py                                                        1           0  0.13s           2023-07-05T21:17:24
/home/airflow/.local/lib/python3.7/site-packages/airflow/example_dags/example_latest_only.py                                                               1           0  0.08s           2023-07-05T21:17:24
/home/airflow/.local/lib/python3.7/site-packages/airflow/example_dags/example_sensors.py                                                                   1           0  0.09s           2023-07-05T21:17:24
/home/airflow/.local/lib/python3.7/site-packages/airflow/example_dags/example_external_task_marker_dag.py                                                  2           0  0.15s           2023-07-05T21:17:20
/home/airflow/.local/lib/python3.7/site-packages/airflow/example_dags/example_xcomargs.py                                                                  2           0  0.10s           2023-07-05T21:17:24
/home/airflow/.local/lib/python3.7/site-packages/airflow/example_dags/example_subdag_operator.py                                                           3           0  0.11s           2023-07-05T21:17:20
/home/airflow/.local/lib/python3.7/site-packages/airflow/example_dags/example_branch_datetime_operator.py                                                  3           0  0.11s           2023-07-05T21:17:21
/home/airflow/.local/lib/python3.7/site-packages/airflow/example_dags/example_datasets.py                                                                  6           0  0.14s           2023-07-05T21:17:20
================================================================================
[2023-07-05T21:18:19.376+0000] {manager.py:889} INFO - 
================================================================================
DAG File Processing Stats

File Path                                                                                                                         PID    Runtime      # DAGs    # Errors  Last Runtime    Last Run
--------------------------------------------------------------------------------------------------------------------------------  -----  ---------  --------  ----------  --------------  -------------------
/home/airflow/.local/lib/python3.7/site-packages/airflow/example_dags/example_setup_teardown_taskflow.py                                                   0           0  0.05s           2023-07-05T21:17:51
/home/airflow/.local/lib/python3.7/site-packages/airflow/example_dags/example_setup_teardown.py                                                            0           0  0.06s           2023-07-05T21:17:53
/home/airflow/.local/lib/python3.7/site-packages/airflow/example_dags/subdags/subdag.py                                                                    0           0  0.05s           2023-07-05T21:17:54
/home/airflow/.local/lib/python3.7/site-packages/airflow/example_dags/plugins/workday.py                                                                   0           0  0.39s           2023-07-05T21:17:56
/home/airflow/.local/lib/python3.7/site-packages/airflow/example_dags/plugins/event_listener.py                                                            0           0  0.04s           2023-07-05T21:17:54
/home/airflow/.local/lib/python3.7/site-packages/airflow/example_dags/plugins/listener_plugin.py                                                           0           0  0.04s           2023-07-05T21:17:55
/home/airflow/.local/lib/python3.7/site-packages/airflow/example_dags/tutorial_taskflow_api_virtualenv.py                                                  1           0  0.22s           2023-07-05T21:17:50
/home/airflow/.local/lib/python3.7/site-packages/airflow/example_dags/example_params_trigger_ui.py                                                         1           0  0.23s           2023-07-05T21:17:51
/home/airflow/.local/lib/python3.7/site-packages/airflow/example_dags/example_branch_operator.py                                                           1           0  0.11s           2023-07-05T21:17:51
/home/airflow/.local/lib/python3.7/site-packages/airflow/example_dags/tutorial.py                                                                          1           0  0.10s           2023-07-05T21:17:51
/home/airflow/.local/lib/python3.7/site-packages/airflow/example_dags/example_local_kubernetes_executor.py                                                 1           0  0.42s           2023-07-05T21:17:51
/home/airflow/.local/lib/python3.7/site-packages/airflow/example_dags/example_dynamic_task_mapping.py                                                      1           0  0.23s           2023-07-05T21:17:51
/home/airflow/.local/lib/python3.7/site-packages/airflow/example_dags/example_task_group.py                                                                1           0  0.11s           2023-07-05T21:17:51
/home/airflow/.local/lib/python3.7/site-packages/airflow/example_dags/example_short_circuit_decorator.py                                                   1           0  0.10s           2023-07-05T21:17:51
/home/airflow/.local/lib/python3.7/site-packages/airflow/example_dags/tutorial_taskflow_api.py                                                             1           0  0.09s           2023-07-05T21:17:51
/home/airflow/.local/lib/python3.7/site-packages/airflow/example_dags/example_task_group_decorator.py                                                      1           0  0.10s           2023-07-05T21:17:51
/home/airflow/.local/lib/python3.7/site-packages/airflow/example_dags/example_sensor_decorator.py                                                          1           0  0.09s           2023-07-05T21:17:51
/home/airflow/.local/lib/python3.7/site-packages/airflow/example_dags/example_trigger_target_dag.py                                                        1           0  0.10s           2023-07-05T21:17:52
/home/airflow/.local/lib/python3.7/site-packages/airflow/example_dags/example_branch_labels.py                                                             1           0  0.10s           2023-07-05T21:17:52
/home/airflow/.local/lib/python3.7/site-packages/airflow/example_dags/example_latest_only_with_trigger.py                                                  1           0  0.10s           2023-07-05T21:17:52
/home/airflow/.local/lib/python3.7/site-packages/airflow/example_dags/example_trigger_controller_dag.py                                                    1           0  0.10s           2023-07-05T21:17:52
/home/airflow/.local/lib/python3.7/site-packages/airflow/example_dags/tutorial_dag.py                                                                      1           0  0.10s           2023-07-05T21:17:52
/home/airflow/.local/lib/python3.7/site-packages/airflow/example_dags/example_python_operator.py                                                           1           0  0.16s           2023-07-05T21:17:52
/home/airflow/.local/lib/python3.7/site-packages/airflow/example_dags/example_bash_operator.py                                                             1           0  0.12s           2023-07-05T21:17:52
/home/airflow/.local/lib/python3.7/site-packages/airflow/example_dags/example_nested_branch_dag.py                                                         1           0  0.10s           2023-07-05T21:17:52
/home/airflow/.local/lib/python3.7/site-packages/airflow/example_dags/example_skip_dag.py                                                                  1           0  0.08s           2023-07-05T21:17:52
/home/airflow/.local/lib/python3.7/site-packages/airflow/example_dags/example_sla_dag.py                                                                   1           0  0.14s           2023-07-05T21:17:52
/home/airflow/.local/lib/python3.7/site-packages/airflow/example_dags/example_short_circuit_operator.py                                                    1           0  0.17s           2023-07-05T21:17:52
/home/airflow/.local/lib/python3.7/site-packages/airflow/example_dags/example_time_delta_sensor_async.py                                                   1           0  0.15s           2023-07-05T21:17:52
/home/airflow/.local/lib/python3.7/site-packages/airflow/example_dags/example_xcom.py                                                                      1           0  0.12s           2023-07-05T21:17:52
/home/airflow/.local/lib/python3.7/site-packages/airflow/example_dags/example_kubernetes_executor.py                                                       1           0  0.28s           2023-07-05T21:17:53
/home/airflow/.local/lib/python3.7/site-packages/airflow/example_dags/example_dynamic_task_mapping_with_no_taskflow_operators.py                           1           0  0.11s           2023-07-05T21:17:53
/home/airflow/.local/lib/python3.7/site-packages/airflow/example_dags/example_branch_day_of_week_operator.py                                               1           0  0.11s           2023-07-05T21:17:53
/home/airflow/.local/lib/python3.7/site-packages/airflow/example_dags/example_passing_params_via_test_command.py                                           1           0  0.13s           2023-07-05T21:17:53
/home/airflow/.local/lib/python3.7/site-packages/airflow/example_dags/example_branch_operator_decorator.py                                                 1           0  0.14s           2023-07-05T21:17:53
/home/airflow/.local/lib/python3.7/site-packages/airflow/example_dags/example_branch_python_dop_operator_3.py                                              1           0  0.12s           2023-07-05T21:17:53
/home/airflow/.local/lib/python3.7/site-packages/airflow/example_dags/example_dag_decorator.py                                                             1           0  0.18s           2023-07-05T21:17:53
/home/airflow/.local/lib/python3.7/site-packages/airflow/example_dags/example_complex.py                                                                   1           0  0.12s           2023-07-05T21:17:53
/home/airflow/.local/lib/python3.7/site-packages/airflow/example_dags/example_params_ui_tutorial.py                                                        1           0  0.20s           2023-07-05T21:17:54
/home/airflow/.local/lib/python3.7/site-packages/airflow/example_dags/example_latest_only.py                                                               1           0  0.10s           2023-07-05T21:17:54
/home/airflow/.local/lib/python3.7/site-packages/airflow/example_dags/example_sensors.py                                                                   1           0  0.10s           2023-07-05T21:17:54
/home/airflow/.local/lib/python3.7/site-packages/airflow/example_dags/example_external_task_marker_dag.py                                                  2           0  0.15s           2023-07-05T21:17:51
/home/airflow/.local/lib/python3.7/site-packages/airflow/example_dags/example_xcomargs.py                                                                  2           0  0.15s           2023-07-05T21:17:54
/home/airflow/.local/lib/python3.7/site-packages/airflow/example_dags/example_subdag_operator.py                                                           3           0  0.12s           2023-07-05T21:17:51
/home/airflow/.local/lib/python3.7/site-packages/airflow/example_dags/example_branch_datetime_operator.py                                                  3           0  0.12s           2023-07-05T21:17:52
/home/airflow/.local/lib/python3.7/site-packages/airflow/example_dags/example_datasets.py                                                                  6           0  0.27s           2023-07-05T21:17:52
================================================================================
[2023-07-05T21:18:31.639+0000] {manager.py:470} INFO - Exiting gracefully upon receiving signal 15
[2023-07-05T21:25:41.283+0000] {manager.py:487} INFO - Processing files using up to 2 processes at a time 
[2023-07-05T21:25:41.285+0000] {manager.py:488} INFO - Process each file at most once every 30 seconds
[2023-07-05T21:25:41.288+0000] {manager.py:490} INFO - Checking for new files in /opt/airflow/dags every 300 seconds
[2023-07-05T21:25:41.291+0000] {manager.py:758} INFO - Searching for files in /opt/airflow/dags
[2023-07-05T21:25:41.304+0000] {manager.py:761} INFO - There are 46 files in /opt/airflow/dags
[2023-07-05T21:25:41.444+0000] {manager.py:889} INFO - 
================================================================================
DAG File Processing Stats

File Path                                                                                                                           PID  Runtime      # DAGs    # Errors  Last Runtime    Last Run
--------------------------------------------------------------------------------------------------------------------------------  -----  ---------  --------  ----------  --------------  ----------
/home/airflow/.local/lib/python3.7/site-packages/airflow/example_dags/tutorial_taskflow_api_virtualenv.py                            33  0.07s             0           0
/home/airflow/.local/lib/python3.7/site-packages/airflow/example_dags/example_params_trigger_ui.py                                   34  0.07s             0           0
/home/airflow/.local/lib/python3.7/site-packages/airflow/example_dags/example_branch_operator.py                                                           0           0
/home/airflow/.local/lib/python3.7/site-packages/airflow/example_dags/tutorial.py                                                                          0           0
/home/airflow/.local/lib/python3.7/site-packages/airflow/example_dags/example_local_kubernetes_executor.py                                                 0           0
/home/airflow/.local/lib/python3.7/site-packages/airflow/example_dags/example_dynamic_task_mapping.py                                                      0           0
/home/airflow/.local/lib/python3.7/site-packages/airflow/example_dags/example_task_group.py                                                                0           0
/home/airflow/.local/lib/python3.7/site-packages/airflow/example_dags/example_subdag_operator.py                                                           0           0
/home/airflow/.local/lib/python3.7/site-packages/airflow/example_dags/example_short_circuit_decorator.py                                                   0           0
/home/airflow/.local/lib/python3.7/site-packages/airflow/example_dags/tutorial_taskflow_api.py                                                             0           0
/home/airflow/.local/lib/python3.7/site-packages/airflow/example_dags/example_task_group_decorator.py                                                      0           0
/home/airflow/.local/lib/python3.7/site-packages/airflow/example_dags/example_setup_teardown_taskflow.py                                                   0           0
/home/airflow/.local/lib/python3.7/site-packages/airflow/example_dags/example_sensor_decorator.py                                                          0           0
/home/airflow/.local/lib/python3.7/site-packages/airflow/example_dags/example_datasets.py                                                                  0           0
/home/airflow/.local/lib/python3.7/site-packages/airflow/example_dags/example_external_task_marker_dag.py                                                  0           0
/home/airflow/.local/lib/python3.7/site-packages/airflow/example_dags/example_trigger_target_dag.py                                                        0           0
/home/airflow/.local/lib/python3.7/site-packages/airflow/example_dags/example_branch_labels.py                                                             0           0
/home/airflow/.local/lib/python3.7/site-packages/airflow/example_dags/example_latest_only_with_trigger.py                                                  0           0
/home/airflow/.local/lib/python3.7/site-packages/airflow/example_dags/example_trigger_controller_dag.py                                                    0           0
/home/airflow/.local/lib/python3.7/site-packages/airflow/example_dags/tutorial_dag.py                                                                      0           0
/home/airflow/.local/lib/python3.7/site-packages/airflow/example_dags/example_branch_datetime_operator.py                                                  0           0
/home/airflow/.local/lib/python3.7/site-packages/airflow/example_dags/example_python_operator.py                                                           0           0
/home/airflow/.local/lib/python3.7/site-packages/airflow/example_dags/example_bash_operator.py                                                             0           0
/home/airflow/.local/lib/python3.7/site-packages/airflow/example_dags/example_nested_branch_dag.py                                                         0           0
/home/airflow/.local/lib/python3.7/site-packages/airflow/example_dags/example_skip_dag.py                                                                  0           0
/home/airflow/.local/lib/python3.7/site-packages/airflow/example_dags/example_sla_dag.py                                                                   0           0
/home/airflow/.local/lib/python3.7/site-packages/airflow/example_dags/example_short_circuit_operator.py                                                    0           0
/home/airflow/.local/lib/python3.7/site-packages/airflow/example_dags/example_time_delta_sensor_async.py                                                   0           0
/home/airflow/.local/lib/python3.7/site-packages/airflow/example_dags/example_xcom.py                                                                      0           0
/home/airflow/.local/lib/python3.7/site-packages/airflow/example_dags/example_kubernetes_executor.py                                                       0           0
/home/airflow/.local/lib/python3.7/site-packages/airflow/example_dags/example_setup_teardown.py                                                            0           0
/home/airflow/.local/lib/python3.7/site-packages/airflow/example_dags/example_dynamic_task_mapping_with_no_taskflow_operators.py                           0           0
/home/airflow/.local/lib/python3.7/site-packages/airflow/example_dags/example_branch_day_of_week_operator.py                                               0           0
/home/airflow/.local/lib/python3.7/site-packages/airflow/example_dags/example_passing_params_via_test_command.py                                           0           0
/home/airflow/.local/lib/python3.7/site-packages/airflow/example_dags/example_branch_operator_decorator.py                                                 0           0
/home/airflow/.local/lib/python3.7/site-packages/airflow/example_dags/example_branch_python_dop_operator_3.py                                              0           0
/home/airflow/.local/lib/python3.7/site-packages/airflow/example_dags/example_dag_decorator.py                                                             0           0
/home/airflow/.local/lib/python3.7/site-packages/airflow/example_dags/example_complex.py                                                                   0           0
/home/airflow/.local/lib/python3.7/site-packages/airflow/example_dags/example_params_ui_tutorial.py                                                        0           0
/home/airflow/.local/lib/python3.7/site-packages/airflow/example_dags/example_xcomargs.py                                                                  0           0
/home/airflow/.local/lib/python3.7/site-packages/airflow/example_dags/example_latest_only.py                                                               0           0
/home/airflow/.local/lib/python3.7/site-packages/airflow/example_dags/example_sensors.py                                                                   0           0
/home/airflow/.local/lib/python3.7/site-packages/airflow/example_dags/subdags/subdag.py                                                                    0           0
/home/airflow/.local/lib/python3.7/site-packages/airflow/example_dags/plugins/workday.py                                                                   0           0
/home/airflow/.local/lib/python3.7/site-packages/airflow/example_dags/plugins/event_listener.py                                                            0           0
/home/airflow/.local/lib/python3.7/site-packages/airflow/example_dags/plugins/listener_plugin.py                                                           0           0
================================================================================
[2023-07-05T21:26:12.377+0000] {manager.py:889} INFO - 
================================================================================
DAG File Processing Stats

File Path                                                                                                                           PID  Runtime      # DAGs    # Errors  Last Runtime    Last Run
--------------------------------------------------------------------------------------------------------------------------------  -----  ---------  --------  ----------  --------------  -------------------
/home/airflow/.local/lib/python3.7/site-packages/airflow/example_dags/example_setup_teardown_taskflow.py                                                   0           0  0.08s           2023-07-05T21:25:42
/home/airflow/.local/lib/python3.7/site-packages/airflow/example_dags/example_setup_teardown.py                                                            0           0  0.08s           2023-07-05T21:25:44
/home/airflow/.local/lib/python3.7/site-packages/airflow/example_dags/subdags/subdag.py                                                                    0           0  0.10s           2023-07-05T21:25:45
/home/airflow/.local/lib/python3.7/site-packages/airflow/example_dags/plugins/workday.py                                                                   0           0  1.33s           2023-07-05T21:25:47
/home/airflow/.local/lib/python3.7/site-packages/airflow/example_dags/plugins/event_listener.py                                                            0           0  0.10s           2023-07-05T21:25:45
/home/airflow/.local/lib/python3.7/site-packages/airflow/example_dags/plugins/listener_plugin.py                                                           0           0  0.10s           2023-07-05T21:25:45
/home/airflow/.local/lib/python3.7/site-packages/airflow/example_dags/tutorial_taskflow_api_virtualenv.py                            91  0.03s             1           0  0.21s           2023-07-05T21:25:41
/home/airflow/.local/lib/python3.7/site-packages/airflow/example_dags/example_params_trigger_ui.py                                   92  0.01s             1           0  0.22s           2023-07-05T21:25:41
/home/airflow/.local/lib/python3.7/site-packages/airflow/example_dags/example_branch_operator.py                                                           1           0  0.12s           2023-07-05T21:25:41
/home/airflow/.local/lib/python3.7/site-packages/airflow/example_dags/tutorial.py                                                                          1           0  0.11s           2023-07-05T21:25:41
/home/airflow/.local/lib/python3.7/site-packages/airflow/example_dags/example_local_kubernetes_executor.py                                                 1           0  1.03s           2023-07-05T21:25:42
/home/airflow/.local/lib/python3.7/site-packages/airflow/example_dags/example_dynamic_task_mapping.py                                                      1           0  0.11s           2023-07-05T21:25:41
/home/airflow/.local/lib/python3.7/site-packages/airflow/example_dags/example_task_group.py                                                                1           0  0.11s           2023-07-05T21:25:41
/home/airflow/.local/lib/python3.7/site-packages/airflow/example_dags/example_short_circuit_decorator.py                                                   1           0  0.12s           2023-07-05T21:25:42
/home/airflow/.local/lib/python3.7/site-packages/airflow/example_dags/tutorial_taskflow_api.py                                                             1           0  0.13s           2023-07-05T21:25:42
/home/airflow/.local/lib/python3.7/site-packages/airflow/example_dags/example_task_group_decorator.py                                                      1           0  0.12s           2023-07-05T21:25:42
/home/airflow/.local/lib/python3.7/site-packages/airflow/example_dags/example_sensor_decorator.py                                                          1           0  0.11s           2023-07-05T21:25:42
/home/airflow/.local/lib/python3.7/site-packages/airflow/example_dags/example_trigger_target_dag.py                                                        1           0  0.10s           2023-07-05T21:25:42
/home/airflow/.local/lib/python3.7/site-packages/airflow/example_dags/example_branch_labels.py                                                             1           0  0.12s           2023-07-05T21:25:42
/home/airflow/.local/lib/python3.7/site-packages/airflow/example_dags/example_latest_only_with_trigger.py                                                  1           0  0.12s           2023-07-05T21:25:43
/home/airflow/.local/lib/python3.7/site-packages/airflow/example_dags/example_trigger_controller_dag.py                                                    1           0  0.10s           2023-07-05T21:25:43
/home/airflow/.local/lib/python3.7/site-packages/airflow/example_dags/tutorial_dag.py                                                                      1           0  0.13s           2023-07-05T21:25:43
/home/airflow/.local/lib/python3.7/site-packages/airflow/example_dags/example_python_operator.py                                                           1           0  0.15s           2023-07-05T21:25:43
/home/airflow/.local/lib/python3.7/site-packages/airflow/example_dags/example_bash_operator.py                                                             1           0  0.14s           2023-07-05T21:25:43
/home/airflow/.local/lib/python3.7/site-packages/airflow/example_dags/example_nested_branch_dag.py                                                         1           0  0.15s           2023-07-05T21:25:43
/home/airflow/.local/lib/python3.7/site-packages/airflow/example_dags/example_skip_dag.py                                                                  1           0  0.19s           2023-07-05T21:25:43
/home/airflow/.local/lib/python3.7/site-packages/airflow/example_dags/example_sla_dag.py                                                                   1           0  0.22s           2023-07-05T21:25:43
/home/airflow/.local/lib/python3.7/site-packages/airflow/example_dags/example_short_circuit_operator.py                                                    1           0  0.21s           2023-07-05T21:25:43
/home/airflow/.local/lib/python3.7/site-packages/airflow/example_dags/example_time_delta_sensor_async.py                                                   1           0  0.20s           2023-07-05T21:25:43
/home/airflow/.local/lib/python3.7/site-packages/airflow/example_dags/example_xcom.py                                                                      1           0  0.17s           2023-07-05T21:25:44
/home/airflow/.local/lib/python3.7/site-packages/airflow/example_dags/example_kubernetes_executor.py                                                       1           0  0.63s           2023-07-05T21:25:44
/home/airflow/.local/lib/python3.7/site-packages/airflow/example_dags/example_dynamic_task_mapping_with_no_taskflow_operators.py                           1           0  0.20s           2023-07-05T21:25:44
/home/airflow/.local/lib/python3.7/site-packages/airflow/example_dags/example_branch_day_of_week_operator.py                                               1           0  0.30s           2023-07-05T21:25:44
/home/airflow/.local/lib/python3.7/site-packages/airflow/example_dags/example_passing_params_via_test_command.py                                           1           0  0.16s           2023-07-05T21:25:44
/home/airflow/.local/lib/python3.7/site-packages/airflow/example_dags/example_branch_operator_decorator.py                                                 1           0  0.18s           2023-07-05T21:25:44
/home/airflow/.local/lib/python3.7/site-packages/airflow/example_dags/example_branch_python_dop_operator_3.py                                              1           0  0.28s           2023-07-05T21:25:45
/home/airflow/.local/lib/python3.7/site-packages/airflow/example_dags/example_dag_decorator.py                                                             1           0  0.28s           2023-07-05T21:25:45
/home/airflow/.local/lib/python3.7/site-packages/airflow/example_dags/example_complex.py                                                                   1           0  0.17s           2023-07-05T21:25:45
/home/airflow/.local/lib/python3.7/site-packages/airflow/example_dags/example_params_ui_tutorial.py                                                        1           0  0.24s           2023-07-05T21:25:45
/home/airflow/.local/lib/python3.7/site-packages/airflow/example_dags/example_latest_only.py                                                               1           0  0.22s           2023-07-05T21:25:45
/home/airflow/.local/lib/python3.7/site-packages/airflow/example_dags/example_sensors.py                                                                   1           0  0.19s           2023-07-05T21:25:45
/home/airflow/.local/lib/python3.7/site-packages/airflow/example_dags/example_external_task_marker_dag.py                                                  2           0  0.10s           2023-07-05T21:25:42
/home/airflow/.local/lib/python3.7/site-packages/airflow/example_dags/example_xcomargs.py                                                                  2           0  0.19s           2023-07-05T21:25:45
/home/airflow/.local/lib/python3.7/site-packages/airflow/example_dags/example_subdag_operator.py                                                           3           0  0.17s           2023-07-05T21:25:42
/home/airflow/.local/lib/python3.7/site-packages/airflow/example_dags/example_branch_datetime_operator.py                                                  3           0  0.18s           2023-07-05T21:25:43
/home/airflow/.local/lib/python3.7/site-packages/airflow/example_dags/example_datasets.py                                                                  6           0  0.15s           2023-07-05T21:25:42
================================================================================
[2023-07-05T21:26:42.526+0000] {manager.py:889} INFO - 
================================================================================
DAG File Processing Stats

File Path                                                                                                                         PID    Runtime      # DAGs    # Errors  Last Runtime    Last Run
--------------------------------------------------------------------------------------------------------------------------------  -----  ---------  --------  ----------  --------------  -------------------
/home/airflow/.local/lib/python3.7/site-packages/airflow/example_dags/example_setup_teardown_taskflow.py                                                   0           0  0.10s           2023-07-05T21:26:13
/home/airflow/.local/lib/python3.7/site-packages/airflow/example_dags/example_setup_teardown.py                                                            0           0  0.05s           2023-07-05T21:26:14
/home/airflow/.local/lib/python3.7/site-packages/airflow/example_dags/subdags/subdag.py                                                                    0           0  0.05s           2023-07-05T21:26:16
/home/airflow/.local/lib/python3.7/site-packages/airflow/example_dags/plugins/workday.py                                                                   0           0  0.42s           2023-07-05T21:26:18
/home/airflow/.local/lib/python3.7/site-packages/airflow/example_dags/plugins/event_listener.py                                                            0           0  0.05s           2023-07-05T21:26:16
/home/airflow/.local/lib/python3.7/site-packages/airflow/example_dags/plugins/listener_plugin.py                                                           0           0  0.05s           2023-07-05T21:26:16
/home/airflow/.local/lib/python3.7/site-packages/airflow/example_dags/tutorial_taskflow_api_virtualenv.py                                                  1           0  0.22s           2023-07-05T21:26:12
/home/airflow/.local/lib/python3.7/site-packages/airflow/example_dags/example_params_trigger_ui.py                                                         1           0  0.25s           2023-07-05T21:26:12
/home/airflow/.local/lib/python3.7/site-packages/airflow/example_dags/example_branch_operator.py                                                           1           0  0.14s           2023-07-05T21:26:12
/home/airflow/.local/lib/python3.7/site-packages/airflow/example_dags/tutorial.py                                                                          1           0  0.13s           2023-07-05T21:26:12
/home/airflow/.local/lib/python3.7/site-packages/airflow/example_dags/example_local_kubernetes_executor.py                                                 1           0  0.41s           2023-07-05T21:26:13
/home/airflow/.local/lib/python3.7/site-packages/airflow/example_dags/example_dynamic_task_mapping.py                                                      1           0  0.11s           2023-07-05T21:26:12
/home/airflow/.local/lib/python3.7/site-packages/airflow/example_dags/example_task_group.py                                                                1           0  0.13s           2023-07-05T21:26:12
/home/airflow/.local/lib/python3.7/site-packages/airflow/example_dags/example_short_circuit_decorator.py                                                   1           0  0.12s           2023-07-05T21:26:12
/home/airflow/.local/lib/python3.7/site-packages/airflow/example_dags/tutorial_taskflow_api.py                                                             1           0  0.10s           2023-07-05T21:26:13
/home/airflow/.local/lib/python3.7/site-packages/airflow/example_dags/example_task_group_decorator.py                                                      1           0  0.13s           2023-07-05T21:26:13
/home/airflow/.local/lib/python3.7/site-packages/airflow/example_dags/example_sensor_decorator.py                                                          1           0  0.10s           2023-07-05T21:26:13
/home/airflow/.local/lib/python3.7/site-packages/airflow/example_dags/example_trigger_target_dag.py                                                        1           0  0.10s           2023-07-05T21:26:13
/home/airflow/.local/lib/python3.7/site-packages/airflow/example_dags/example_branch_labels.py                                                             1           0  0.11s           2023-07-05T21:26:13
/home/airflow/.local/lib/python3.7/site-packages/airflow/example_dags/example_latest_only_with_trigger.py                                                  1           0  0.10s           2023-07-05T21:26:13
/home/airflow/.local/lib/python3.7/site-packages/airflow/example_dags/example_trigger_controller_dag.py                                                    1           0  0.09s           2023-07-05T21:26:13
/home/airflow/.local/lib/python3.7/site-packages/airflow/example_dags/tutorial_dag.py                                                                      1           0  0.09s           2023-07-05T21:26:13
/home/airflow/.local/lib/python3.7/site-packages/airflow/example_dags/example_python_operator.py                                                           1           0  0.23s           2023-07-05T21:26:14
/home/airflow/.local/lib/python3.7/site-packages/airflow/example_dags/example_bash_operator.py                                                             1           0  0.11s           2023-07-05T21:26:14
/home/airflow/.local/lib/python3.7/site-packages/airflow/example_dags/example_nested_branch_dag.py                                                         1           0  0.16s           2023-07-05T21:26:14
/home/airflow/.local/lib/python3.7/site-packages/airflow/example_dags/example_skip_dag.py                                                                  1           0  0.17s           2023-07-05T21:26:14
/home/airflow/.local/lib/python3.7/site-packages/airflow/example_dags/example_sla_dag.py                                                                   1           0  0.13s           2023-07-05T21:26:14
/home/airflow/.local/lib/python3.7/site-packages/airflow/example_dags/example_short_circuit_operator.py                                                    1           0  0.15s           2023-07-05T21:26:14
/home/airflow/.local/lib/python3.7/site-packages/airflow/example_dags/example_time_delta_sensor_async.py                                                   1           0  0.15s           2023-07-05T21:26:14
/home/airflow/.local/lib/python3.7/site-packages/airflow/example_dags/example_xcom.py                                                                      1           0  0.11s           2023-07-05T21:26:14
/home/airflow/.local/lib/python3.7/site-packages/airflow/example_dags/example_kubernetes_executor.py                                                       1           0  0.29s           2023-07-05T21:26:15
/home/airflow/.local/lib/python3.7/site-packages/airflow/example_dags/example_dynamic_task_mapping_with_no_taskflow_operators.py                           1           0  0.11s           2023-07-05T21:26:14
/home/airflow/.local/lib/python3.7/site-packages/airflow/example_dags/example_branch_day_of_week_operator.py                                               1           0  0.10s           2023-07-05T21:26:14
/home/airflow/.local/lib/python3.7/site-packages/airflow/example_dags/example_passing_params_via_test_command.py                                           1           0  0.16s           2023-07-05T21:26:15
/home/airflow/.local/lib/python3.7/site-packages/airflow/example_dags/example_branch_operator_decorator.py                                                 1           0  0.12s           2023-07-05T21:26:15
/home/airflow/.local/lib/python3.7/site-packages/airflow/example_dags/example_branch_python_dop_operator_3.py                                              1           0  0.12s           2023-07-05T21:26:15
/home/airflow/.local/lib/python3.7/site-packages/airflow/example_dags/example_dag_decorator.py                                                             1           0  0.23s           2023-07-05T21:26:15
/home/airflow/.local/lib/python3.7/site-packages/airflow/example_dags/example_complex.py                                                                   1           0  0.14s           2023-07-05T21:26:15
/home/airflow/.local/lib/python3.7/site-packages/airflow/example_dags/example_params_ui_tutorial.py                                                        1           0  0.17s           2023-07-05T21:26:15
/home/airflow/.local/lib/python3.7/site-packages/airflow/example_dags/example_latest_only.py                                                               1           0  0.15s           2023-07-05T21:26:16
/home/airflow/.local/lib/python3.7/site-packages/airflow/example_dags/example_sensors.py                                                                   1           0  0.14s           2023-07-05T21:26:16
/home/airflow/.local/lib/python3.7/site-packages/airflow/example_dags/example_external_task_marker_dag.py                                                  2           0  0.12s           2023-07-05T21:26:13
/home/airflow/.local/lib/python3.7/site-packages/airflow/example_dags/example_xcomargs.py                                                                  2           0  0.12s           2023-07-05T21:26:15
/home/airflow/.local/lib/python3.7/site-packages/airflow/example_dags/example_subdag_operator.py                                                           3           0  0.15s           2023-07-05T21:26:12
/home/airflow/.local/lib/python3.7/site-packages/airflow/example_dags/example_branch_datetime_operator.py                                                  3           0  0.16s           2023-07-05T21:26:14
/home/airflow/.local/lib/python3.7/site-packages/airflow/example_dags/example_datasets.py                                                                  6           0  0.34s           2023-07-05T21:26:13
================================================================================
